Traceback (most recent call last):
  File "/home/zcipcnjx/public_html/proyectos_muhia/passenger_wsgi.py", line 9, in <module>
    from wsgi import app
  File "/home/zcipcnjx/public_html/proyectos_muhia/wsgi.py", line 16, in <module>
    app = get_wsgi_application()
          ^^^^^^^^^^^^^^^^^^^^^^
  File "/home/zcipcnjx/virtualenv/public_html/proyectos_muhia/3.11/lib/python3.11/site-packages/django/core/wsgi.py", line 12, in get_wsgi_application
    django.setup(set_prefix=False)
  File "/home/zcipcnjx/virtualenv/public_html/proyectos_muhia/3.11/lib/python3.11/site-packages/django/__init__.py", line 19, in setup
    configure_logging(settings.LOGGING_CONFIG, settings.LOGGING)
                      ^^^^^^^^^^^^^^^^^^^^^^^
  File "/home/zcipcnjx/virtualenv/public_html/proyectos_muhia/3.11/lib/python3.11/site-packages/django/conf/__init__.py", line 102, in __getattr__
    self._setup(name)
  File "/home/zcipcnjx/virtualenv/public_html/proyectos_muhia/3.11/lib/python3.11/site-packages/django/conf/__init__.py", line 89, in _setup
    self._wrapped = Settings(settings_module)
                    ^^^^^^^^^^^^^^^^^^^^^^^^^
  File "/home/zcipcnjx/virtualenv/public_html/proyectos_muhia/3.11/lib/python3.11/site-packages/django/conf/__init__.py", line 217, in __init__
    mod = importlib.import_module(self.SETTINGS_MODULE)
          ^^^^^^^^^^^^^^^^^^^^^^^^^^^^^^^^^^^^^^^^^^^^^
  File "/opt/alt/python311/lib64/python3.11/importlib/__init__.py", line 126, in import_module
    return _bootstrap._gcd_import(name[level:], package, level)
           ^^^^^^^^^^^^^^^^^^^^^^^^^^^^^^^^^^^^^^^^^^^^^^^^^^^^
ModuleNotFoundError: No module named 'portal_empresarial.settings'
Traceback (most recent call last):
  File "/home/zcipcnjx/public_html/proyectos_muhia/passenger_wsgi.py", line 9, in <module>
    from wsgi import app
  File "/home/zcipcnjx/public_html/proyectos_muhia/wsgi.py", line 16, in <module>
    app = get_wsgi_application()
          ^^^^^^^^^^^^^^^^^^^^^^
  File "/home/zcipcnjx/virtualenv/public_html/proyectos_muhia/3.11/lib/python3.11/site-packages/django/core/wsgi.py", line 12, in get_wsgi_application
    django.setup(set_prefix=False)
  File "/home/zcipcnjx/virtualenv/public_html/proyectos_muhia/3.11/lib/python3.11/site-packages/django/__init__.py", line 19, in setup
    configure_logging(settings.LOGGING_CONFIG, settings.LOGGING)
                      ^^^^^^^^^^^^^^^^^^^^^^^
  File "/home/zcipcnjx/virtualenv/public_html/proyectos_muhia/3.11/lib/python3.11/site-packages/django/conf/__init__.py", line 102, in __getattr__
    self._setup(name)
  File "/home/zcipcnjx/virtualenv/public_html/proyectos_muhia/3.11/lib/python3.11/site-packages/django/conf/__init__.py", line 89, in _setup
    self._wrapped = Settings(settings_module)
                    ^^^^^^^^^^^^^^^^^^^^^^^^^
  File "/home/zcipcnjx/virtualenv/public_html/proyectos_muhia/3.11/lib/python3.11/site-packages/django/conf/__init__.py", line 217, in __init__
    mod = importlib.import_module(self.SETTINGS_MODULE)
          ^^^^^^^^^^^^^^^^^^^^^^^^^^^^^^^^^^^^^^^^^^^^^
  File "/opt/alt/python311/lib64/python3.11/importlib/__init__.py", line 126, in import_module
    return _bootstrap._gcd_import(name[level:], package, level)
           ^^^^^^^^^^^^^^^^^^^^^^^^^^^^^^^^^^^^^^^^^^^^^^^^^^^^
ModuleNotFoundError: No module named 'portal_empresarial.settings'
[UID:2351][276483] Child process with pid: 276511 was killed by signal: 15, core dumped: no
Traceback (most recent call last):
  File "/home/zcipcnjx/public_html/proyectos_muhia/passenger_wsgi.py", line 9, in <module>
    from wsgi import app
  File "/home/zcipcnjx/public_html/proyectos_muhia/wsgi.py", line 16, in <module>
    app = get_wsgi_application()
          ^^^^^^^^^^^^^^^^^^^^^^
  File "/home/zcipcnjx/virtualenv/public_html/proyectos_muhia/3.11/lib/python3.11/site-packages/django/core/wsgi.py", line 12, in get_wsgi_application
    django.setup(set_prefix=False)
  File "/home/zcipcnjx/virtualenv/public_html/proyectos_muhia/3.11/lib/python3.11/site-packages/django/__init__.py", line 19, in setup
    configure_logging(settings.LOGGING_CONFIG, settings.LOGGING)
                      ^^^^^^^^^^^^^^^^^^^^^^^
  File "/home/zcipcnjx/virtualenv/public_html/proyectos_muhia/3.11/lib/python3.11/site-packages/django/conf/__init__.py", line 102, in __getattr__
    self._setup(name)
  File "/home/zcipcnjx/virtualenv/public_html/proyectos_muhia/3.11/lib/python3.11/site-packages/django/conf/__init__.py", line 89, in _setup
    self._wrapped = Settings(settings_module)
                    ^^^^^^^^^^^^^^^^^^^^^^^^^
  File "/home/zcipcnjx/virtualenv/public_html/proyectos_muhia/3.11/lib/python3.11/site-packages/django/conf/__init__.py", line 217, in __init__
    mod = importlib.import_module(self.SETTINGS_MODULE)
          ^^^^^^^^^^^^^^^^^^^^^^^^^^^^^^^^^^^^^^^^^^^^^
  File "/opt/alt/python311/lib64/python3.11/importlib/__init__.py", line 126, in import_module
    return _bootstrap._gcd_import(name[level:], package, level)
           ^^^^^^^^^^^^^^^^^^^^^^^^^^^^^^^^^^^^^^^^^^^^^^^^^^^^
ModuleNotFoundError: No module named 'portal_empresarial.settings'
[UID:2351][276483] Child process with pid: 277022 was killed by signal: 15, core dumped: no
Traceback (most recent call last):
  File "/home/zcipcnjx/public_html/proyectos_muhia/passenger_wsgi.py", line 9, in <module>
    from wsgi import app
  File "/home/zcipcnjx/public_html/proyectos_muhia/wsgi.py", line 16, in <module>
    app = get_wsgi_application()
          ^^^^^^^^^^^^^^^^^^^^^^
  File "/home/zcipcnjx/virtualenv/public_html/proyectos_muhia/3.11/lib/python3.11/site-packages/django/core/wsgi.py", line 12, in get_wsgi_application
    django.setup(set_prefix=False)
  File "/home/zcipcnjx/virtualenv/public_html/proyectos_muhia/3.11/lib/python3.11/site-packages/django/__init__.py", line 19, in setup
    configure_logging(settings.LOGGING_CONFIG, settings.LOGGING)
                      ^^^^^^^^^^^^^^^^^^^^^^^
  File "/home/zcipcnjx/virtualenv/public_html/proyectos_muhia/3.11/lib/python3.11/site-packages/django/conf/__init__.py", line 102, in __getattr__
    self._setup(name)
  File "/home/zcipcnjx/virtualenv/public_html/proyectos_muhia/3.11/lib/python3.11/site-packages/django/conf/__init__.py", line 89, in _setup
    self._wrapped = Settings(settings_module)
                    ^^^^^^^^^^^^^^^^^^^^^^^^^
  File "/home/zcipcnjx/virtualenv/public_html/proyectos_muhia/3.11/lib/python3.11/site-packages/django/conf/__init__.py", line 217, in __init__
    mod = importlib.import_module(self.SETTINGS_MODULE)
          ^^^^^^^^^^^^^^^^^^^^^^^^^^^^^^^^^^^^^^^^^^^^^
  File "/opt/alt/python311/lib64/python3.11/importlib/__init__.py", line 126, in import_module
    return _bootstrap._gcd_import(name[level:], package, level)
           ^^^^^^^^^^^^^^^^^^^^^^^^^^^^^^^^^^^^^^^^^^^^^^^^^^^^
ModuleNotFoundError: No module named 'portal_empresarial.settings'
Traceback (most recent call last):
  File "/home/zcipcnjx/public_html/proyectos_muhia/passenger_wsgi.py", line 9, in <module>
    from wsgi import app
  File "/home/zcipcnjx/public_html/proyectos_muhia/wsgi.py", line 16, in <module>
    app = get_wsgi_application()
          ^^^^^^^^^^^^^^^^^^^^^^
  File "/home/zcipcnjx/virtualenv/public_html/proyectos_muhia/3.11/lib/python3.11/site-packages/django/core/wsgi.py", line 12, in get_wsgi_application
    django.setup(set_prefix=False)
  File "/home/zcipcnjx/virtualenv/public_html/proyectos_muhia/3.11/lib/python3.11/site-packages/django/__init__.py", line 19, in setup
    configure_logging(settings.LOGGING_CONFIG, settings.LOGGING)
                      ^^^^^^^^^^^^^^^^^^^^^^^
  File "/home/zcipcnjx/virtualenv/public_html/proyectos_muhia/3.11/lib/python3.11/site-packages/django/conf/__init__.py", line 102, in __getattr__
    self._setup(name)
  File "/home/zcipcnjx/virtualenv/public_html/proyectos_muhia/3.11/lib/python3.11/site-packages/django/conf/__init__.py", line 89, in _setup
    self._wrapped = Settings(settings_module)
                    ^^^^^^^^^^^^^^^^^^^^^^^^^
  File "/home/zcipcnjx/virtualenv/public_html/proyectos_muhia/3.11/lib/python3.11/site-packages/django/conf/__init__.py", line 217, in __init__
    mod = importlib.import_module(self.SETTINGS_MODULE)
          ^^^^^^^^^^^^^^^^^^^^^^^^^^^^^^^^^^^^^^^^^^^^^
  File "/opt/alt/python311/lib64/python3.11/importlib/__init__.py", line 126, in import_module
    return _bootstrap._gcd_import(name[level:], package, level)
           ^^^^^^^^^^^^^^^^^^^^^^^^^^^^^^^^^^^^^^^^^^^^^^^^^^^^
ModuleNotFoundError: No module named 'portal_empresarial.settings'
[UID:2351][314265] Child process with pid: 314277 was killed by signal: 15, core dumped: no
Traceback (most recent call last):
  File "/home/zcipcnjx/public_html/proyectos_muhia/passenger_wsgi.py", line 9, in <module>
    from wsgi import app
  File "/home/zcipcnjx/public_html/proyectos_muhia/wsgi.py", line 16, in <module>
    app = get_wsgi_application()
          ^^^^^^^^^^^^^^^^^^^^^^
  File "/home/zcipcnjx/virtualenv/public_html/proyectos_muhia/3.11/lib/python3.11/site-packages/django/core/wsgi.py", line 12, in get_wsgi_application
    django.setup(set_prefix=False)
  File "/home/zcipcnjx/virtualenv/public_html/proyectos_muhia/3.11/lib/python3.11/site-packages/django/__init__.py", line 19, in setup
    configure_logging(settings.LOGGING_CONFIG, settings.LOGGING)
                      ^^^^^^^^^^^^^^^^^^^^^^^
  File "/home/zcipcnjx/virtualenv/public_html/proyectos_muhia/3.11/lib/python3.11/site-packages/django/conf/__init__.py", line 102, in __getattr__
    self._setup(name)
  File "/home/zcipcnjx/virtualenv/public_html/proyectos_muhia/3.11/lib/python3.11/site-packages/django/conf/__init__.py", line 89, in _setup
    self._wrapped = Settings(settings_module)
                    ^^^^^^^^^^^^^^^^^^^^^^^^^
  File "/home/zcipcnjx/virtualenv/public_html/proyectos_muhia/3.11/lib/python3.11/site-packages/django/conf/__init__.py", line 217, in __init__
    mod = importlib.import_module(self.SETTINGS_MODULE)
          ^^^^^^^^^^^^^^^^^^^^^^^^^^^^^^^^^^^^^^^^^^^^^
  File "/opt/alt/python311/lib64/python3.11/importlib/__init__.py", line 126, in import_module
    return _bootstrap._gcd_import(name[level:], package, level)
           ^^^^^^^^^^^^^^^^^^^^^^^^^^^^^^^^^^^^^^^^^^^^^^^^^^^^
ModuleNotFoundError: No module named 'portal_empresarial.settings'
[UID:2351][314265] Child process with pid: 320048 was killed by signal: 15, core dumped: no
Traceback (most recent call last):
  File "/home/zcipcnjx/public_html/proyectos_muhia/passenger_wsgi.py", line 9, in <module>
    from wsgi import app
  File "/home/zcipcnjx/public_html/proyectos_muhia/wsgi.py", line 16, in <module>
    app = get_wsgi_application()
          ^^^^^^^^^^^^^^^^^^^^^^
  File "/home/zcipcnjx/virtualenv/public_html/proyectos_muhia/3.11/lib/python3.11/site-packages/django/core/wsgi.py", line 12, in get_wsgi_application
    django.setup(set_prefix=False)
  File "/home/zcipcnjx/virtualenv/public_html/proyectos_muhia/3.11/lib/python3.11/site-packages/django/__init__.py", line 19, in setup
    configure_logging(settings.LOGGING_CONFIG, settings.LOGGING)
                      ^^^^^^^^^^^^^^^^^^^^^^^
  File "/home/zcipcnjx/virtualenv/public_html/proyectos_muhia/3.11/lib/python3.11/site-packages/django/conf/__init__.py", line 102, in __getattr__
    self._setup(name)
  File "/home/zcipcnjx/virtualenv/public_html/proyectos_muhia/3.11/lib/python3.11/site-packages/django/conf/__init__.py", line 89, in _setup
    self._wrapped = Settings(settings_module)
                    ^^^^^^^^^^^^^^^^^^^^^^^^^
  File "/home/zcipcnjx/virtualenv/public_html/proyectos_muhia/3.11/lib/python3.11/site-packages/django/conf/__init__.py", line 217, in __init__
    mod = importlib.import_module(self.SETTINGS_MODULE)
          ^^^^^^^^^^^^^^^^^^^^^^^^^^^^^^^^^^^^^^^^^^^^^
  File "/opt/alt/python311/lib64/python3.11/importlib/__init__.py", line 126, in import_module
    return _bootstrap._gcd_import(name[level:], package, level)
           ^^^^^^^^^^^^^^^^^^^^^^^^^^^^^^^^^^^^^^^^^^^^^^^^^^^^
ModuleNotFoundError: No module named 'portal_empresarial.settings'
Traceback (most recent call last):
  File "/home/zcipcnjx/public_html/proyectos_muhia/passenger_wsgi.py", line 9, in <module>
    from wsgi import app
  File "/home/zcipcnjx/public_html/proyectos_muhia/wsgi.py", line 16, in <module>
    app = get_wsgi_application()
          ^^^^^^^^^^^^^^^^^^^^^^
  File "/home/zcipcnjx/virtualenv/public_html/proyectos_muhia/3.11/lib/python3.11/site-packages/django/core/wsgi.py", line 12, in get_wsgi_application
    django.setup(set_prefix=False)
  File "/home/zcipcnjx/virtualenv/public_html/proyectos_muhia/3.11/lib/python3.11/site-packages/django/__init__.py", line 19, in setup
    configure_logging(settings.LOGGING_CONFIG, settings.LOGGING)
                      ^^^^^^^^^^^^^^^^^^^^^^^
  File "/home/zcipcnjx/virtualenv/public_html/proyectos_muhia/3.11/lib/python3.11/site-packages/django/conf/__init__.py", line 102, in __getattr__
    self._setup(name)
  File "/home/zcipcnjx/virtualenv/public_html/proyectos_muhia/3.11/lib/python3.11/site-packages/django/conf/__init__.py", line 89, in _setup
    self._wrapped = Settings(settings_module)
                    ^^^^^^^^^^^^^^^^^^^^^^^^^
  File "/home/zcipcnjx/virtualenv/public_html/proyectos_muhia/3.11/lib/python3.11/site-packages/django/conf/__init__.py", line 217, in __init__
    mod = importlib.import_module(self.SETTINGS_MODULE)
          ^^^^^^^^^^^^^^^^^^^^^^^^^^^^^^^^^^^^^^^^^^^^^
  File "/opt/alt/python311/lib64/python3.11/importlib/__init__.py", line 126, in import_module
    return _bootstrap._gcd_import(name[level:], package, level)
           ^^^^^^^^^^^^^^^^^^^^^^^^^^^^^^^^^^^^^^^^^^^^^^^^^^^^
ModuleNotFoundError: No module named 'portal_empresarial.settings'
[UID:2351][367667] Child process with pid: 367689 was killed by signal: 15, core dumped: no
Traceback (most recent call last):
  File "/home/zcipcnjx/public_html/proyectos_muhia/passenger_wsgi.py", line 9, in <module>
    from wsgi import app
  File "/home/zcipcnjx/public_html/proyectos_muhia/wsgi.py", line 16, in <module>
    app = get_wsgi_application()
          ^^^^^^^^^^^^^^^^^^^^^^
  File "/home/zcipcnjx/virtualenv/public_html/proyectos_muhia/3.11/lib/python3.11/site-packages/django/core/wsgi.py", line 12, in get_wsgi_application
    django.setup(set_prefix=False)
  File "/home/zcipcnjx/virtualenv/public_html/proyectos_muhia/3.11/lib/python3.11/site-packages/django/__init__.py", line 19, in setup
    configure_logging(settings.LOGGING_CONFIG, settings.LOGGING)
                      ^^^^^^^^^^^^^^^^^^^^^^^
  File "/home/zcipcnjx/virtualenv/public_html/proyectos_muhia/3.11/lib/python3.11/site-packages/django/conf/__init__.py", line 102, in __getattr__
    self._setup(name)
  File "/home/zcipcnjx/virtualenv/public_html/proyectos_muhia/3.11/lib/python3.11/site-packages/django/conf/__init__.py", line 89, in _setup
    self._wrapped = Settings(settings_module)
                    ^^^^^^^^^^^^^^^^^^^^^^^^^
  File "/home/zcipcnjx/virtualenv/public_html/proyectos_muhia/3.11/lib/python3.11/site-packages/django/conf/__init__.py", line 217, in __init__
    mod = importlib.import_module(self.SETTINGS_MODULE)
          ^^^^^^^^^^^^^^^^^^^^^^^^^^^^^^^^^^^^^^^^^^^^^
  File "/opt/alt/python311/lib64/python3.11/importlib/__init__.py", line 126, in import_module
    return _bootstrap._gcd_import(name[level:], package, level)
           ^^^^^^^^^^^^^^^^^^^^^^^^^^^^^^^^^^^^^^^^^^^^^^^^^^^^
ModuleNotFoundError: No module named 'portal_empresarial.settings'
Traceback (most recent call last):
  File "/home/zcipcnjx/public_html/proyectos_muhia/passenger_wsgi.py", line 9, in <module>
    from wsgi import app
  File "/home/zcipcnjx/public_html/proyectos_muhia/wsgi.py", line 16, in <module>
    app = get_wsgi_application()
          ^^^^^^^^^^^^^^^^^^^^^^
  File "/home/zcipcnjx/virtualenv/public_html/proyectos_muhia/3.11/lib/python3.11/site-packages/django/core/wsgi.py", line 12, in get_wsgi_application
    django.setup(set_prefix=False)
  File "/home/zcipcnjx/virtualenv/public_html/proyectos_muhia/3.11/lib/python3.11/site-packages/django/__init__.py", line 19, in setup
    configure_logging(settings.LOGGING_CONFIG, settings.LOGGING)
                      ^^^^^^^^^^^^^^^^^^^^^^^
  File "/home/zcipcnjx/virtualenv/public_html/proyectos_muhia/3.11/lib/python3.11/site-packages/django/conf/__init__.py", line 102, in __getattr__
    self._setup(name)
  File "/home/zcipcnjx/virtualenv/public_html/proyectos_muhia/3.11/lib/python3.11/site-packages/django/conf/__init__.py", line 89, in _setup
    self._wrapped = Settings(settings_module)
                    ^^^^^^^^^^^^^^^^^^^^^^^^^
  File "/home/zcipcnjx/virtualenv/public_html/proyectos_muhia/3.11/lib/python3.11/site-packages/django/conf/__init__.py", line 217, in __init__
    mod = importlib.import_module(self.SETTINGS_MODULE)
          ^^^^^^^^^^^^^^^^^^^^^^^^^^^^^^^^^^^^^^^^^^^^^
  File "/opt/alt/python311/lib64/python3.11/importlib/__init__.py", line 126, in import_module
    return _bootstrap._gcd_import(name[level:], package, level)
           ^^^^^^^^^^^^^^^^^^^^^^^^^^^^^^^^^^^^^^^^^^^^^^^^^^^^
ModuleNotFoundError: No module named 'portal_empresarial.settings'
[UID:2351][369118] Child process with pid: 369129 was killed by signal: 15, core dumped: no
Traceback (most recent call last):
  File "/home/zcipcnjx/public_html/proyectos_muhia/passenger_wsgi.py", line 9, in <module>
    from wsgi import app
  File "/home/zcipcnjx/public_html/proyectos_muhia/wsgi.py", line 16, in <module>
    app = get_wsgi_application()
          ^^^^^^^^^^^^^^^^^^^^^^
  File "/home/zcipcnjx/virtualenv/public_html/proyectos_muhia/3.11/lib/python3.11/site-packages/django/core/wsgi.py", line 12, in get_wsgi_application
    django.setup(set_prefix=False)
  File "/home/zcipcnjx/virtualenv/public_html/proyectos_muhia/3.11/lib/python3.11/site-packages/django/__init__.py", line 19, in setup
    configure_logging(settings.LOGGING_CONFIG, settings.LOGGING)
                      ^^^^^^^^^^^^^^^^^^^^^^^
  File "/home/zcipcnjx/virtualenv/public_html/proyectos_muhia/3.11/lib/python3.11/site-packages/django/conf/__init__.py", line 102, in __getattr__
    self._setup(name)
  File "/home/zcipcnjx/virtualenv/public_html/proyectos_muhia/3.11/lib/python3.11/site-packages/django/conf/__init__.py", line 89, in _setup
    self._wrapped = Settings(settings_module)
                    ^^^^^^^^^^^^^^^^^^^^^^^^^
  File "/home/zcipcnjx/virtualenv/public_html/proyectos_muhia/3.11/lib/python3.11/site-packages/django/conf/__init__.py", line 217, in __init__
    mod = importlib.import_module(self.SETTINGS_MODULE)
          ^^^^^^^^^^^^^^^^^^^^^^^^^^^^^^^^^^^^^^^^^^^^^
  File "/opt/alt/python311/lib64/python3.11/importlib/__init__.py", line 126, in import_module
    return _bootstrap._gcd_import(name[level:], package, level)
           ^^^^^^^^^^^^^^^^^^^^^^^^^^^^^^^^^^^^^^^^^^^^^^^^^^^^
ModuleNotFoundError: No module named 'portal_empresarial.settings'
[UID:2351][367667] Child process with pid: 380578 was killed by signal: 15, core dumped: no
Traceback (most recent call last):
  File "/home/zcipcnjx/public_html/proyectos_muhia/passenger_wsgi.py", line 9, in <module>
    from wsgi import app
  File "/home/zcipcnjx/public_html/proyectos_muhia/wsgi.py", line 16, in <module>
    app = get_wsgi_application()
          ^^^^^^^^^^^^^^^^^^^^^^
  File "/home/zcipcnjx/virtualenv/public_html/proyectos_muhia/3.11/lib/python3.11/site-packages/django/core/wsgi.py", line 12, in get_wsgi_application
    django.setup(set_prefix=False)
  File "/home/zcipcnjx/virtualenv/public_html/proyectos_muhia/3.11/lib/python3.11/site-packages/django/__init__.py", line 19, in setup
    configure_logging(settings.LOGGING_CONFIG, settings.LOGGING)
                      ^^^^^^^^^^^^^^^^^^^^^^^
  File "/home/zcipcnjx/virtualenv/public_html/proyectos_muhia/3.11/lib/python3.11/site-packages/django/conf/__init__.py", line 102, in __getattr__
    self._setup(name)
  File "/home/zcipcnjx/virtualenv/public_html/proyectos_muhia/3.11/lib/python3.11/site-packages/django/conf/__init__.py", line 89, in _setup
    self._wrapped = Settings(settings_module)
                    ^^^^^^^^^^^^^^^^^^^^^^^^^
  File "/home/zcipcnjx/virtualenv/public_html/proyectos_muhia/3.11/lib/python3.11/site-packages/django/conf/__init__.py", line 217, in __init__
    mod = importlib.import_module(self.SETTINGS_MODULE)
          ^^^^^^^^^^^^^^^^^^^^^^^^^^^^^^^^^^^^^^^^^^^^^
  File "/opt/alt/python311/lib64/python3.11/importlib/__init__.py", line 126, in import_module
    return _bootstrap._gcd_import(name[level:], package, level)
           ^^^^^^^^^^^^^^^^^^^^^^^^^^^^^^^^^^^^^^^^^^^^^^^^^^^^
ModuleNotFoundError: No module named 'portal_empresarial.settings'
Traceback (most recent call last):
  File "/home/zcipcnjx/public_html/proyectos_muhia/passenger_wsgi.py", line 9, in <module>
    from wsgi import app
  File "/home/zcipcnjx/public_html/proyectos_muhia/wsgi.py", line 16, in <module>
    app = get_wsgi_application()
          ^^^^^^^^^^^^^^^^^^^^^^
  File "/home/zcipcnjx/virtualenv/public_html/proyectos_muhia/3.11/lib/python3.11/site-packages/django/core/wsgi.py", line 12, in get_wsgi_application
    django.setup(set_prefix=False)
  File "/home/zcipcnjx/virtualenv/public_html/proyectos_muhia/3.11/lib/python3.11/site-packages/django/__init__.py", line 19, in setup
    configure_logging(settings.LOGGING_CONFIG, settings.LOGGING)
                      ^^^^^^^^^^^^^^^^^^^^^^^
  File "/home/zcipcnjx/virtualenv/public_html/proyectos_muhia/3.11/lib/python3.11/site-packages/django/conf/__init__.py", line 102, in __getattr__
    self._setup(name)
  File "/home/zcipcnjx/virtualenv/public_html/proyectos_muhia/3.11/lib/python3.11/site-packages/django/conf/__init__.py", line 89, in _setup
    self._wrapped = Settings(settings_module)
                    ^^^^^^^^^^^^^^^^^^^^^^^^^
  File "/home/zcipcnjx/virtualenv/public_html/proyectos_muhia/3.11/lib/python3.11/site-packages/django/conf/__init__.py", line 217, in __init__
    mod = importlib.import_module(self.SETTINGS_MODULE)
          ^^^^^^^^^^^^^^^^^^^^^^^^^^^^^^^^^^^^^^^^^^^^^
  File "/opt/alt/python311/lib64/python3.11/importlib/__init__.py", line 126, in import_module
    return _bootstrap._gcd_import(name[level:], package, level)
           ^^^^^^^^^^^^^^^^^^^^^^^^^^^^^^^^^^^^^^^^^^^^^^^^^^^^
ModuleNotFoundError: No module named 'portal_empresarial.settings'
[UID:2351][401988] Child process with pid: 402017 was killed by signal: 15, core dumped: no
Traceback (most recent call last):
  File "/home/zcipcnjx/proyectos_muhia/passenger_wsgi.py", line 9, in <module>
    from portal_empresarial.wsgi import app
ModuleNotFoundError: No module named 'portal_empresarial.wsgi'
Traceback (most recent call last):
  File "/home/zcipcnjx/proyectos_muhia/passenger_wsgi.py", line 9, in <module>
    from portal_empresarial.wsgi import app
ModuleNotFoundError: No module named 'portal_empresarial.wsgi'
[UID:2351][3095022] Child process with pid: 3095048 was killed by signal: 15, core dumped: no
Traceback (most recent call last):
  File "/home/zcipcnjx/proyectos_muhia/passenger_wsgi.py", line 9, in <module>
    from portal_empresarial.wsgi import app
ModuleNotFoundError: No module named 'portal_empresarial.wsgi'
Traceback (most recent call last):
  File "/home/zcipcnjx/proyectos_muhia/passenger_wsgi.py", line 9, in <module>
    from portal_empresarial.wsgi import app
ModuleNotFoundError: No module named 'portal_empresarial.wsgi'
[UID:2351][3095052] Child process with pid: 3095058 was killed by signal: 15, core dumped: no
Traceback (most recent call last):
  File "/home/zcipcnjx/proyectos_muhia/passenger_wsgi.py", line 9, in <module>
    from portal_empresarial.wsgi import app
ModuleNotFoundError: No module named 'portal_empresarial.wsgi'
[UID:2351][3095052] Child process with pid: 3095059 was killed by signal: 15, core dumped: no
Traceback (most recent call last):
  File "/home/zcipcnjx/proyectos_muhia/passenger_wsgi.py", line 9, in <module>
    from portal_empresarial.wsgi import app
ModuleNotFoundError: No module named 'portal_empresarial.wsgi'
[UID:2351][3095052] Child process with pid: 3095060 was killed by signal: 15, core dumped: no
Traceback (most recent call last):
  File "/home/zcipcnjx/proyectos_muhia/passenger_wsgi.py", line 9, in <module>
    from portal_empresarial.wsgi import app
ModuleNotFoundError: No module named 'portal_empresarial.wsgi'
Traceback (most recent call last):
  File "/home/zcipcnjx/proyectos_muhia/passenger_wsgi.py", line 9, in <module>
    from portal_empresarial.wsgi import app
ModuleNotFoundError: No module named 'portal_empresarial.wsgi'
[UID:2351][3762307] Child process with pid: 3762320 was killed by signal: 15, core dumped: no
Traceback (most recent call last):
  File "/home/zcipcnjx/proyectos_muhia/passenger_wsgi.py", line 9, in <module>
    from portal_empresarial.wsgi import app
ModuleNotFoundError: No module named 'portal_empresarial.wsgi'
[UID:2351][3762307] Child process with pid: 3762330 was killed by signal: 15, core dumped: no
Traceback (most recent call last):
  File "/home/zcipcnjx/proyectos_muhia/passenger_wsgi.py", line 9, in <module>
    from portal_empresarial.wsgi import app
ModuleNotFoundError: No module named 'portal_empresarial.wsgi'
Traceback (most recent call last):
  File "/home/zcipcnjx/proyectos_muhia/passenger_wsgi.py", line 9, in <module>
    from portal_empresarial.wsgi import app
ModuleNotFoundError: No module named 'portal_empresarial.wsgi'
[UID:2351][3967902] Child process with pid: 3967911 was killed by signal: 15, core dumped: no
Traceback (most recent call last):
  File "/home/zcipcnjx/proyectos_muhia/passenger_wsgi.py", line 9, in <module>
    from portal_empresarial.wsgi import app
ModuleNotFoundError: No module named 'portal_empresarial.wsgi'
Traceback (most recent call last):
  File "/home/zcipcnjx/proyectos_muhia/passenger_wsgi.py", line 9, in <module>
    from portal_empresarial.wsgi import app
ModuleNotFoundError: No module named 'portal_empresarial.wsgi'
[UID:2351][3967913] Child process with pid: 3967922 was killed by signal: 15, core dumped: no
Traceback (most recent call last):
  File "/home/zcipcnjx/proyectos_muhia/passenger_wsgi.py", line 9, in <module>
    from portal_empresarial.wsgi import app
ModuleNotFoundError: No module named 'portal_empresarial.wsgi'
Traceback (most recent call last):
  File "/home/zcipcnjx/proyectos_muhia/passenger_wsgi.py", line 9, in <module>
    from portal_empresarial.wsgi import app
ModuleNotFoundError: No module named 'portal_empresarial.wsgi'
[UID:2351][4105912] Child process with pid: 4105916 was killed by signal: 15, core dumped: no
Traceback (most recent call last):
  File "/home/zcipcnjx/proyectos_muhia/passenger_wsgi.py", line 9, in <module>
    from portal_empresarial.wsgi import app
ModuleNotFoundError: No module named 'portal_empresarial.wsgi'
Traceback (most recent call last):
  File "/home/zcipcnjx/proyectos_muhia/passenger_wsgi.py", line 9, in <module>
    from portal_empresarial.wsgi import app
ModuleNotFoundError: No module named 'portal_empresarial.wsgi'
[UID:2351][4105917] Child process with pid: 4105925 was killed by signal: 15, core dumped: no
Traceback (most recent call last):
  File "/home/zcipcnjx/proyectos_muhia/passenger_wsgi.py", line 9, in <module>
    from portal_empresarial.wsgi import app
ModuleNotFoundError: No module named 'portal_empresarial.wsgi'
[UID:2351][4105917] Child process with pid: 4105926 was killed by signal: 15, core dumped: no
Traceback (most recent call last):
  File "/home/zcipcnjx/proyectos_muhia/passenger_wsgi.py", line 9, in <module>
    from portal_empresarial.wsgi import app
ModuleNotFoundError: No module named 'portal_empresarial.wsgi'
[UID:2351][4105917] Child process with pid: 4105928 was killed by signal: 15, core dumped: no
Traceback (most recent call last):
  File "/home/zcipcnjx/proyectos_muhia/passenger_wsgi.py", line 9, in <module>
    from portal_empresarial.wsgi import app
ModuleNotFoundError: No module named 'portal_empresarial.wsgi'
Traceback (most recent call last):
  File "/home/zcipcnjx/proyectos_muhia/passenger_wsgi.py", line 9, in <module>
    from portal_empresarial.wsgi import app
ModuleNotFoundError: No module named 'portal_empresarial.wsgi'
[UID:2351][407506] Child process with pid: 407513 was killed by signal: 15, core dumped: no
Traceback (most recent call last):
  File "/home/zcipcnjx/proyectos_muhia/passenger_wsgi.py", line 9, in <module>
    from proyectos_muhia.wsgi import app
ModuleNotFoundError: No module named 'proyectos_muhia.wsgi'
Traceback (most recent call last):
  File "/home/zcipcnjx/proyectos_muhia/passenger_wsgi.py", line 9, in <module>
    from proyectos_muhia.wsgi import app
ModuleNotFoundError: No module named 'proyectos_muhia.wsgi'
[UID:2351][491501] Child process with pid: 491511 was killed by signal: 15, core dumped: no
Traceback (most recent call last):
  File "/home/zcipcnjx/proyectos_muhia/passenger_wsgi.py", line 9, in <module>
    from proyectos_muhia.wsgi import app
ModuleNotFoundError: No module named 'proyectos_muhia.wsgi'
[UID:2351][491501] Child process with pid: 491832 was killed by signal: 15, core dumped: no
Invalid HTTP_HOST header: 'produccionesmuhia.ca'. You may need to add 'produccionesmuhia.ca' to ALLOWED_HOSTS.
Traceback (most recent call last):
  File "/home/zcipcnjx/virtualenv/proyectos_muhia/3.11/lib/python3.11/site-packages/django/core/handlers/exception.py", line 55, in inner
    response = get_response(request)
               ^^^^^^^^^^^^^^^^^^^^^
  File "/home/zcipcnjx/virtualenv/proyectos_muhia/3.11/lib/python3.11/site-packages/django/utils/deprecation.py", line 133, in __call__
    response = self.process_request(request)
               ^^^^^^^^^^^^^^^^^^^^^^^^^^^^^
  File "/home/zcipcnjx/virtualenv/proyectos_muhia/3.11/lib/python3.11/site-packages/django/middleware/common.py", line 48, in process_request
    host = request.get_host()
           ^^^^^^^^^^^^^^^^^^
  File "/home/zcipcnjx/virtualenv/proyectos_muhia/3.11/lib/python3.11/site-packages/django/http/request.py", line 167, in get_host
    raise DisallowedHost(msg)
django.core.exceptions.DisallowedHost: Invalid HTTP_HOST header: 'produccionesmuhia.ca'. You may need to add 'produccionesmuhia.ca' to ALLOWED_HOSTS.
Bad Request: /main/inicio
Invalid HTTP_HOST header: 'produccionesmuhia.ca'. You may need to add 'produccionesmuhia.ca' to ALLOWED_HOSTS.
Traceback (most recent call last):
  File "/home/zcipcnjx/virtualenv/proyectos_muhia/3.11/lib/python3.11/site-packages/django/core/handlers/exception.py", line 55, in inner
    response = get_response(request)
               ^^^^^^^^^^^^^^^^^^^^^
  File "/home/zcipcnjx/virtualenv/proyectos_muhia/3.11/lib/python3.11/site-packages/django/utils/deprecation.py", line 133, in __call__
    response = self.process_request(request)
               ^^^^^^^^^^^^^^^^^^^^^^^^^^^^^
  File "/home/zcipcnjx/virtualenv/proyectos_muhia/3.11/lib/python3.11/site-packages/django/middleware/common.py", line 48, in process_request
    host = request.get_host()
           ^^^^^^^^^^^^^^^^^^
  File "/home/zcipcnjx/virtualenv/proyectos_muhia/3.11/lib/python3.11/site-packages/django/http/request.py", line 167, in get_host
    raise DisallowedHost(msg)
django.core.exceptions.DisallowedHost: Invalid HTTP_HOST header: 'produccionesmuhia.ca'. You may need to add 'produccionesmuhia.ca' to ALLOWED_HOSTS.
Bad Request: /main/inicio
Invalid HTTP_HOST header: 'produccionesmuhia.ca'. You may need to add 'produccionesmuhia.ca' to ALLOWED_HOSTS.
Traceback (most recent call last):
  File "/home/zcipcnjx/virtualenv/proyectos_muhia/3.11/lib/python3.11/site-packages/django/core/handlers/exception.py", line 55, in inner
    response = get_response(request)
               ^^^^^^^^^^^^^^^^^^^^^
  File "/home/zcipcnjx/virtualenv/proyectos_muhia/3.11/lib/python3.11/site-packages/django/utils/deprecation.py", line 133, in __call__
    response = self.process_request(request)
               ^^^^^^^^^^^^^^^^^^^^^^^^^^^^^
  File "/home/zcipcnjx/virtualenv/proyectos_muhia/3.11/lib/python3.11/site-packages/django/middleware/common.py", line 48, in process_request
    host = request.get_host()
           ^^^^^^^^^^^^^^^^^^
  File "/home/zcipcnjx/virtualenv/proyectos_muhia/3.11/lib/python3.11/site-packages/django/http/request.py", line 167, in get_host
    raise DisallowedHost(msg)
django.core.exceptions.DisallowedHost: Invalid HTTP_HOST header: 'produccionesmuhia.ca'. You may need to add 'produccionesmuhia.ca' to ALLOWED_HOSTS.
Bad Request: /main/inicio
Invalid HTTP_HOST header: 'produccionesmuhia.ca'. You may need to add 'produccionesmuhia.ca' to ALLOWED_HOSTS.
Traceback (most recent call last):
  File "/home/zcipcnjx/virtualenv/proyectos_muhia/3.11/lib/python3.11/site-packages/django/core/handlers/exception.py", line 55, in inner
    response = get_response(request)
               ^^^^^^^^^^^^^^^^^^^^^
  File "/home/zcipcnjx/virtualenv/proyectos_muhia/3.11/lib/python3.11/site-packages/django/utils/deprecation.py", line 133, in __call__
    response = self.process_request(request)
               ^^^^^^^^^^^^^^^^^^^^^^^^^^^^^
  File "/home/zcipcnjx/virtualenv/proyectos_muhia/3.11/lib/python3.11/site-packages/django/middleware/common.py", line 48, in process_request
    host = request.get_host()
           ^^^^^^^^^^^^^^^^^^
  File "/home/zcipcnjx/virtualenv/proyectos_muhia/3.11/lib/python3.11/site-packages/django/http/request.py", line 167, in get_host
    raise DisallowedHost(msg)
django.core.exceptions.DisallowedHost: Invalid HTTP_HOST header: 'produccionesmuhia.ca'. You may need to add 'produccionesmuhia.ca' to ALLOWED_HOSTS.
Bad Request: /main/inicio
Invalid HTTP_HOST header: 'produccionesmuhia.ca'. You may need to add 'produccionesmuhia.ca' to ALLOWED_HOSTS.
Traceback (most recent call last):
  File "/home/zcipcnjx/virtualenv/proyectos_muhia/3.11/lib/python3.11/site-packages/django/core/handlers/exception.py", line 55, in inner
    response = get_response(request)
               ^^^^^^^^^^^^^^^^^^^^^
  File "/home/zcipcnjx/virtualenv/proyectos_muhia/3.11/lib/python3.11/site-packages/django/utils/deprecation.py", line 133, in __call__
    response = self.process_request(request)
               ^^^^^^^^^^^^^^^^^^^^^^^^^^^^^
  File "/home/zcipcnjx/virtualenv/proyectos_muhia/3.11/lib/python3.11/site-packages/django/middleware/common.py", line 48, in process_request
    host = request.get_host()
           ^^^^^^^^^^^^^^^^^^
  File "/home/zcipcnjx/virtualenv/proyectos_muhia/3.11/lib/python3.11/site-packages/django/http/request.py", line 167, in get_host
    raise DisallowedHost(msg)
django.core.exceptions.DisallowedHost: Invalid HTTP_HOST header: 'produccionesmuhia.ca'. You may need to add 'produccionesmuhia.ca' to ALLOWED_HOSTS.
Bad Request: /main/inicio
Invalid HTTP_HOST header: 'produccionesmuhia.ca'. You may need to add 'produccionesmuhia.ca' to ALLOWED_HOSTS.
Traceback (most recent call last):
  File "/home/zcipcnjx/virtualenv/proyectos_muhia/3.11/lib/python3.11/site-packages/django/core/handlers/exception.py", line 55, in inner
    response = get_response(request)
               ^^^^^^^^^^^^^^^^^^^^^
  File "/home/zcipcnjx/virtualenv/proyectos_muhia/3.11/lib/python3.11/site-packages/django/utils/deprecation.py", line 133, in __call__
    response = self.process_request(request)
               ^^^^^^^^^^^^^^^^^^^^^^^^^^^^^
  File "/home/zcipcnjx/virtualenv/proyectos_muhia/3.11/lib/python3.11/site-packages/django/middleware/common.py", line 48, in process_request
    host = request.get_host()
           ^^^^^^^^^^^^^^^^^^
  File "/home/zcipcnjx/virtualenv/proyectos_muhia/3.11/lib/python3.11/site-packages/django/http/request.py", line 167, in get_host
    raise DisallowedHost(msg)
django.core.exceptions.DisallowedHost: Invalid HTTP_HOST header: 'produccionesmuhia.ca'. You may need to add 'produccionesmuhia.ca' to ALLOWED_HOSTS.
Bad Request: /main/inicio
Invalid HTTP_HOST header: 'produccionesmuhia.ca'. You may need to add 'produccionesmuhia.ca' to ALLOWED_HOSTS.
Traceback (most recent call last):
  File "/home/zcipcnjx/virtualenv/proyectos_muhia/3.11/lib/python3.11/site-packages/django/core/handlers/exception.py", line 55, in inner
    response = get_response(request)
               ^^^^^^^^^^^^^^^^^^^^^
  File "/home/zcipcnjx/virtualenv/proyectos_muhia/3.11/lib/python3.11/site-packages/django/utils/deprecation.py", line 133, in __call__
    response = self.process_request(request)
               ^^^^^^^^^^^^^^^^^^^^^^^^^^^^^
  File "/home/zcipcnjx/virtualenv/proyectos_muhia/3.11/lib/python3.11/site-packages/django/middleware/common.py", line 48, in process_request
    host = request.get_host()
           ^^^^^^^^^^^^^^^^^^
  File "/home/zcipcnjx/virtualenv/proyectos_muhia/3.11/lib/python3.11/site-packages/django/http/request.py", line 167, in get_host
    raise DisallowedHost(msg)
django.core.exceptions.DisallowedHost: Invalid HTTP_HOST header: 'produccionesmuhia.ca'. You may need to add 'produccionesmuhia.ca' to ALLOWED_HOSTS.
Bad Request: /main/inicio
Invalid HTTP_HOST header: 'produccionesmuhia.ca'. You may need to add 'produccionesmuhia.ca' to ALLOWED_HOSTS.
Traceback (most recent call last):
  File "/home/zcipcnjx/virtualenv/proyectos_muhia/3.11/lib/python3.11/site-packages/django/core/handlers/exception.py", line 55, in inner
    response = get_response(request)
               ^^^^^^^^^^^^^^^^^^^^^
  File "/home/zcipcnjx/virtualenv/proyectos_muhia/3.11/lib/python3.11/site-packages/django/utils/deprecation.py", line 133, in __call__
    response = self.process_request(request)
               ^^^^^^^^^^^^^^^^^^^^^^^^^^^^^
  File "/home/zcipcnjx/virtualenv/proyectos_muhia/3.11/lib/python3.11/site-packages/django/middleware/common.py", line 48, in process_request
    host = request.get_host()
           ^^^^^^^^^^^^^^^^^^
  File "/home/zcipcnjx/virtualenv/proyectos_muhia/3.11/lib/python3.11/site-packages/django/http/request.py", line 167, in get_host
    raise DisallowedHost(msg)
django.core.exceptions.DisallowedHost: Invalid HTTP_HOST header: 'produccionesmuhia.ca'. You may need to add 'produccionesmuhia.ca' to ALLOWED_HOSTS.
Bad Request: /main/inicio
Invalid HTTP_HOST header: 'produccionesmuhia.ca'. You may need to add 'produccionesmuhia.ca' to ALLOWED_HOSTS.
Traceback (most recent call last):
  File "/home/zcipcnjx/virtualenv/proyectos_muhia/3.11/lib/python3.11/site-packages/django/core/handlers/exception.py", line 55, in inner
    response = get_response(request)
               ^^^^^^^^^^^^^^^^^^^^^
  File "/home/zcipcnjx/virtualenv/proyectos_muhia/3.11/lib/python3.11/site-packages/django/utils/deprecation.py", line 133, in __call__
    response = self.process_request(request)
               ^^^^^^^^^^^^^^^^^^^^^^^^^^^^^
  File "/home/zcipcnjx/virtualenv/proyectos_muhia/3.11/lib/python3.11/site-packages/django/middleware/common.py", line 48, in process_request
    host = request.get_host()
           ^^^^^^^^^^^^^^^^^^
  File "/home/zcipcnjx/virtualenv/proyectos_muhia/3.11/lib/python3.11/site-packages/django/http/request.py", line 167, in get_host
    raise DisallowedHost(msg)
django.core.exceptions.DisallowedHost: Invalid HTTP_HOST header: 'produccionesmuhia.ca'. You may need to add 'produccionesmuhia.ca' to ALLOWED_HOSTS.
Bad Request: /main/inicio
Invalid HTTP_HOST header: 'produccionesmuhia.ca'. You may need to add 'produccionesmuhia.ca' to ALLOWED_HOSTS.
Traceback (most recent call last):
  File "/home/zcipcnjx/virtualenv/proyectos_muhia/3.11/lib/python3.11/site-packages/django/core/handlers/exception.py", line 55, in inner
    response = get_response(request)
               ^^^^^^^^^^^^^^^^^^^^^
  File "/home/zcipcnjx/virtualenv/proyectos_muhia/3.11/lib/python3.11/site-packages/django/utils/deprecation.py", line 133, in __call__
    response = self.process_request(request)
               ^^^^^^^^^^^^^^^^^^^^^^^^^^^^^
  File "/home/zcipcnjx/virtualenv/proyectos_muhia/3.11/lib/python3.11/site-packages/django/middleware/common.py", line 48, in process_request
    host = request.get_host()
           ^^^^^^^^^^^^^^^^^^
  File "/home/zcipcnjx/virtualenv/proyectos_muhia/3.11/lib/python3.11/site-packages/django/http/request.py", line 167, in get_host
    raise DisallowedHost(msg)
django.core.exceptions.DisallowedHost: Invalid HTTP_HOST header: 'produccionesmuhia.ca'. You may need to add 'produccionesmuhia.ca' to ALLOWED_HOSTS.
Bad Request: /
Invalid HTTP_HOST header: 'produccionesmuhia.ca'. You may need to add 'produccionesmuhia.ca' to ALLOWED_HOSTS.
Traceback (most recent call last):
  File "/home/zcipcnjx/virtualenv/proyectos_muhia/3.11/lib/python3.11/site-packages/django/core/handlers/exception.py", line 55, in inner
    response = get_response(request)
               ^^^^^^^^^^^^^^^^^^^^^
  File "/home/zcipcnjx/virtualenv/proyectos_muhia/3.11/lib/python3.11/site-packages/django/utils/deprecation.py", line 133, in __call__
    response = self.process_request(request)
               ^^^^^^^^^^^^^^^^^^^^^^^^^^^^^
  File "/home/zcipcnjx/virtualenv/proyectos_muhia/3.11/lib/python3.11/site-packages/django/middleware/common.py", line 48, in process_request
    host = request.get_host()
           ^^^^^^^^^^^^^^^^^^
  File "/home/zcipcnjx/virtualenv/proyectos_muhia/3.11/lib/python3.11/site-packages/django/http/request.py", line 167, in get_host
    raise DisallowedHost(msg)
django.core.exceptions.DisallowedHost: Invalid HTTP_HOST header: 'produccionesmuhia.ca'. You may need to add 'produccionesmuhia.ca' to ALLOWED_HOSTS.
Bad Request: /
Invalid HTTP_HOST header: 'produccionesmuhia.ca'. You may need to add 'produccionesmuhia.ca' to ALLOWED_HOSTS.
Traceback (most recent call last):
  File "/home/zcipcnjx/virtualenv/proyectos_muhia/3.11/lib/python3.11/site-packages/django/core/handlers/exception.py", line 55, in inner
    response = get_response(request)
               ^^^^^^^^^^^^^^^^^^^^^
  File "/home/zcipcnjx/virtualenv/proyectos_muhia/3.11/lib/python3.11/site-packages/django/utils/deprecation.py", line 133, in __call__
    response = self.process_request(request)
               ^^^^^^^^^^^^^^^^^^^^^^^^^^^^^
  File "/home/zcipcnjx/virtualenv/proyectos_muhia/3.11/lib/python3.11/site-packages/django/middleware/common.py", line 48, in process_request
    host = request.get_host()
           ^^^^^^^^^^^^^^^^^^
  File "/home/zcipcnjx/virtualenv/proyectos_muhia/3.11/lib/python3.11/site-packages/django/http/request.py", line 167, in get_host
    raise DisallowedHost(msg)
django.core.exceptions.DisallowedHost: Invalid HTTP_HOST header: 'produccionesmuhia.ca'. You may need to add 'produccionesmuhia.ca' to ALLOWED_HOSTS.
Bad Request: /
Invalid HTTP_HOST header: 'produccionesmuhia.ca'. You may need to add 'produccionesmuhia.ca' to ALLOWED_HOSTS.
Traceback (most recent call last):
  File "/home/zcipcnjx/virtualenv/proyectos_muhia/3.11/lib/python3.11/site-packages/django/core/handlers/exception.py", line 55, in inner
    response = get_response(request)
               ^^^^^^^^^^^^^^^^^^^^^
  File "/home/zcipcnjx/virtualenv/proyectos_muhia/3.11/lib/python3.11/site-packages/django/utils/deprecation.py", line 133, in __call__
    response = self.process_request(request)
               ^^^^^^^^^^^^^^^^^^^^^^^^^^^^^
  File "/home/zcipcnjx/virtualenv/proyectos_muhia/3.11/lib/python3.11/site-packages/django/middleware/common.py", line 48, in process_request
    host = request.get_host()
           ^^^^^^^^^^^^^^^^^^
  File "/home/zcipcnjx/virtualenv/proyectos_muhia/3.11/lib/python3.11/site-packages/django/http/request.py", line 167, in get_host
    raise DisallowedHost(msg)
django.core.exceptions.DisallowedHost: Invalid HTTP_HOST header: 'produccionesmuhia.ca'. You may need to add 'produccionesmuhia.ca' to ALLOWED_HOSTS.
Bad Request: /
Traceback (most recent call last):
  File "/home/zcipcnjx/proyectos_muhia/passenger_wsgi.py", line 9, in <module>
    from proyectos_muhia.wsgi import app
  File "/home/zcipcnjx/proyectos_muhia/proyectos_muhia/wsgi.py", line 16, in <module>
    app = get_wsgi_application()
          ^^^^^^^^^^^^^^^^^^^^^^
  File "/home/zcipcnjx/virtualenv/proyectos_muhia/3.11/lib/python3.11/site-packages/django/core/wsgi.py", line 12, in get_wsgi_application
    django.setup(set_prefix=False)
  File "/home/zcipcnjx/virtualenv/proyectos_muhia/3.11/lib/python3.11/site-packages/django/__init__.py", line 19, in setup
    configure_logging(settings.LOGGING_CONFIG, settings.LOGGING)
                      ^^^^^^^^^^^^^^^^^^^^^^^
  File "/home/zcipcnjx/virtualenv/proyectos_muhia/3.11/lib/python3.11/site-packages/django/conf/__init__.py", line 102, in __getattr__
    self._setup(name)
  File "/home/zcipcnjx/virtualenv/proyectos_muhia/3.11/lib/python3.11/site-packages/django/conf/__init__.py", line 89, in _setup
    self._wrapped = Settings(settings_module)
                    ^^^^^^^^^^^^^^^^^^^^^^^^^
  File "/home/zcipcnjx/virtualenv/proyectos_muhia/3.11/lib/python3.11/site-packages/django/conf/__init__.py", line 217, in __init__
    mod = importlib.import_module(self.SETTINGS_MODULE)
          ^^^^^^^^^^^^^^^^^^^^^^^^^^^^^^^^^^^^^^^^^^^^^
  File "/opt/alt/python311/lib64/python3.11/importlib/__init__.py", line 126, in import_module
    return _bootstrap._gcd_import(name[level:], package, level)
           ^^^^^^^^^^^^^^^^^^^^^^^^^^^^^^^^^^^^^^^^^^^^^^^^^^^^
  File "/home/zcipcnjx/proyectos_muhia/proyectos_muhia/settings.py", line 28, in <module>
    ALLOWED_HOSTS = [produccionesmuhia.ca]
                     ^^^^^^^^^^^^^^^^^
NameError: name 'produccionesmuhia' is not defined
Traceback (most recent call last):
  File "/home/zcipcnjx/proyectos_muhia/passenger_wsgi.py", line 9, in <module>
    from proyectos_muhia.wsgi import app
  File "/home/zcipcnjx/proyectos_muhia/proyectos_muhia/wsgi.py", line 16, in <module>
    app = get_wsgi_application()
          ^^^^^^^^^^^^^^^^^^^^^^
  File "/home/zcipcnjx/virtualenv/proyectos_muhia/3.11/lib/python3.11/site-packages/django/core/wsgi.py", line 12, in get_wsgi_application
    django.setup(set_prefix=False)
  File "/home/zcipcnjx/virtualenv/proyectos_muhia/3.11/lib/python3.11/site-packages/django/__init__.py", line 19, in setup
    configure_logging(settings.LOGGING_CONFIG, settings.LOGGING)
                      ^^^^^^^^^^^^^^^^^^^^^^^
  File "/home/zcipcnjx/virtualenv/proyectos_muhia/3.11/lib/python3.11/site-packages/django/conf/__init__.py", line 102, in __getattr__
    self._setup(name)
  File "/home/zcipcnjx/virtualenv/proyectos_muhia/3.11/lib/python3.11/site-packages/django/conf/__init__.py", line 89, in _setup
    self._wrapped = Settings(settings_module)
                    ^^^^^^^^^^^^^^^^^^^^^^^^^
  File "/home/zcipcnjx/virtualenv/proyectos_muhia/3.11/lib/python3.11/site-packages/django/conf/__init__.py", line 217, in __init__
    mod = importlib.import_module(self.SETTINGS_MODULE)
          ^^^^^^^^^^^^^^^^^^^^^^^^^^^^^^^^^^^^^^^^^^^^^
  File "/opt/alt/python311/lib64/python3.11/importlib/__init__.py", line 126, in import_module
    return _bootstrap._gcd_import(name[level:], package, level)
           ^^^^^^^^^^^^^^^^^^^^^^^^^^^^^^^^^^^^^^^^^^^^^^^^^^^^
  File "/home/zcipcnjx/proyectos_muhia/proyectos_muhia/settings.py", line 28, in <module>
    ALLOWED_HOSTS = [produccionesmuhia.ca]
                     ^^^^^^^^^^^^^^^^^
NameError: name 'produccionesmuhia' is not defined
[UID:2351][546229] Child process with pid: 546256 was killed by signal: 15, core dumped: no
Traceback (most recent call last):
  File "/home/zcipcnjx/proyectos_muhia/passenger_wsgi.py", line 9, in <module>
    from proyectos_muhia.wsgi import app
  File "/home/zcipcnjx/proyectos_muhia/proyectos_muhia/wsgi.py", line 16, in <module>
    app = get_wsgi_application()
          ^^^^^^^^^^^^^^^^^^^^^^
  File "/home/zcipcnjx/virtualenv/proyectos_muhia/3.11/lib/python3.11/site-packages/django/core/wsgi.py", line 12, in get_wsgi_application
    django.setup(set_prefix=False)
  File "/home/zcipcnjx/virtualenv/proyectos_muhia/3.11/lib/python3.11/site-packages/django/__init__.py", line 19, in setup
    configure_logging(settings.LOGGING_CONFIG, settings.LOGGING)
                      ^^^^^^^^^^^^^^^^^^^^^^^
  File "/home/zcipcnjx/virtualenv/proyectos_muhia/3.11/lib/python3.11/site-packages/django/conf/__init__.py", line 102, in __getattr__
    self._setup(name)
  File "/home/zcipcnjx/virtualenv/proyectos_muhia/3.11/lib/python3.11/site-packages/django/conf/__init__.py", line 89, in _setup
    self._wrapped = Settings(settings_module)
                    ^^^^^^^^^^^^^^^^^^^^^^^^^
  File "/home/zcipcnjx/virtualenv/proyectos_muhia/3.11/lib/python3.11/site-packages/django/conf/__init__.py", line 217, in __init__
    mod = importlib.import_module(self.SETTINGS_MODULE)
          ^^^^^^^^^^^^^^^^^^^^^^^^^^^^^^^^^^^^^^^^^^^^^
  File "/opt/alt/python311/lib64/python3.11/importlib/__init__.py", line 126, in import_module
    return _bootstrap._gcd_import(name[level:], package, level)
           ^^^^^^^^^^^^^^^^^^^^^^^^^^^^^^^^^^^^^^^^^^^^^^^^^^^^
  File "/home/zcipcnjx/proyectos_muhia/proyectos_muhia/settings.py", line 28, in <module>
    ALLOWED_HOSTS = [produccionesmuhia.ca]
                     ^^^^^^^^^^^^^^^^^
NameError: name 'produccionesmuhia' is not defined
[UID:2351][546229] Child process with pid: 546266 was killed by signal: 15, core dumped: no
Traceback (most recent call last):
  File "/home/zcipcnjx/proyectos_muhia/passenger_wsgi.py", line 9, in <module>
    from proyectos_muhia.wsgi import app
  File "/home/zcipcnjx/proyectos_muhia/proyectos_muhia/wsgi.py", line 16, in <module>
    app = get_wsgi_application()
          ^^^^^^^^^^^^^^^^^^^^^^
  File "/home/zcipcnjx/virtualenv/proyectos_muhia/3.11/lib/python3.11/site-packages/django/core/wsgi.py", line 12, in get_wsgi_application
    django.setup(set_prefix=False)
  File "/home/zcipcnjx/virtualenv/proyectos_muhia/3.11/lib/python3.11/site-packages/django/__init__.py", line 19, in setup
    configure_logging(settings.LOGGING_CONFIG, settings.LOGGING)
                      ^^^^^^^^^^^^^^^^^^^^^^^
  File "/home/zcipcnjx/virtualenv/proyectos_muhia/3.11/lib/python3.11/site-packages/django/conf/__init__.py", line 102, in __getattr__
    self._setup(name)
  File "/home/zcipcnjx/virtualenv/proyectos_muhia/3.11/lib/python3.11/site-packages/django/conf/__init__.py", line 89, in _setup
    self._wrapped = Settings(settings_module)
                    ^^^^^^^^^^^^^^^^^^^^^^^^^
  File "/home/zcipcnjx/virtualenv/proyectos_muhia/3.11/lib/python3.11/site-packages/django/conf/__init__.py", line 217, in __init__
    mod = importlib.import_module(self.SETTINGS_MODULE)
          ^^^^^^^^^^^^^^^^^^^^^^^^^^^^^^^^^^^^^^^^^^^^^
  File "/opt/alt/python311/lib64/python3.11/importlib/__init__.py", line 126, in import_module
    return _bootstrap._gcd_import(name[level:], package, level)
           ^^^^^^^^^^^^^^^^^^^^^^^^^^^^^^^^^^^^^^^^^^^^^^^^^^^^
  File "/home/zcipcnjx/proyectos_muhia/proyectos_muhia/settings.py", line 28, in <module>
    ALLOWED_HOSTS = [produccionesmuhia.ca]
                     ^^^^^^^^^^^^^^^^^
NameError: name 'produccionesmuhia' is not defined
[UID:2351][546229] Child process with pid: 547349 was killed by signal: 15, core dumped: no
Invalid HTTP_HOST header: 'produccionesmuhia.ca'. You may need to add 'produccionesmuhia.ca' to ALLOWED_HOSTS.
Traceback (most recent call last):
  File "/home/zcipcnjx/virtualenv/proyectos_muhia/3.11/lib/python3.11/site-packages/django/core/handlers/exception.py", line 55, in inner
    response = get_response(request)
               ^^^^^^^^^^^^^^^^^^^^^
  File "/home/zcipcnjx/virtualenv/proyectos_muhia/3.11/lib/python3.11/site-packages/django/utils/deprecation.py", line 133, in __call__
    response = self.process_request(request)
               ^^^^^^^^^^^^^^^^^^^^^^^^^^^^^
  File "/home/zcipcnjx/virtualenv/proyectos_muhia/3.11/lib/python3.11/site-packages/django/middleware/common.py", line 48, in process_request
    host = request.get_host()
           ^^^^^^^^^^^^^^^^^^
  File "/home/zcipcnjx/virtualenv/proyectos_muhia/3.11/lib/python3.11/site-packages/django/http/request.py", line 167, in get_host
    raise DisallowedHost(msg)
django.core.exceptions.DisallowedHost: Invalid HTTP_HOST header: 'produccionesmuhia.ca'. You may need to add 'produccionesmuhia.ca' to ALLOWED_HOSTS.
Bad Request: /
Invalid HTTP_HOST header: 'produccionesmuhia.ca'. You may need to add 'produccionesmuhia.ca' to ALLOWED_HOSTS.
Traceback (most recent call last):
  File "/home/zcipcnjx/virtualenv/proyectos_muhia/3.11/lib/python3.11/site-packages/django/core/handlers/exception.py", line 55, in inner
    response = get_response(request)
               ^^^^^^^^^^^^^^^^^^^^^
  File "/home/zcipcnjx/virtualenv/proyectos_muhia/3.11/lib/python3.11/site-packages/django/utils/deprecation.py", line 133, in __call__
    response = self.process_request(request)
               ^^^^^^^^^^^^^^^^^^^^^^^^^^^^^
  File "/home/zcipcnjx/virtualenv/proyectos_muhia/3.11/lib/python3.11/site-packages/django/middleware/common.py", line 48, in process_request
    host = request.get_host()
           ^^^^^^^^^^^^^^^^^^
  File "/home/zcipcnjx/virtualenv/proyectos_muhia/3.11/lib/python3.11/site-packages/django/http/request.py", line 167, in get_host
    raise DisallowedHost(msg)
django.core.exceptions.DisallowedHost: Invalid HTTP_HOST header: 'produccionesmuhia.ca'. You may need to add 'produccionesmuhia.ca' to ALLOWED_HOSTS.
Bad Request: /favicon.ico
Invalid HTTP_HOST header: 'produccionesmuhia.ca'. You may need to add 'produccionesmuhia.ca' to ALLOWED_HOSTS.
Traceback (most recent call last):
  File "/home/zcipcnjx/virtualenv/proyectos_muhia/3.11/lib/python3.11/site-packages/django/core/handlers/exception.py", line 55, in inner
    response = get_response(request)
               ^^^^^^^^^^^^^^^^^^^^^
  File "/home/zcipcnjx/virtualenv/proyectos_muhia/3.11/lib/python3.11/site-packages/django/utils/deprecation.py", line 133, in __call__
    response = self.process_request(request)
               ^^^^^^^^^^^^^^^^^^^^^^^^^^^^^
  File "/home/zcipcnjx/virtualenv/proyectos_muhia/3.11/lib/python3.11/site-packages/django/middleware/common.py", line 48, in process_request
    host = request.get_host()
           ^^^^^^^^^^^^^^^^^^
  File "/home/zcipcnjx/virtualenv/proyectos_muhia/3.11/lib/python3.11/site-packages/django/http/request.py", line 167, in get_host
    raise DisallowedHost(msg)
django.core.exceptions.DisallowedHost: Invalid HTTP_HOST header: 'produccionesmuhia.ca'. You may need to add 'produccionesmuhia.ca' to ALLOWED_HOSTS.
Bad Request: /
Invalid HTTP_HOST header: 'produccionesmuhia.ca'. You may need to add 'produccionesmuhia.ca' to ALLOWED_HOSTS.
Traceback (most recent call last):
  File "/home/zcipcnjx/virtualenv/proyectos_muhia/3.11/lib/python3.11/site-packages/django/core/handlers/exception.py", line 55, in inner
    response = get_response(request)
               ^^^^^^^^^^^^^^^^^^^^^
  File "/home/zcipcnjx/virtualenv/proyectos_muhia/3.11/lib/python3.11/site-packages/django/utils/deprecation.py", line 133, in __call__
    response = self.process_request(request)
               ^^^^^^^^^^^^^^^^^^^^^^^^^^^^^
  File "/home/zcipcnjx/virtualenv/proyectos_muhia/3.11/lib/python3.11/site-packages/django/middleware/common.py", line 48, in process_request
    host = request.get_host()
           ^^^^^^^^^^^^^^^^^^
  File "/home/zcipcnjx/virtualenv/proyectos_muhia/3.11/lib/python3.11/site-packages/django/http/request.py", line 167, in get_host
    raise DisallowedHost(msg)
django.core.exceptions.DisallowedHost: Invalid HTTP_HOST header: 'produccionesmuhia.ca'. You may need to add 'produccionesmuhia.ca' to ALLOWED_HOSTS.
Bad Request: /
Invalid HTTP_HOST header: 'produccionesmuhia.ca'. You may need to add 'produccionesmuhia.ca' to ALLOWED_HOSTS.
Traceback (most recent call last):
  File "/home/zcipcnjx/virtualenv/proyectos_muhia/3.11/lib/python3.11/site-packages/django/core/handlers/exception.py", line 55, in inner
    response = get_response(request)
               ^^^^^^^^^^^^^^^^^^^^^
  File "/home/zcipcnjx/virtualenv/proyectos_muhia/3.11/lib/python3.11/site-packages/django/utils/deprecation.py", line 133, in __call__
    response = self.process_request(request)
               ^^^^^^^^^^^^^^^^^^^^^^^^^^^^^
  File "/home/zcipcnjx/virtualenv/proyectos_muhia/3.11/lib/python3.11/site-packages/django/middleware/common.py", line 48, in process_request
    host = request.get_host()
           ^^^^^^^^^^^^^^^^^^
  File "/home/zcipcnjx/virtualenv/proyectos_muhia/3.11/lib/python3.11/site-packages/django/http/request.py", line 167, in get_host
    raise DisallowedHost(msg)
django.core.exceptions.DisallowedHost: Invalid HTTP_HOST header: 'produccionesmuhia.ca'. You may need to add 'produccionesmuhia.ca' to ALLOWED_HOSTS.
Bad Request: /
Invalid HTTP_HOST header: 'produccionesmuhia.ca'. You may need to add 'produccionesmuhia.ca' to ALLOWED_HOSTS.
Traceback (most recent call last):
  File "/home/zcipcnjx/virtualenv/proyectos_muhia/3.11/lib/python3.11/site-packages/django/core/handlers/exception.py", line 55, in inner
    response = get_response(request)
               ^^^^^^^^^^^^^^^^^^^^^
  File "/home/zcipcnjx/virtualenv/proyectos_muhia/3.11/lib/python3.11/site-packages/django/utils/deprecation.py", line 133, in __call__
    response = self.process_request(request)
               ^^^^^^^^^^^^^^^^^^^^^^^^^^^^^
  File "/home/zcipcnjx/virtualenv/proyectos_muhia/3.11/lib/python3.11/site-packages/django/middleware/common.py", line 48, in process_request
    host = request.get_host()
           ^^^^^^^^^^^^^^^^^^
  File "/home/zcipcnjx/virtualenv/proyectos_muhia/3.11/lib/python3.11/site-packages/django/http/request.py", line 167, in get_host
    raise DisallowedHost(msg)
django.core.exceptions.DisallowedHost: Invalid HTTP_HOST header: 'produccionesmuhia.ca'. You may need to add 'produccionesmuhia.ca' to ALLOWED_HOSTS.
Bad Request: /
Invalid HTTP_HOST header: 'produccionesmuhia.ca'. You may need to add 'produccionesmuhia.ca' to ALLOWED_HOSTS.
Traceback (most recent call last):
  File "/home/zcipcnjx/virtualenv/proyectos_muhia/3.11/lib/python3.11/site-packages/django/core/handlers/exception.py", line 55, in inner
    response = get_response(request)
               ^^^^^^^^^^^^^^^^^^^^^
  File "/home/zcipcnjx/virtualenv/proyectos_muhia/3.11/lib/python3.11/site-packages/django/utils/deprecation.py", line 133, in __call__
    response = self.process_request(request)
               ^^^^^^^^^^^^^^^^^^^^^^^^^^^^^
  File "/home/zcipcnjx/virtualenv/proyectos_muhia/3.11/lib/python3.11/site-packages/django/middleware/common.py", line 48, in process_request
    host = request.get_host()
           ^^^^^^^^^^^^^^^^^^
  File "/home/zcipcnjx/virtualenv/proyectos_muhia/3.11/lib/python3.11/site-packages/django/http/request.py", line 167, in get_host
    raise DisallowedHost(msg)
django.core.exceptions.DisallowedHost: Invalid HTTP_HOST header: 'produccionesmuhia.ca'. You may need to add 'produccionesmuhia.ca' to ALLOWED_HOSTS.
Bad Request: /
Invalid HTTP_HOST header: 'produccionesmuhia.ca'. You may need to add 'produccionesmuhia.ca' to ALLOWED_HOSTS.
Traceback (most recent call last):
  File "/home/zcipcnjx/virtualenv/proyectos_muhia/3.11/lib/python3.11/site-packages/django/core/handlers/exception.py", line 55, in inner
    response = get_response(request)
               ^^^^^^^^^^^^^^^^^^^^^
  File "/home/zcipcnjx/virtualenv/proyectos_muhia/3.11/lib/python3.11/site-packages/django/utils/deprecation.py", line 133, in __call__
    response = self.process_request(request)
               ^^^^^^^^^^^^^^^^^^^^^^^^^^^^^
  File "/home/zcipcnjx/virtualenv/proyectos_muhia/3.11/lib/python3.11/site-packages/django/middleware/common.py", line 48, in process_request
    host = request.get_host()
           ^^^^^^^^^^^^^^^^^^
  File "/home/zcipcnjx/virtualenv/proyectos_muhia/3.11/lib/python3.11/site-packages/django/http/request.py", line 167, in get_host
    raise DisallowedHost(msg)
django.core.exceptions.DisallowedHost: Invalid HTTP_HOST header: 'produccionesmuhia.ca'. You may need to add 'produccionesmuhia.ca' to ALLOWED_HOSTS.
Bad Request: /
Invalid HTTP_HOST header: 'produccionesmuhia.ca'. You may need to add 'produccionesmuhia.ca' to ALLOWED_HOSTS.
Traceback (most recent call last):
  File "/home/zcipcnjx/virtualenv/proyectos_muhia/3.11/lib/python3.11/site-packages/django/core/handlers/exception.py", line 55, in inner
    response = get_response(request)
               ^^^^^^^^^^^^^^^^^^^^^
  File "/home/zcipcnjx/virtualenv/proyectos_muhia/3.11/lib/python3.11/site-packages/django/utils/deprecation.py", line 133, in __call__
    response = self.process_request(request)
               ^^^^^^^^^^^^^^^^^^^^^^^^^^^^^
  File "/home/zcipcnjx/virtualenv/proyectos_muhia/3.11/lib/python3.11/site-packages/django/middleware/common.py", line 48, in process_request
    host = request.get_host()
           ^^^^^^^^^^^^^^^^^^
  File "/home/zcipcnjx/virtualenv/proyectos_muhia/3.11/lib/python3.11/site-packages/django/http/request.py", line 167, in get_host
    raise DisallowedHost(msg)
django.core.exceptions.DisallowedHost: Invalid HTTP_HOST header: 'produccionesmuhia.ca'. You may need to add 'produccionesmuhia.ca' to ALLOWED_HOSTS.
Bad Request: /favicon.ico
Not Found: /
Not Found: /
Not Found: /
Not Found: /
Not Found: /
Not Found: /main/inicio/
[UID:2351][1505993] Child process with pid: 1506013 was killed by signal: 15, core dumped: no
Internal Server Error: /main/
Traceback (most recent call last):
  File "/home/zcipcnjx/virtualenv/proyectos_muhia/3.11/lib/python3.11/site-packages/django/core/handlers/exception.py", line 55, in inner
    response = get_response(request)
               ^^^^^^^^^^^^^^^^^^^^^
  File "/home/zcipcnjx/virtualenv/proyectos_muhia/3.11/lib/python3.11/site-packages/django/core/handlers/base.py", line 197, in _get_response
    response = wrapped_callback(request, *callback_args, **callback_kwargs)
               ^^^^^^^^^^^^^^^^^^^^^^^^^^^^^^^^^^^^^^^^^^^^^^^^^^^^^^^^^^^^
  File "/home/zcipcnjx/proyectos_muhia/portal/views.py", line 7, in inicio
    return render(request, "index.html", {})
           ^^^^^^^^^^^^^^^^^^^^^^^^^^^^^^^^^
  File "/home/zcipcnjx/virtualenv/proyectos_muhia/3.11/lib/python3.11/site-packages/django/shortcuts.py", line 24, in render
    content = loader.render_to_string(template_name, context, request, using=using)
              ^^^^^^^^^^^^^^^^^^^^^^^^^^^^^^^^^^^^^^^^^^^^^^^^^^^^^^^^^^^^^^^^^^^^^
  File "/home/zcipcnjx/virtualenv/proyectos_muhia/3.11/lib/python3.11/site-packages/django/template/loader.py", line 62, in render_to_string
    return template.render(context, request)
           ^^^^^^^^^^^^^^^^^^^^^^^^^^^^^^^^^
  File "/home/zcipcnjx/virtualenv/proyectos_muhia/3.11/lib/python3.11/site-packages/django/template/backends/django.py", line 61, in render
    return self.template.render(context)
           ^^^^^^^^^^^^^^^^^^^^^^^^^^^^^
  File "/home/zcipcnjx/virtualenv/proyectos_muhia/3.11/lib/python3.11/site-packages/django/template/base.py", line 175, in render
    return self._render(context)
           ^^^^^^^^^^^^^^^^^^^^^
  File "/home/zcipcnjx/virtualenv/proyectos_muhia/3.11/lib/python3.11/site-packages/django/template/base.py", line 167, in _render
    return self.nodelist.render(context)
           ^^^^^^^^^^^^^^^^^^^^^^^^^^^^^
  File "/home/zcipcnjx/virtualenv/proyectos_muhia/3.11/lib/python3.11/site-packages/django/template/base.py", line 1005, in render
    return SafeString("".join([node.render_annotated(context) for node in self]))
                              ^^^^^^^^^^^^^^^^^^^^^^^^^^^^^^^^^^^^^^^^^^^^^^^^^
  File "/home/zcipcnjx/virtualenv/proyectos_muhia/3.11/lib/python3.11/site-packages/django/template/base.py", line 1005, in <listcomp>
    return SafeString("".join([node.render_annotated(context) for node in self]))
                               ^^^^^^^^^^^^^^^^^^^^^^^^^^^^^^
  File "/home/zcipcnjx/virtualenv/proyectos_muhia/3.11/lib/python3.11/site-packages/django/template/base.py", line 966, in render_annotated
    return self.render(context)
           ^^^^^^^^^^^^^^^^^^^^
  File "/home/zcipcnjx/virtualenv/proyectos_muhia/3.11/lib/python3.11/site-packages/django/template/loader_tags.py", line 157, in render
    return compiled_parent._render(context)
           ^^^^^^^^^^^^^^^^^^^^^^^^^^^^^^^^
  File "/home/zcipcnjx/virtualenv/proyectos_muhia/3.11/lib/python3.11/site-packages/django/template/base.py", line 167, in _render
    return self.nodelist.render(context)
           ^^^^^^^^^^^^^^^^^^^^^^^^^^^^^
  File "/home/zcipcnjx/virtualenv/proyectos_muhia/3.11/lib/python3.11/site-packages/django/template/base.py", line 1005, in render
    return SafeString("".join([node.render_annotated(context) for node in self]))
                              ^^^^^^^^^^^^^^^^^^^^^^^^^^^^^^^^^^^^^^^^^^^^^^^^^
  File "/home/zcipcnjx/virtualenv/proyectos_muhia/3.11/lib/python3.11/site-packages/django/template/base.py", line 1005, in <listcomp>
    return SafeString("".join([node.render_annotated(context) for node in self]))
                               ^^^^^^^^^^^^^^^^^^^^^^^^^^^^^^
  File "/home/zcipcnjx/virtualenv/proyectos_muhia/3.11/lib/python3.11/site-packages/django/template/base.py", line 966, in render_annotated
    return self.render(context)
           ^^^^^^^^^^^^^^^^^^^^
  File "/home/zcipcnjx/virtualenv/proyectos_muhia/3.11/lib/python3.11/site-packages/django/template/defaulttags.py", line 471, in render
    url = reverse(view_name, args=args, kwargs=kwargs, current_app=current_app)
          ^^^^^^^^^^^^^^^^^^^^^^^^^^^^^^^^^^^^^^^^^^^^^^^^^^^^^^^^^^^^^^^^^^^^^
  File "/home/zcipcnjx/virtualenv/proyectos_muhia/3.11/lib/python3.11/site-packages/django/urls/base.py", line 88, in reverse
    return resolver._reverse_with_prefix(view, prefix, *args, **kwargs)
           ^^^^^^^^^^^^^^^^^^^^^^^^^^^^^^^^^^^^^^^^^^^^^^^^^^^^^^^^^^^^
  File "/home/zcipcnjx/virtualenv/proyectos_muhia/3.11/lib/python3.11/site-packages/django/urls/resolvers.py", line 828, in _reverse_with_prefix
    raise NoReverseMatch(msg)
django.urls.exceptions.NoReverseMatch: Reverse for 'Inicio' not found. 'Inicio' is not a valid view function or pattern name.
Internal Server Error: /main/
Traceback (most recent call last):
  File "/home/zcipcnjx/virtualenv/proyectos_muhia/3.11/lib/python3.11/site-packages/django/core/handlers/exception.py", line 55, in inner
    response = get_response(request)
               ^^^^^^^^^^^^^^^^^^^^^
  File "/home/zcipcnjx/virtualenv/proyectos_muhia/3.11/lib/python3.11/site-packages/django/core/handlers/base.py", line 197, in _get_response
    response = wrapped_callback(request, *callback_args, **callback_kwargs)
               ^^^^^^^^^^^^^^^^^^^^^^^^^^^^^^^^^^^^^^^^^^^^^^^^^^^^^^^^^^^^
  File "/home/zcipcnjx/proyectos_muhia/portal/views.py", line 7, in inicio
    return render(request, "index.html", {})
           ^^^^^^^^^^^^^^^^^^^^^^^^^^^^^^^^^
  File "/home/zcipcnjx/virtualenv/proyectos_muhia/3.11/lib/python3.11/site-packages/django/shortcuts.py", line 24, in render
    content = loader.render_to_string(template_name, context, request, using=using)
              ^^^^^^^^^^^^^^^^^^^^^^^^^^^^^^^^^^^^^^^^^^^^^^^^^^^^^^^^^^^^^^^^^^^^^
  File "/home/zcipcnjx/virtualenv/proyectos_muhia/3.11/lib/python3.11/site-packages/django/template/loader.py", line 62, in render_to_string
    return template.render(context, request)
           ^^^^^^^^^^^^^^^^^^^^^^^^^^^^^^^^^
  File "/home/zcipcnjx/virtualenv/proyectos_muhia/3.11/lib/python3.11/site-packages/django/template/backends/django.py", line 61, in render
    return self.template.render(context)
           ^^^^^^^^^^^^^^^^^^^^^^^^^^^^^
  File "/home/zcipcnjx/virtualenv/proyectos_muhia/3.11/lib/python3.11/site-packages/django/template/base.py", line 175, in render
    return self._render(context)
           ^^^^^^^^^^^^^^^^^^^^^
  File "/home/zcipcnjx/virtualenv/proyectos_muhia/3.11/lib/python3.11/site-packages/django/template/base.py", line 167, in _render
    return self.nodelist.render(context)
           ^^^^^^^^^^^^^^^^^^^^^^^^^^^^^
  File "/home/zcipcnjx/virtualenv/proyectos_muhia/3.11/lib/python3.11/site-packages/django/template/base.py", line 1005, in render
    return SafeString("".join([node.render_annotated(context) for node in self]))
                              ^^^^^^^^^^^^^^^^^^^^^^^^^^^^^^^^^^^^^^^^^^^^^^^^^
  File "/home/zcipcnjx/virtualenv/proyectos_muhia/3.11/lib/python3.11/site-packages/django/template/base.py", line 1005, in <listcomp>
    return SafeString("".join([node.render_annotated(context) for node in self]))
                               ^^^^^^^^^^^^^^^^^^^^^^^^^^^^^^
  File "/home/zcipcnjx/virtualenv/proyectos_muhia/3.11/lib/python3.11/site-packages/django/template/base.py", line 966, in render_annotated
    return self.render(context)
           ^^^^^^^^^^^^^^^^^^^^
  File "/home/zcipcnjx/virtualenv/proyectos_muhia/3.11/lib/python3.11/site-packages/django/template/loader_tags.py", line 157, in render
    return compiled_parent._render(context)
           ^^^^^^^^^^^^^^^^^^^^^^^^^^^^^^^^
  File "/home/zcipcnjx/virtualenv/proyectos_muhia/3.11/lib/python3.11/site-packages/django/template/base.py", line 167, in _render
    return self.nodelist.render(context)
           ^^^^^^^^^^^^^^^^^^^^^^^^^^^^^
  File "/home/zcipcnjx/virtualenv/proyectos_muhia/3.11/lib/python3.11/site-packages/django/template/base.py", line 1005, in render
    return SafeString("".join([node.render_annotated(context) for node in self]))
                              ^^^^^^^^^^^^^^^^^^^^^^^^^^^^^^^^^^^^^^^^^^^^^^^^^
  File "/home/zcipcnjx/virtualenv/proyectos_muhia/3.11/lib/python3.11/site-packages/django/template/base.py", line 1005, in <listcomp>
    return SafeString("".join([node.render_annotated(context) for node in self]))
                               ^^^^^^^^^^^^^^^^^^^^^^^^^^^^^^
  File "/home/zcipcnjx/virtualenv/proyectos_muhia/3.11/lib/python3.11/site-packages/django/template/base.py", line 966, in render_annotated
    return self.render(context)
           ^^^^^^^^^^^^^^^^^^^^
  File "/home/zcipcnjx/virtualenv/proyectos_muhia/3.11/lib/python3.11/site-packages/django/template/defaulttags.py", line 471, in render
    url = reverse(view_name, args=args, kwargs=kwargs, current_app=current_app)
          ^^^^^^^^^^^^^^^^^^^^^^^^^^^^^^^^^^^^^^^^^^^^^^^^^^^^^^^^^^^^^^^^^^^^^
  File "/home/zcipcnjx/virtualenv/proyectos_muhia/3.11/lib/python3.11/site-packages/django/urls/base.py", line 88, in reverse
    return resolver._reverse_with_prefix(view, prefix, *args, **kwargs)
           ^^^^^^^^^^^^^^^^^^^^^^^^^^^^^^^^^^^^^^^^^^^^^^^^^^^^^^^^^^^^
  File "/home/zcipcnjx/virtualenv/proyectos_muhia/3.11/lib/python3.11/site-packages/django/urls/resolvers.py", line 828, in _reverse_with_prefix
    raise NoReverseMatch(msg)
django.urls.exceptions.NoReverseMatch: Reverse for 'Inicio' not found. 'Inicio' is not a valid view function or pattern name.
Internal Server Error: /main/
Traceback (most recent call last):
  File "/home/zcipcnjx/virtualenv/proyectos_muhia/3.11/lib/python3.11/site-packages/django/core/handlers/exception.py", line 55, in inner
    response = get_response(request)
               ^^^^^^^^^^^^^^^^^^^^^
  File "/home/zcipcnjx/virtualenv/proyectos_muhia/3.11/lib/python3.11/site-packages/django/core/handlers/base.py", line 197, in _get_response
    response = wrapped_callback(request, *callback_args, **callback_kwargs)
               ^^^^^^^^^^^^^^^^^^^^^^^^^^^^^^^^^^^^^^^^^^^^^^^^^^^^^^^^^^^^
  File "/home/zcipcnjx/proyectos_muhia/portal/views.py", line 7, in inicio
    return render(request, "index.html", {})
           ^^^^^^^^^^^^^^^^^^^^^^^^^^^^^^^^^
  File "/home/zcipcnjx/virtualenv/proyectos_muhia/3.11/lib/python3.11/site-packages/django/shortcuts.py", line 24, in render
    content = loader.render_to_string(template_name, context, request, using=using)
              ^^^^^^^^^^^^^^^^^^^^^^^^^^^^^^^^^^^^^^^^^^^^^^^^^^^^^^^^^^^^^^^^^^^^^
  File "/home/zcipcnjx/virtualenv/proyectos_muhia/3.11/lib/python3.11/site-packages/django/template/loader.py", line 62, in render_to_string
    return template.render(context, request)
           ^^^^^^^^^^^^^^^^^^^^^^^^^^^^^^^^^
  File "/home/zcipcnjx/virtualenv/proyectos_muhia/3.11/lib/python3.11/site-packages/django/template/backends/django.py", line 61, in render
    return self.template.render(context)
           ^^^^^^^^^^^^^^^^^^^^^^^^^^^^^
  File "/home/zcipcnjx/virtualenv/proyectos_muhia/3.11/lib/python3.11/site-packages/django/template/base.py", line 175, in render
    return self._render(context)
           ^^^^^^^^^^^^^^^^^^^^^
  File "/home/zcipcnjx/virtualenv/proyectos_muhia/3.11/lib/python3.11/site-packages/django/template/base.py", line 167, in _render
    return self.nodelist.render(context)
           ^^^^^^^^^^^^^^^^^^^^^^^^^^^^^
  File "/home/zcipcnjx/virtualenv/proyectos_muhia/3.11/lib/python3.11/site-packages/django/template/base.py", line 1005, in render
    return SafeString("".join([node.render_annotated(context) for node in self]))
                              ^^^^^^^^^^^^^^^^^^^^^^^^^^^^^^^^^^^^^^^^^^^^^^^^^
  File "/home/zcipcnjx/virtualenv/proyectos_muhia/3.11/lib/python3.11/site-packages/django/template/base.py", line 1005, in <listcomp>
    return SafeString("".join([node.render_annotated(context) for node in self]))
                               ^^^^^^^^^^^^^^^^^^^^^^^^^^^^^^
  File "/home/zcipcnjx/virtualenv/proyectos_muhia/3.11/lib/python3.11/site-packages/django/template/base.py", line 966, in render_annotated
    return self.render(context)
           ^^^^^^^^^^^^^^^^^^^^
  File "/home/zcipcnjx/virtualenv/proyectos_muhia/3.11/lib/python3.11/site-packages/django/template/loader_tags.py", line 157, in render
    return compiled_parent._render(context)
           ^^^^^^^^^^^^^^^^^^^^^^^^^^^^^^^^
  File "/home/zcipcnjx/virtualenv/proyectos_muhia/3.11/lib/python3.11/site-packages/django/template/base.py", line 167, in _render
    return self.nodelist.render(context)
           ^^^^^^^^^^^^^^^^^^^^^^^^^^^^^
  File "/home/zcipcnjx/virtualenv/proyectos_muhia/3.11/lib/python3.11/site-packages/django/template/base.py", line 1005, in render
    return SafeString("".join([node.render_annotated(context) for node in self]))
                              ^^^^^^^^^^^^^^^^^^^^^^^^^^^^^^^^^^^^^^^^^^^^^^^^^
  File "/home/zcipcnjx/virtualenv/proyectos_muhia/3.11/lib/python3.11/site-packages/django/template/base.py", line 1005, in <listcomp>
    return SafeString("".join([node.render_annotated(context) for node in self]))
                               ^^^^^^^^^^^^^^^^^^^^^^^^^^^^^^
  File "/home/zcipcnjx/virtualenv/proyectos_muhia/3.11/lib/python3.11/site-packages/django/template/base.py", line 966, in render_annotated
    return self.render(context)
           ^^^^^^^^^^^^^^^^^^^^
  File "/home/zcipcnjx/virtualenv/proyectos_muhia/3.11/lib/python3.11/site-packages/django/template/defaulttags.py", line 471, in render
    url = reverse(view_name, args=args, kwargs=kwargs, current_app=current_app)
          ^^^^^^^^^^^^^^^^^^^^^^^^^^^^^^^^^^^^^^^^^^^^^^^^^^^^^^^^^^^^^^^^^^^^^
  File "/home/zcipcnjx/virtualenv/proyectos_muhia/3.11/lib/python3.11/site-packages/django/urls/base.py", line 88, in reverse
    return resolver._reverse_with_prefix(view, prefix, *args, **kwargs)
           ^^^^^^^^^^^^^^^^^^^^^^^^^^^^^^^^^^^^^^^^^^^^^^^^^^^^^^^^^^^^
  File "/home/zcipcnjx/virtualenv/proyectos_muhia/3.11/lib/python3.11/site-packages/django/urls/resolvers.py", line 828, in _reverse_with_prefix
    raise NoReverseMatch(msg)
django.urls.exceptions.NoReverseMatch: Reverse for 'quienes' not found. 'quienes' is not a valid view function or pattern name.
[UID:2351][1505993] Child process with pid: 1540821 was killed by signal: 15, core dumped: no
Not Found: /static/css/aos.min.css
Not Found: /static/css/Hero-Features-icons.css
Not Found: /static/css/Lightbox-Gallery.css
Not Found: /static/css/Features-Large-Icons-icons.css
Not Found: /static/css/Hero-Clean-Reverse-images.css
Not Found: /static/css/Bootstrap-Calendar.css
Not Found: /static/css/Simple-Slider-swiper.min.css
Not Found: /static/css/Simple-Slider.css
Not Found: /static/css/untitled-1.css
Not Found: /static/css/untitled-2.css
Not Found: /static/css/untitled.css
Not Found: /static/bootstrap/css/bootstrap.min.css
Not Found: /static/fonts/font-awesome.min.css
Not Found: /static/js/aos.min.js
Not Found: /static/js/jquery.min.js
Not Found: /static/bootstrap/js/bootstrap.min.js
Not Found: /static/js/bs-init.js
Not Found: /static/js/current-day.js
Not Found: /static/js/Simple-Slider-swiper.jquery.min.js
Not Found: /static/js/Simple-Slider.js
Not Found: /static/img/logo.png
Not Found: /static/img/1400x600.png
Not Found: /static/img/materias_primas.png
Not Found: /static/img/sobre_nosotros.png
Not Found: /static/img/carousel1.png
Not Found: /static/bootstrap/js/bootstrap.min.js
Not Found: /main/static/img/carousel/carousel.jpeg
Not Found: /static/img/envios_entregas.jpg
Not Found: /main/static/img/carousel/carousel3.jpeg
Not Found: /main/static/img/carousel/carousel2.jpeg
Not Found: /main/static/img/galeria3.jpg
Not Found: /static/img/imperio_romano.jpeg
Not Found: /static/js/aos.min.js
Not Found: /static/img/lejia-amoniaco.jpg
Not Found: /main/static/img/galeria4.jpg
Not Found: /main/static/img/galeria5.jpg
Not Found: /main/static/img/galeria6.jpg
Not Found: /main/static/img/galeria7.jpg
Not Found: /static/js/bs-init.js
Not Found: /static/js/current-day.js
Not Found: /static/js/Simple-Slider-swiper.jquery.min.js
Not Found: /static/js/Simple-Slider.js
Not Found: /static/img/productos.jpeg
Not Found: /static/img/productos.jpeg
Not Found: /static/css/aos.min.css
Not Found: /static/bootstrap/css/bootstrap.min.css
Not Found: /static/fonts/font-awesome.min.css
Not Found: /static/css/Bootstrap-Calendar.css
Not Found: /static/css/Hero-Clean-Reverse-images.css
Not Found: /static/css/Hero-Features-icons.css
Not Found: /static/css/Features-Large-Icons-icons.css
Not Found: /static/css/Lightbox-Gallery.css
Not Found: /static/css/untitled-1.css
Not Found: /static/css/Simple-Slider-swiper.min.css
Not Found: /static/css/untitled.css
Not Found: /static/css/Simple-Slider.css
Not Found: /static/css/untitled-2.css
Not Found: /static/bootstrap/js/bootstrap.min.js
Not Found: /static/js/jquery.min.js
Not Found: /static/js/aos.min.js
Not Found: /static/js/bs-init.js
Not Found: /static/js/Simple-Slider-swiper.jquery.min.js
Not Found: /static/js/current-day.js
Not Found: /static/img/1400x600.png
Not Found: /static/js/Simple-Slider.js
Not Found: /static/bootstrap/js/bootstrap.min.js
Not Found: /static/img/logo.png
Not Found: /static/img/sobre_nosotros.png
Not Found: /static/img/carousel1.png
Not Found: /static/img/envios_entregas.jpg
Not Found: /static/img/materias_primas.png
Not Found: /static/img/imperio_romano.jpeg
Not Found: /static/js/aos.min.js
Not Found: /main/static/img/carousel/carousel.jpeg
Not Found: /static/img/lejia-amoniaco.jpg
Not Found: /main/static/img/carousel/carousel2.jpeg
Not Found: /main/static/img/galeria4.jpg
Not Found: /main/static/img/carousel/carousel3.jpeg
Not Found: /main/static/img/galeria3.jpg
Not Found: /static/js/bs-init.js
Not Found: /main/static/img/galeria5.jpg
Not Found: /main/static/img/galeria6.jpg
Not Found: /main/static/img/galeria7.jpg
Not Found: /static/js/current-day.js
Not Found: /static/js/Simple-Slider-swiper.jquery.min.js
Not Found: /static/js/Simple-Slider.js
Internal Server Error: /main/
Traceback (most recent call last):
  File "/home/zcipcnjx/virtualenv/proyectos_muhia/3.11/lib/python3.11/site-packages/django/template/defaulttags.py", line 1026, in find_library
    return parser.libraries[name]
           ~~~~~~~~~~~~~~~~^^^^^^
KeyError: 'static_root'

During handling of the above exception, another exception occurred:

Traceback (most recent call last):
  File "/home/zcipcnjx/virtualenv/proyectos_muhia/3.11/lib/python3.11/site-packages/django/core/handlers/exception.py", line 55, in inner
    response = get_response(request)
               ^^^^^^^^^^^^^^^^^^^^^
  File "/home/zcipcnjx/virtualenv/proyectos_muhia/3.11/lib/python3.11/site-packages/django/core/handlers/base.py", line 197, in _get_response
    response = wrapped_callback(request, *callback_args, **callback_kwargs)
               ^^^^^^^^^^^^^^^^^^^^^^^^^^^^^^^^^^^^^^^^^^^^^^^^^^^^^^^^^^^^
  File "/home/zcipcnjx/proyectos_muhia/portal/views.py", line 7, in inicio
    return render(request, "index.html", {})
           ^^^^^^^^^^^^^^^^^^^^^^^^^^^^^^^^^
  File "/home/zcipcnjx/virtualenv/proyectos_muhia/3.11/lib/python3.11/site-packages/django/shortcuts.py", line 24, in render
    content = loader.render_to_string(template_name, context, request, using=using)
              ^^^^^^^^^^^^^^^^^^^^^^^^^^^^^^^^^^^^^^^^^^^^^^^^^^^^^^^^^^^^^^^^^^^^^
  File "/home/zcipcnjx/virtualenv/proyectos_muhia/3.11/lib/python3.11/site-packages/django/template/loader.py", line 62, in render_to_string
    return template.render(context, request)
           ^^^^^^^^^^^^^^^^^^^^^^^^^^^^^^^^^
  File "/home/zcipcnjx/virtualenv/proyectos_muhia/3.11/lib/python3.11/site-packages/django/template/backends/django.py", line 61, in render
    return self.template.render(context)
           ^^^^^^^^^^^^^^^^^^^^^^^^^^^^^
  File "/home/zcipcnjx/virtualenv/proyectos_muhia/3.11/lib/python3.11/site-packages/django/template/base.py", line 175, in render
    return self._render(context)
           ^^^^^^^^^^^^^^^^^^^^^
  File "/home/zcipcnjx/virtualenv/proyectos_muhia/3.11/lib/python3.11/site-packages/django/template/base.py", line 167, in _render
    return self.nodelist.render(context)
           ^^^^^^^^^^^^^^^^^^^^^^^^^^^^^
  File "/home/zcipcnjx/virtualenv/proyectos_muhia/3.11/lib/python3.11/site-packages/django/template/base.py", line 1005, in render
    return SafeString("".join([node.render_annotated(context) for node in self]))
                              ^^^^^^^^^^^^^^^^^^^^^^^^^^^^^^^^^^^^^^^^^^^^^^^^^
  File "/home/zcipcnjx/virtualenv/proyectos_muhia/3.11/lib/python3.11/site-packages/django/template/base.py", line 1005, in <listcomp>
    return SafeString("".join([node.render_annotated(context) for node in self]))
                               ^^^^^^^^^^^^^^^^^^^^^^^^^^^^^^
  File "/home/zcipcnjx/virtualenv/proyectos_muhia/3.11/lib/python3.11/site-packages/django/template/base.py", line 966, in render_annotated
    return self.render(context)
           ^^^^^^^^^^^^^^^^^^^^
  File "/home/zcipcnjx/virtualenv/proyectos_muhia/3.11/lib/python3.11/site-packages/django/template/loader_tags.py", line 132, in render
    compiled_parent = self.get_parent(context)
                      ^^^^^^^^^^^^^^^^^^^^^^^^
  File "/home/zcipcnjx/virtualenv/proyectos_muhia/3.11/lib/python3.11/site-packages/django/template/loader_tags.py", line 129, in get_parent
    return self.find_template(parent, context)
           ^^^^^^^^^^^^^^^^^^^^^^^^^^^^^^^^^^^
  File "/home/zcipcnjx/virtualenv/proyectos_muhia/3.11/lib/python3.11/site-packages/django/template/loader_tags.py", line 107, in find_template
    template, origin = context.template.engine.find_template(
                       ^^^^^^^^^^^^^^^^^^^^^^^^^^^^^^^^^^^^^^
  File "/home/zcipcnjx/virtualenv/proyectos_muhia/3.11/lib/python3.11/site-packages/django/template/engine.py", line 157, in find_template
    template = loader.get_template(name, skip=skip)
               ^^^^^^^^^^^^^^^^^^^^^^^^^^^^^^^^^^^^
  File "/home/zcipcnjx/virtualenv/proyectos_muhia/3.11/lib/python3.11/site-packages/django/template/loaders/cached.py", line 57, in get_template
    template = super().get_template(template_name, skip)
               ^^^^^^^^^^^^^^^^^^^^^^^^^^^^^^^^^^^^^^^^^
  File "/home/zcipcnjx/virtualenv/proyectos_muhia/3.11/lib/python3.11/site-packages/django/template/loaders/base.py", line 28, in get_template
    return Template(
           ^^^^^^^^^
  File "/home/zcipcnjx/virtualenv/proyectos_muhia/3.11/lib/python3.11/site-packages/django/template/base.py", line 154, in __init__
    self.nodelist = self.compile_nodelist()
                    ^^^^^^^^^^^^^^^^^^^^^^^
  File "/home/zcipcnjx/virtualenv/proyectos_muhia/3.11/lib/python3.11/site-packages/django/template/base.py", line 200, in compile_nodelist
    return parser.parse()
           ^^^^^^^^^^^^^^
  File "/home/zcipcnjx/virtualenv/proyectos_muhia/3.11/lib/python3.11/site-packages/django/template/base.py", line 513, in parse
    raise self.error(token, e)
  File "/home/zcipcnjx/virtualenv/proyectos_muhia/3.11/lib/python3.11/site-packages/django/template/base.py", line 511, in parse
    compiled_result = compile_func(self, token)
                      ^^^^^^^^^^^^^^^^^^^^^^^^^
  File "/home/zcipcnjx/virtualenv/proyectos_muhia/3.11/lib/python3.11/site-packages/django/template/defaulttags.py", line 1088, in load
    lib = find_library(parser, name)
          ^^^^^^^^^^^^^^^^^^^^^^^^^^
  File "/home/zcipcnjx/virtualenv/proyectos_muhia/3.11/lib/python3.11/site-packages/django/template/defaulttags.py", line 1028, in find_library
    raise TemplateSyntaxError(
django.template.exceptions.TemplateSyntaxError: 'static_root' is not a registered tag library. Must be one of:
admin_list
admin_modify
admin_urls
cache
i18n
l10n
log
static
tz
Not Found: /static/bootstrap/css/bootstrap.min.css
Not Found: /static/fonts/font-awesome.min.css
Not Found: /static/css/Features-Large-Icons-icons.css
Not Found: /static/css/Bootstrap-Calendar.css
Not Found: /static/css/aos.min.css
Not Found: /static/css/Hero-Clean-Reverse-images.css
Not Found: /static/css/Hero-Features-icons.css
Not Found: /static/css/Lightbox-Gallery.css
Not Found: /static/css/Simple-Slider.css
Not Found: /static/css/Simple-Slider-swiper.min.css
Not Found: /static/css/untitled-1.css
Not Found: /static/css/untitled-2.css
Not Found: /static/css/untitled.css
Not Found: /static/js/jquery.min.js
Not Found: /static/bootstrap/js/bootstrap.min.js
Not Found: /static/js/aos.min.js
Not Found: /static/js/current-day.js
Not Found: /static/js/bs-init.js
Not Found: /static/js/Simple-Slider-swiper.jquery.min.js
Not Found: /static/js/Simple-Slider.js
Not Found: /static/img/carousel1.png
Not Found: /static/img/materias_primas.png
Not Found: /static/img/logo.png
Not Found: /static/img/envios_entregas.jpg
Not Found: /static/js/current-day.js
Not Found: /static/img/1400x600.png
Not Found: /static/img/sobre_nosotros.png
Not Found: /static/img/imperio_romano.jpeg
Not Found: /main/static/img/carousel/carousel.jpeg
Not Found: /static/img/lejia-amoniaco.jpg
Not Found: /main/static/img/carousel/carousel2.jpeg
Not Found: /static/js/Simple-Slider-swiper.jquery.min.js
Not Found: /main/static/img/carousel/carousel3.jpeg
Not Found: /main/static/img/galeria3.jpg
Not Found: /main/static/img/galeria5.jpg
Not Found: /main/static/img/galeria4.jpg
Not Found: /main/static/img/galeria6.jpg
Not Found: /main/static/img/galeria7.jpg
Not Found: /static/js/Simple-Slider.js
[UID:2351][1599784] Child process with pid: 1617891 was killed by signal: 15, core dumped: no
Internal Server Error: /main/quien/
Traceback (most recent call last):
  File "/home/zcipcnjx/virtualenv/proyectos_muhia/3.11/lib/python3.11/site-packages/django/template/defaulttags.py", line 1026, in find_library
    return parser.libraries[name]
           ~~~~~~~~~~~~~~~~^^^^^^
KeyError: 'static_root'

During handling of the above exception, another exception occurred:

Traceback (most recent call last):
  File "/home/zcipcnjx/virtualenv/proyectos_muhia/3.11/lib/python3.11/site-packages/django/core/handlers/exception.py", line 55, in inner
    response = get_response(request)
               ^^^^^^^^^^^^^^^^^^^^^
  File "/home/zcipcnjx/virtualenv/proyectos_muhia/3.11/lib/python3.11/site-packages/django/core/handlers/base.py", line 197, in _get_response
    response = wrapped_callback(request, *callback_args, **callback_kwargs)
               ^^^^^^^^^^^^^^^^^^^^^^^^^^^^^^^^^^^^^^^^^^^^^^^^^^^^^^^^^^^^
  File "/home/zcipcnjx/proyectos_muhia/portal/views.py", line 10, in about
    return render(request, "about.html", {})
           ^^^^^^^^^^^^^^^^^^^^^^^^^^^^^^^^^
  File "/home/zcipcnjx/virtualenv/proyectos_muhia/3.11/lib/python3.11/site-packages/django/shortcuts.py", line 24, in render
    content = loader.render_to_string(template_name, context, request, using=using)
              ^^^^^^^^^^^^^^^^^^^^^^^^^^^^^^^^^^^^^^^^^^^^^^^^^^^^^^^^^^^^^^^^^^^^^
  File "/home/zcipcnjx/virtualenv/proyectos_muhia/3.11/lib/python3.11/site-packages/django/template/loader.py", line 62, in render_to_string
    return template.render(context, request)
           ^^^^^^^^^^^^^^^^^^^^^^^^^^^^^^^^^
  File "/home/zcipcnjx/virtualenv/proyectos_muhia/3.11/lib/python3.11/site-packages/django/template/backends/django.py", line 61, in render
    return self.template.render(context)
           ^^^^^^^^^^^^^^^^^^^^^^^^^^^^^
  File "/home/zcipcnjx/virtualenv/proyectos_muhia/3.11/lib/python3.11/site-packages/django/template/base.py", line 175, in render
    return self._render(context)
           ^^^^^^^^^^^^^^^^^^^^^
  File "/home/zcipcnjx/virtualenv/proyectos_muhia/3.11/lib/python3.11/site-packages/django/template/base.py", line 167, in _render
    return self.nodelist.render(context)
           ^^^^^^^^^^^^^^^^^^^^^^^^^^^^^
  File "/home/zcipcnjx/virtualenv/proyectos_muhia/3.11/lib/python3.11/site-packages/django/template/base.py", line 1005, in render
    return SafeString("".join([node.render_annotated(context) for node in self]))
                              ^^^^^^^^^^^^^^^^^^^^^^^^^^^^^^^^^^^^^^^^^^^^^^^^^
  File "/home/zcipcnjx/virtualenv/proyectos_muhia/3.11/lib/python3.11/site-packages/django/template/base.py", line 1005, in <listcomp>
    return SafeString("".join([node.render_annotated(context) for node in self]))
                               ^^^^^^^^^^^^^^^^^^^^^^^^^^^^^^
  File "/home/zcipcnjx/virtualenv/proyectos_muhia/3.11/lib/python3.11/site-packages/django/template/base.py", line 966, in render_annotated
    return self.render(context)
           ^^^^^^^^^^^^^^^^^^^^
  File "/home/zcipcnjx/virtualenv/proyectos_muhia/3.11/lib/python3.11/site-packages/django/template/loader_tags.py", line 132, in render
    compiled_parent = self.get_parent(context)
                      ^^^^^^^^^^^^^^^^^^^^^^^^
  File "/home/zcipcnjx/virtualenv/proyectos_muhia/3.11/lib/python3.11/site-packages/django/template/loader_tags.py", line 129, in get_parent
    return self.find_template(parent, context)
           ^^^^^^^^^^^^^^^^^^^^^^^^^^^^^^^^^^^
  File "/home/zcipcnjx/virtualenv/proyectos_muhia/3.11/lib/python3.11/site-packages/django/template/loader_tags.py", line 107, in find_template
    template, origin = context.template.engine.find_template(
                       ^^^^^^^^^^^^^^^^^^^^^^^^^^^^^^^^^^^^^^
  File "/home/zcipcnjx/virtualenv/proyectos_muhia/3.11/lib/python3.11/site-packages/django/template/engine.py", line 157, in find_template
    template = loader.get_template(name, skip=skip)
               ^^^^^^^^^^^^^^^^^^^^^^^^^^^^^^^^^^^^
  File "/home/zcipcnjx/virtualenv/proyectos_muhia/3.11/lib/python3.11/site-packages/django/template/loaders/cached.py", line 57, in get_template
    template = super().get_template(template_name, skip)
               ^^^^^^^^^^^^^^^^^^^^^^^^^^^^^^^^^^^^^^^^^
  File "/home/zcipcnjx/virtualenv/proyectos_muhia/3.11/lib/python3.11/site-packages/django/template/loaders/base.py", line 28, in get_template
    return Template(
           ^^^^^^^^^
  File "/home/zcipcnjx/virtualenv/proyectos_muhia/3.11/lib/python3.11/site-packages/django/template/base.py", line 154, in __init__
    self.nodelist = self.compile_nodelist()
                    ^^^^^^^^^^^^^^^^^^^^^^^
  File "/home/zcipcnjx/virtualenv/proyectos_muhia/3.11/lib/python3.11/site-packages/django/template/base.py", line 200, in compile_nodelist
    return parser.parse()
           ^^^^^^^^^^^^^^
  File "/home/zcipcnjx/virtualenv/proyectos_muhia/3.11/lib/python3.11/site-packages/django/template/base.py", line 513, in parse
    raise self.error(token, e)
  File "/home/zcipcnjx/virtualenv/proyectos_muhia/3.11/lib/python3.11/site-packages/django/template/base.py", line 511, in parse
    compiled_result = compile_func(self, token)
                      ^^^^^^^^^^^^^^^^^^^^^^^^^
  File "/home/zcipcnjx/virtualenv/proyectos_muhia/3.11/lib/python3.11/site-packages/django/template/defaulttags.py", line 1088, in load
    lib = find_library(parser, name)
          ^^^^^^^^^^^^^^^^^^^^^^^^^^
  File "/home/zcipcnjx/virtualenv/proyectos_muhia/3.11/lib/python3.11/site-packages/django/template/defaulttags.py", line 1028, in find_library
    raise TemplateSyntaxError(
django.template.exceptions.TemplateSyntaxError: 'static_root' is not a registered tag library. Must be one of:
admin_list
admin_modify
admin_urls
cache
i18n
l10n
log
static
tz
Not Found: /favicon.ico
Not Found: /static/bootstrap/css/bootstrap.min.css
Not Found: /static/fonts/font-awesome.min.css
Not Found: /static/css/Bootstrap-Calendar.css
Not Found: /static/css/aos.min.css
Not Found: /static/css/Hero-Clean-Reverse-images.css
Not Found: /static/css/Features-Large-Icons-icons.css
Not Found: /static/css/Hero-Features-icons.css
Not Found: /static/css/Simple-Slider.css
Not Found: /static/css/untitled-1.css
Not Found: /static/css/Simple-Slider-swiper.min.css
Not Found: /static/css/untitled-2.css
Not Found: /static/css/Lightbox-Gallery.css
Not Found: /static/css/untitled.css
Not Found: /static/bootstrap/js/bootstrap.min.js
Not Found: /static/js/jquery.min.js
Not Found: /static/js/aos.min.js
Not Found: /static/js/bs-init.js
Not Found: /static/js/current-day.js
Not Found: /static/js/Simple-Slider-swiper.jquery.min.js
Not Found: /static/js/Simple-Slider.js
Not Found: /static/img/imperio_romano.jpeg
Not Found: /static/img/sobre_nosotros.png
Not Found: /static/img/logo.png
Not Found: /static/bootstrap/js/bootstrap.min.js
Not Found: /static/js/aos.min.js
Not Found: /static/js/bs-init.js
Not Found: /static/js/current-day.js
Not Found: /static/js/Simple-Slider-swiper.jquery.min.js
Not Found: /static/js/Simple-Slider.js
Not Found: /static/bootstrap/css/bootstrap.min.css
Not Found: /static/fonts/font-awesome.min.css
Not Found: /static/css/Hero-Clean-Reverse-images.css
Not Found: /static/css/Bootstrap-Calendar.css
Not Found: /static/css/Features-Large-Icons-icons.css
Not Found: /static/css/Hero-Features-icons.css
Not Found: /static/css/aos.min.css
Not Found: /static/css/Lightbox-Gallery.css
Not Found: /static/css/Simple-Slider-swiper.min.css
Not Found: /static/css/untitled-1.css
Not Found: /static/css/Simple-Slider.css
Not Found: /static/css/untitled-2.css
Not Found: /static/css/untitled.css
Not Found: /static/bootstrap/js/bootstrap.min.js
Not Found: /static/js/jquery.min.js
Not Found: /static/js/bs-init.js
Not Found: /static/js/aos.min.js
Not Found: /static/js/current-day.js
Not Found: /static/js/Simple-Slider-swiper.jquery.min.js
Not Found: /static/js/Simple-Slider.js
Not Found: /static/img/logo.png
Not Found: /static/img/sobre_nosotros.png
Not Found: /static/bootstrap/js/bootstrap.min.js
Not Found: /static/img/imperio_romano.jpeg
Not Found: /static/js/aos.min.js
Not Found: /static/js/bs-init.js
Not Found: /static/js/current-day.js
Not Found: /static/js/Simple-Slider-swiper.jquery.min.js
Not Found: /static/js/Simple-Slider.js
Not Found: /static/fonts/font-awesome.min.css
Not Found: /static/bootstrap/css/bootstrap.min.css
Not Found: /static/css/Bootstrap-Calendar.css
Not Found: /static/css/aos.min.css
Not Found: /static/css/Features-Large-Icons-icons.css
Not Found: /static/css/Hero-Clean-Reverse-images.css
Not Found: /static/css/Hero-Features-icons.css
Not Found: /static/css/Lightbox-Gallery.css
Not Found: /static/css/untitled-1.css
Not Found: /static/css/Simple-Slider.css
Not Found: /static/css/Simple-Slider-swiper.min.css
Not Found: /static/css/untitled-2.css
Not Found: /static/css/untitled.css
Not Found: /static/js/jquery.min.js
Not Found: /static/bootstrap/js/bootstrap.min.js
Not Found: /static/js/bs-init.js
Not Found: /static/js/aos.min.js
Not Found: /static/js/current-day.js
Not Found: /static/js/Simple-Slider-swiper.jquery.min.js
Not Found: /static/img/imperio_romano.jpeg
Not Found: /static/js/Simple-Slider.js
Not Found: /static/img/sobre_nosotros.png
Not Found: /static/js/aos.min.js
Not Found: /static/img/logo.png
Not Found: /static/js/bs-init.js
Not Found: /static/js/current-day.js
Not Found: /static/js/Simple-Slider-swiper.jquery.min.js
Not Found: /static/js/Simple-Slider.js
Not Found: /static/bootstrap/css/bootstrap.min.css
Not Found: /static/css/aos.min.css
Not Found: /static/fonts/font-awesome.min.css
Not Found: /static/css/Features-Large-Icons-icons.css
Not Found: /static/css/Bootstrap-Calendar.css
Not Found: /static/css/Hero-Features-icons.css
Not Found: /static/css/Hero-Clean-Reverse-images.css
Not Found: /static/css/Lightbox-Gallery.css
Not Found: /static/css/untitled-2.css
Not Found: /static/css/Simple-Slider-swiper.min.css
Not Found: /static/css/Simple-Slider.css
Not Found: /static/css/untitled.css
Not Found: /static/css/untitled-1.css
Not Found: /static/js/aos.min.js
Not Found: /static/js/bs-init.js
Not Found: /static/js/jquery.min.js
Not Found: /static/bootstrap/js/bootstrap.min.js
Not Found: /static/js/current-day.js
Not Found: /static/js/Simple-Slider-swiper.jquery.min.js
Not Found: /static/js/Simple-Slider.js
Not Found: /static/img/imperio_romano.jpeg
Not Found: /static/js/aos.min.js
Not Found: /static/img/sobre_nosotros.png
Not Found: /static/img/logo.png
Not Found: /static/js/bs-init.js
Not Found: /static/js/current-day.js
Not Found: /static/js/Simple-Slider-swiper.jquery.min.js
Not Found: /static/js/Simple-Slider.js
Not Found: /static/bootstrap/css/bootstrap.min.css
Not Found: /static/fonts/font-awesome.min.css
Not Found: /static/css/aos.min.css
Not Found: /static/css/Bootstrap-Calendar.css
Not Found: /static/css/Features-Large-Icons-icons.css
Not Found: /static/css/Hero-Clean-Reverse-images.css
Not Found: /static/css/Simple-Slider-swiper.min.css
Not Found: /static/css/Lightbox-Gallery.css
Not Found: /static/css/Simple-Slider.css
Not Found: /static/css/Hero-Features-icons.css
Not Found: /static/css/untitled.css
Not Found: /static/css/untitled-1.css
Not Found: /static/img/logo.png
Not Found: /static/css/untitled-2.css
Not Found: /static/img/imperio_romano.jpeg
Not Found: /static/img/materias_primas.png
Not Found: /static/img/carousel1.png
Not Found: /static/img/1400x600.png
Not Found: /static/img/envios_entregas.jpg
Not Found: /static/img/sobre_nosotros.png
Not Found: /static/img/lejia-amoniaco.jpg
Not Found: /static/bootstrap/js/bootstrap.min.js
Not Found: /static/js/jquery.min.js
Not Found: /static/js/bs-init.js
Not Found: /static/js/aos.min.js
Not Found: /static/js/Simple-Slider-swiper.jquery.min.js
Not Found: /static/js/current-day.js
Not Found: /static/js/Simple-Slider.js
Not Found: /static/js/bs-init.js
Not Found: /static/js/current-day.js
Not Found: /main/static/img/carousel/carousel.jpeg
Not Found: /main/static/img/carousel/carousel2.jpeg
Not Found: /main/static/img/carousel/carousel3.jpeg
Not Found: /main/static/img/galeria3.jpg
Not Found: /main/static/img/galeria5.jpg
Not Found: /main/static/img/galeria4.jpg
Not Found: /main/static/img/galeria6.jpg
Not Found: /main/static/img/galeria7.jpg
Not Found: /static/js/Simple-Slider-swiper.jquery.min.js
Not Found: /static/js/Simple-Slider.js
Not Found: /static/img/productos.jpeg
Not Found: /static/img/productos.jpeg
Not Found: /static/bootstrap/css/bootstrap.min.css
Not Found: /static/fonts/font-awesome.min.css
Not Found: /static/css/aos.min.css
Not Found: /static/css/Hero-Features-icons.css
Not Found: /static/css/Lightbox-Gallery.css
Not Found: /static/css/Bootstrap-Calendar.css
Not Found: /static/css/Features-Large-Icons-icons.css
Not Found: /static/css/Hero-Clean-Reverse-images.css
Not Found: /static/css/Simple-Slider.css
Not Found: /static/css/untitled.css
Not Found: /static/css/untitled-2.css
Not Found: /static/css/untitled-1.css
Not Found: /static/css/Simple-Slider-swiper.min.css
Not Found: /static/img/sobre_nosotros.png
Not Found: /static/js/jquery.min.js
Not Found: /static/img/materias_primas.png
Not Found: /static/img/carousel1.png
Not Found: /static/js/bs-init.js
Not Found: /static/js/current-day.js
Not Found: /static/js/aos.min.js
Not Found: /static/bootstrap/js/bootstrap.min.js
Not Found: /static/js/Simple-Slider.js
Not Found: /static/img/1400x600.png
Not Found: /static/img/logo.png
Not Found: /static/js/Simple-Slider-swiper.jquery.min.js
Not Found: /static/img/envios_entregas.jpg
Not Found: /static/img/imperio_romano.jpeg
Not Found: /static/img/lejia-amoniaco.jpg
Not Found: /main/static/img/galeria3.jpg
Not Found: /main/static/img/carousel/carousel.jpeg
Not Found: /main/static/img/carousel/carousel3.jpeg
Not Found: /main/static/img/galeria4.jpg
Not Found: /main/static/img/carousel/carousel2.jpeg
Not Found: /main/static/img/galeria6.jpg
Not Found: /main/static/img/galeria5.jpg
Not Found: /main/static/img/galeria7.jpg
Not Found: /static/bootstrap/js/bootstrap.min.js
Not Found: /static/js/aos.min.js
Not Found: /static/js/bs-init.js
Not Found: /static/js/current-day.js
Not Found: /static/js/Simple-Slider-swiper.jquery.min.js
Not Found: /static/js/Simple-Slider.js
[UID:2351][1668752] Child process with pid: 1679564 was killed by signal: 15, core dumped: no
Not Found: /
Internal Server Error: /main/
Traceback (most recent call last):
  File "/home/zcipcnjx/virtualenv/proyectos_muhia/3.11/lib/python3.11/site-packages/django/template/defaulttags.py", line 1026, in find_library
    return parser.libraries[name]
           ~~~~~~~~~~~~~~~~^^^^^^
KeyError: 'boostrap5'

During handling of the above exception, another exception occurred:

Traceback (most recent call last):
  File "/home/zcipcnjx/virtualenv/proyectos_muhia/3.11/lib/python3.11/site-packages/django/core/handlers/exception.py", line 55, in inner
    response = get_response(request)
               ^^^^^^^^^^^^^^^^^^^^^
  File "/home/zcipcnjx/virtualenv/proyectos_muhia/3.11/lib/python3.11/site-packages/django/core/handlers/base.py", line 197, in _get_response
    response = wrapped_callback(request, *callback_args, **callback_kwargs)
               ^^^^^^^^^^^^^^^^^^^^^^^^^^^^^^^^^^^^^^^^^^^^^^^^^^^^^^^^^^^^
  File "/home/zcipcnjx/proyectos_muhia/portal/views.py", line 7, in inicio
    return render(request, "index.html", {})
           ^^^^^^^^^^^^^^^^^^^^^^^^^^^^^^^^^
  File "/home/zcipcnjx/virtualenv/proyectos_muhia/3.11/lib/python3.11/site-packages/django/shortcuts.py", line 24, in render
    content = loader.render_to_string(template_name, context, request, using=using)
              ^^^^^^^^^^^^^^^^^^^^^^^^^^^^^^^^^^^^^^^^^^^^^^^^^^^^^^^^^^^^^^^^^^^^^
  File "/home/zcipcnjx/virtualenv/proyectos_muhia/3.11/lib/python3.11/site-packages/django/template/loader.py", line 62, in render_to_string
    return template.render(context, request)
           ^^^^^^^^^^^^^^^^^^^^^^^^^^^^^^^^^
  File "/home/zcipcnjx/virtualenv/proyectos_muhia/3.11/lib/python3.11/site-packages/django/template/backends/django.py", line 61, in render
    return self.template.render(context)
           ^^^^^^^^^^^^^^^^^^^^^^^^^^^^^
  File "/home/zcipcnjx/virtualenv/proyectos_muhia/3.11/lib/python3.11/site-packages/django/template/base.py", line 175, in render
    return self._render(context)
           ^^^^^^^^^^^^^^^^^^^^^
  File "/home/zcipcnjx/virtualenv/proyectos_muhia/3.11/lib/python3.11/site-packages/django/template/base.py", line 167, in _render
    return self.nodelist.render(context)
           ^^^^^^^^^^^^^^^^^^^^^^^^^^^^^
  File "/home/zcipcnjx/virtualenv/proyectos_muhia/3.11/lib/python3.11/site-packages/django/template/base.py", line 1005, in render
    return SafeString("".join([node.render_annotated(context) for node in self]))
                              ^^^^^^^^^^^^^^^^^^^^^^^^^^^^^^^^^^^^^^^^^^^^^^^^^
  File "/home/zcipcnjx/virtualenv/proyectos_muhia/3.11/lib/python3.11/site-packages/django/template/base.py", line 1005, in <listcomp>
    return SafeString("".join([node.render_annotated(context) for node in self]))
                               ^^^^^^^^^^^^^^^^^^^^^^^^^^^^^^
  File "/home/zcipcnjx/virtualenv/proyectos_muhia/3.11/lib/python3.11/site-packages/django/template/base.py", line 966, in render_annotated
    return self.render(context)
           ^^^^^^^^^^^^^^^^^^^^
  File "/home/zcipcnjx/virtualenv/proyectos_muhia/3.11/lib/python3.11/site-packages/django/template/loader_tags.py", line 132, in render
    compiled_parent = self.get_parent(context)
                      ^^^^^^^^^^^^^^^^^^^^^^^^
  File "/home/zcipcnjx/virtualenv/proyectos_muhia/3.11/lib/python3.11/site-packages/django/template/loader_tags.py", line 129, in get_parent
    return self.find_template(parent, context)
           ^^^^^^^^^^^^^^^^^^^^^^^^^^^^^^^^^^^
  File "/home/zcipcnjx/virtualenv/proyectos_muhia/3.11/lib/python3.11/site-packages/django/template/loader_tags.py", line 107, in find_template
    template, origin = context.template.engine.find_template(
                       ^^^^^^^^^^^^^^^^^^^^^^^^^^^^^^^^^^^^^^
  File "/home/zcipcnjx/virtualenv/proyectos_muhia/3.11/lib/python3.11/site-packages/django/template/engine.py", line 157, in find_template
    template = loader.get_template(name, skip=skip)
               ^^^^^^^^^^^^^^^^^^^^^^^^^^^^^^^^^^^^
  File "/home/zcipcnjx/virtualenv/proyectos_muhia/3.11/lib/python3.11/site-packages/django/template/loaders/cached.py", line 57, in get_template
    template = super().get_template(template_name, skip)
               ^^^^^^^^^^^^^^^^^^^^^^^^^^^^^^^^^^^^^^^^^
  File "/home/zcipcnjx/virtualenv/proyectos_muhia/3.11/lib/python3.11/site-packages/django/template/loaders/base.py", line 28, in get_template
    return Template(
           ^^^^^^^^^
  File "/home/zcipcnjx/virtualenv/proyectos_muhia/3.11/lib/python3.11/site-packages/django/template/base.py", line 154, in __init__
    self.nodelist = self.compile_nodelist()
                    ^^^^^^^^^^^^^^^^^^^^^^^
  File "/home/zcipcnjx/virtualenv/proyectos_muhia/3.11/lib/python3.11/site-packages/django/template/base.py", line 200, in compile_nodelist
    return parser.parse()
           ^^^^^^^^^^^^^^
  File "/home/zcipcnjx/virtualenv/proyectos_muhia/3.11/lib/python3.11/site-packages/django/template/base.py", line 513, in parse
    raise self.error(token, e)
  File "/home/zcipcnjx/virtualenv/proyectos_muhia/3.11/lib/python3.11/site-packages/django/template/base.py", line 511, in parse
    compiled_result = compile_func(self, token)
                      ^^^^^^^^^^^^^^^^^^^^^^^^^
  File "/home/zcipcnjx/virtualenv/proyectos_muhia/3.11/lib/python3.11/site-packages/django/template/defaulttags.py", line 1088, in load
    lib = find_library(parser, name)
          ^^^^^^^^^^^^^^^^^^^^^^^^^^
  File "/home/zcipcnjx/virtualenv/proyectos_muhia/3.11/lib/python3.11/site-packages/django/template/defaulttags.py", line 1028, in find_library
    raise TemplateSyntaxError(
django.template.exceptions.TemplateSyntaxError: 'boostrap5' is not a registered tag library. Must be one of:
admin_list
admin_modify
admin_urls
bootstrap5
cache
i18n
l10n
log
static
tz
Not Found: /static/bootstrap/css/bootstrap.min.css
Not Found: /static/fonts/font-awesome.min.css
Not Found: /static/css/aos.min.css
Not Found: /static/css/Bootstrap-Calendar.css
Not Found: /static/css/Features-Large-Icons-icons.css
Not Found: /static/css/Hero-Clean-Reverse-images.css
Not Found: /static/css/Hero-Features-icons.css
Not Found: /static/css/Lightbox-Gallery.css
Not Found: /static/css/Simple-Slider.css
Not Found: /static/css/untitled.css
Not Found: /static/css/Simple-Slider-swiper.min.css
Not Found: /static/css/untitled-1.css
Not Found: /static/css/untitled-2.css
Not Found: /static/js/current-day.js
Not Found: /static/js/bs-init.js
Not Found: /static/js/Simple-Slider-swiper.jquery.min.js
Not Found: /static/js/jquery.min.js
Not Found: /static/js/aos.min.js
Not Found: /static/bootstrap/js/bootstrap.min.js
Not Found: /static/js/Simple-Slider.js
Not Found: /static/img/logo.png
Not Found: /static/img/1400x600.png
Not Found: /static/img/imperio_romano.jpeg
Not Found: /static/img/materias_primas.png
Not Found: /static/img/carousel1.png
Not Found: /static/img/envios_entregas.jpg
Not Found: /static/img/sobre_nosotros.png
Not Found: /static/img/lejia-amoniaco.jpg
Not Found: /main/static/img/carousel/carousel2.jpeg
Not Found: /main/static/img/galeria4.jpg
Not Found: /main/static/img/carousel/carousel.jpeg
Not Found: /main/static/img/galeria3.jpg
Not Found: /main/static/img/carousel/carousel3.jpeg
Not Found: /main/static/img/galeria6.jpg
Not Found: /main/static/img/galeria5.jpg
Not Found: /main/static/img/galeria7.jpg
Not Found: /static/bootstrap/js/bootstrap.min.js
Not Found: /static/js/aos.min.js
Not Found: /static/js/bs-init.js
Not Found: /static/js/current-day.js
Not Found: /static/js/Simple-Slider-swiper.jquery.min.js
Not Found: /static/js/Simple-Slider.js
Not Found: /static/bootstrap/css/bootstrap.min.css
Not Found: /static/css/aos.min.css
Not Found: /static/css/Hero-Clean-Reverse-images.css
Not Found: /static/css/Features-Large-Icons-icons.css
Not Found: /static/css/Lightbox-Gallery.css
Not Found: /static/css/Simple-Slider-swiper.min.css
Not Found: /static/css/Simple-Slider.css
Not Found: /static/css/untitled-1.css
Not Found: /static/fonts/font-awesome.min.css
Not Found: /static/css/untitled.css
Not Found: /static/css/Bootstrap-Calendar.css
Not Found: /static/css/untitled-2.css
Not Found: /static/js/jquery.min.js
Not Found: /static/css/Hero-Features-icons.css
Not Found: /static/js/aos.min.js
Not Found: /static/bootstrap/js/bootstrap.min.js
Not Found: /static/img/1400x600.png
Not Found: /static/js/bs-init.js
Not Found: /static/img/logo.png
Not Found: /static/js/current-day.js
Not Found: /static/img/carousel1.png
Not Found: /static/img/materias_primas.png
Not Found: /static/img/envios_entregas.jpg
Not Found: /static/js/Simple-Slider-swiper.jquery.min.js
Not Found: /static/img/sobre_nosotros.png
Not Found: /static/js/Simple-Slider.js
Not Found: /static/img/imperio_romano.jpeg
Not Found: /static/img/lejia-amoniaco.jpg
Not Found: /main/static/img/carousel/carousel.jpeg
Not Found: /main/static/img/carousel/carousel3.jpeg
Not Found: /main/static/img/galeria4.jpg
Not Found: /main/static/img/galeria3.jpg
Not Found: /main/static/img/carousel/carousel2.jpeg
Not Found: /main/static/img/galeria7.jpg
Not Found: /main/static/img/galeria6.jpg
Not Found: /main/static/img/galeria5.jpg
Not Found: /static/bootstrap/js/bootstrap.min.js
Not Found: /static/js/aos.min.js
Not Found: /static/js/bs-init.js
Not Found: /static/js/current-day.js
Not Found: /static/js/Simple-Slider-swiper.jquery.min.js
Not Found: /static/js/Simple-Slider.js
Not Found: /static/css/aos.min.css
Not Found: /static/fonts/font-awesome.min.css
Not Found: /static/css/Bootstrap-Calendar.css
Not Found: /static/css/Hero-Features-icons.css
Not Found: /static/css/Lightbox-Gallery.css
Not Found: /static/css/Simple-Slider.css
Not Found: /static/css/untitled-1.css
Not Found: /static/css/Simple-Slider-swiper.min.css
Not Found: /static/css/untitled-2.css
Not Found: /static/css/Hero-Clean-Reverse-images.css
Not Found: /static/css/Features-Large-Icons-icons.css
Not Found: /static/css/untitled.css
Not Found: /static/js/jquery.min.js
Not Found: /static/bootstrap/js/bootstrap.min.js
Not Found: /static/js/aos.min.js
Not Found: /static/js/current-day.js
Not Found: /static/js/bs-init.js
Not Found: /static/js/Simple-Slider-swiper.jquery.min.js
Not Found: /static/bootstrap/css/bootstrap.min.css
Not Found: /static/img/logo.png
Not Found: /static/js/Simple-Slider.js
Not Found: /static/img/1400x600.png
Not Found: /static/img/carousel1.png
Not Found: /static/img/materias_primas.png
Not Found: /static/img/sobre_nosotros.png
Not Found: /static/img/envios_entregas.jpg
Not Found: /static/img/imperio_romano.jpeg
Not Found: /static/img/lejia-amoniaco.jpg
Not Found: /static/css/aos.min.css
Not Found: /static/fonts/font-awesome.min.css
Not Found: /static/css/Bootstrap-Calendar.css
Not Found: /static/css/Features-Large-Icons-icons.css
Not Found: /static/css/Hero-Clean-Reverse-images.css
Not Found: /static/css/Simple-Slider-swiper.min.css
Not Found: /static/css/Lightbox-Gallery.css
Not Found: /static/css/Hero-Features-icons.css
Not Found: /static/css/untitled-1.css
Not Found: /static/css/Simple-Slider.css
Not Found: /static/css/untitled-2.css
Not Found: /static/css/untitled.css
Not Found: /static/img/logo.png
Not Found: /static/img/1400x600.png
Not Found: /static/img/carousel1.png
Not Found: /static/img/materias_primas.png
Not Found: /static/img/envios_entregas.jpg
Not Found: /static/img/sobre_nosotros.png
Not Found: /static/img/imperio_romano.jpeg
Not Found: /static/img/lejia-amoniaco.jpg
Not Found: /static/js/jquery.min.js
Not Found: /main/static/img/carousel/carousel2.jpeg
Not Found: /main/static/img/carousel/carousel.jpeg
Not Found: /main/static/img/carousel/carousel3.jpeg
Not Found: /main/static/img/galeria3.jpg
Not Found: /main/static/img/galeria4.jpg
Not Found: /main/static/img/galeria7.jpg
Not Found: /main/static/img/galeria5.jpg
Not Found: /main/static/img/galeria6.jpg
Not Found: /static/bootstrap/js/bootstrap.min.js
Not Found: /static/js/aos.min.js
Not Found: /static/js/bs-init.js
Not Found: /static/js/current-day.js
Not Found: /static/js/Simple-Slider-swiper.jquery.min.js
Not Found: /static/js/Simple-Slider.js
Not Found: /static/bootstrap/css/bootstrap.min.css
Not Found: /static/css/aos.min.css
Not Found: /static/fonts/font-awesome.min.css
Not Found: /static/css/Bootstrap-Calendar.css
Not Found: /static/css/Lightbox-Gallery.css
Not Found: /static/css/Hero-Clean-Reverse-images.css
Not Found: /static/css/Hero-Features-icons.css
Not Found: /static/css/Features-Large-Icons-icons.css
Not Found: /static/css/untitled-1.css
Not Found: /static/css/untitled-2.css
Not Found: /static/css/untitled.css
Not Found: /static/js/jquery.min.js
Not Found: /static/bootstrap/js/bootstrap.min.js
Not Found: /static/css/Simple-Slider-swiper.min.css
Not Found: /static/css/Simple-Slider.css
Not Found: /static/js/aos.min.js
Not Found: /static/js/bs-init.js
Not Found: /static/js/current-day.js
Not Found: /static/js/Simple-Slider.js
Not Found: /static/js/Simple-Slider-swiper.jquery.min.js
Not Found: /static/img/envios_entregas.jpg
Not Found: /static/img/1400x600.png
Not Found: /static/img/logo.png
Not Found: /static/img/carousel1.png
Not Found: /static/img/materias_primas.png
Not Found: /static/img/sobre_nosotros.png
Not Found: /static/img/imperio_romano.jpeg
Not Found: /static/img/lejia-amoniaco.jpg
Not Found: /main/static/img/galeria5.jpg
Not Found: /main/static/img/carousel/carousel.jpeg
Not Found: /main/static/img/carousel/carousel3.jpeg
Not Found: /main/static/img/carousel/carousel2.jpeg
Not Found: /main/static/img/galeria6.jpg
Not Found: /main/static/img/galeria3.jpg
Not Found: /main/static/img/galeria4.jpg
Not Found: /main/static/img/galeria7.jpg
Not Found: /static/bootstrap/js/bootstrap.min.js
Not Found: /static/js/aos.min.js
Not Found: /static/js/bs-init.js
Not Found: /static/js/current-day.js
Not Found: /static/js/Simple-Slider-swiper.jquery.min.js
Not Found: /static/js/Simple-Slider.js
Not Found: /static/bootstrap/css/bootstrap.min.css
Not Found: /static/fonts/font-awesome.min.css
Not Found: /static/css/Features-Large-Icons-icons.css
Not Found: /static/css/Hero-Clean-Reverse-images.css
Not Found: /static/css/Simple-Slider-swiper.min.css
Not Found: /static/css/Simple-Slider.css
Not Found: /static/css/untitled-1.css
Not Found: /static/css/untitled-2.css
Not Found: /static/css/Hero-Features-icons.css
Not Found: /static/css/Lightbox-Gallery.css
Not Found: /static/css/Bootstrap-Calendar.css
Not Found: /static/css/aos.min.css
Not Found: /static/css/untitled.css
Not Found: /static/img/logo.png
Not Found: /static/img/carousel1.png
Not Found: /static/bootstrap/js/bootstrap.min.js
Not Found: /static/js/jquery.min.js
Not Found: /static/img/1400x600.png
Not Found: /static/js/aos.min.js
Not Found: /static/js/bs-init.js
Not Found: /static/js/current-day.js
Not Found: /static/img/materias_primas.png
Not Found: /static/js/Simple-Slider.js
Not Found: /static/img/sobre_nosotros.png
Not Found: /static/img/envios_entregas.jpg
Not Found: /static/js/Simple-Slider-swiper.jquery.min.js
Not Found: /static/img/lejia-amoniaco.jpg
Not Found: /static/img/imperio_romano.jpeg
Not Found: /main/static/img/carousel/carousel.jpeg
Not Found: /main/static/img/carousel/carousel2.jpeg
Not Found: /main/static/img/carousel/carousel3.jpeg
Not Found: /main/static/img/galeria3.jpg
Not Found: /main/static/img/galeria4.jpg
Not Found: /main/static/img/galeria7.jpg
Not Found: /main/static/img/galeria5.jpg
Not Found: /main/static/img/galeria6.jpg
Not Found: /static/bootstrap/js/bootstrap.min.js
Not Found: /static/js/aos.min.js
Not Found: /static/js/bs-init.js
Not Found: /static/js/current-day.js
Not Found: /static/js/Simple-Slider-swiper.jquery.min.js
Not Found: /static/js/Simple-Slider.js
Not Found: /static/fonts/font-awesome.min.css
Not Found: /static/css/Features-Large-Icons-icons.css
Not Found: /static/css/Hero-Features-icons.css
Not Found: /static/css/Lightbox-Gallery.css
Not Found: /static/css/Bootstrap-Calendar.css
Not Found: /static/css/aos.min.css
Not Found: /static/css/Simple-Slider-swiper.min.css
Not Found: /static/css/Hero-Clean-Reverse-images.css
Not Found: /static/css/Simple-Slider.css
Not Found: /static/css/untitled.css
Not Found: /static/css/untitled-2.css
Not Found: /static/css/untitled-1.css
Not Found: /static/bootstrap/css/bootstrap.min.css
Not Found: /static/bootstrap/js/bootstrap.min.js
Not Found: /static/js/jquery.min.js
Not Found: /static/js/current-day.js
Not Found: /static/js/aos.min.js
Not Found: /static/js/bs-init.js
Not Found: /static/js/Simple-Slider.js
Not Found: /static/js/Simple-Slider-swiper.jquery.min.js
Not Found: /static/img/logo.png
Not Found: /static/img/1400x600.png
Not Found: /static/img/carousel1.png
Not Found: /static/img/materias_primas.png
Not Found: /static/img/sobre_nosotros.png
Not Found: /static/img/imperio_romano.jpeg
Not Found: /static/img/envios_entregas.jpg
Not Found: /static/img/lejia-amoniaco.jpg
Not Found: /static/fonts/font-awesome.min.css
Not Found: /static/css/Bootstrap-Calendar.css
Not Found: /static/css/Features-Large-Icons-icons.css
Not Found: /static/css/Hero-Clean-Reverse-images.css
Not Found: /static/css/aos.min.css
Not Found: /static/css/Hero-Features-icons.css
Not Found: /static/css/Lightbox-Gallery.css
Not Found: /static/css/Simple-Slider-swiper.min.css
Not Found: /static/css/untitled-1.css
Not Found: /static/css/untitled-2.css
Not Found: /static/css/Simple-Slider.css
Not Found: /static/css/untitled.css
Not Found: /static/js/aos.min.js
Not Found: /static/img/carousel/carousel.jpeg
Not Found: /static/img/carousel/carousel2.jpeg
Not Found: /static/img/galeria3.jpg
Not Found: /static/img/carousel/carousel3.jpeg
Not Found: /static/img/galeria4.jpg
Not Found: /static/img/galeria5.jpg
Not Found: /static/img/galeria6.jpg
Not Found: /static/img/galeria7.jpg
Not Found: /static/js/bs-init.js
Not Found: /static/js/current-day.js
Not Found: /static/js/Simple-Slider-swiper.jquery.min.js
Not Found: /static/js/Simple-Slider.js
Not Found: /static/css/Bootstrap-Calendar.css
Not Found: /static/css/Features-Large-Icons-icons.css
Not Found: /static/css/Hero-Clean-Reverse-images.css
Not Found: /static/css/Hero-Features-icons.css
Not Found: /static/css/Lightbox-Gallery.css
Not Found: /static/css/Simple-Slider-swiper.min.css
Not Found: /static/css/Simple-Slider.css
Not Found: /static/fonts/font-awesome.min.css
Not Found: /static/css/aos.min.css
Not Found: /static/css/untitled-1.css
Not Found: /static/css/untitled-2.css
Not Found: /static/js/aos.min.js
Not Found: /static/bootstrap/css/bootstrap.min.css
Not Found: /static/css/untitled.css
Not Found: /static/js/jquery.min.js
Not Found: /static/img/1400x600.png
Not Found: /static/bootstrap/js/bootstrap.min.js
Not Found: /static/js/bs-init.js
Not Found: /static/js/Simple-Slider-swiper.jquery.min.js
Not Found: /static/js/current-day.js
Not Found: /static/js/Simple-Slider.js
Not Found: /static/img/logo.png
Not Found: /static/img/materias_primas.png
Not Found: /static/img/carousel1.png
Not Found: /static/img/lejia-amoniaco.jpg
Not Found: /static/img/imperio_romano.jpeg
Not Found: /static/img/envios_entregas.jpg
Not Found: /static/img/sobre_nosotros.png
Not Found: /static/fonts/font-awesome.min.css
Not Found: /static/css/aos.min.css
Not Found: /static/css/Bootstrap-Calendar.css
Not Found: /static/css/Features-Large-Icons-icons.css
Not Found: /static/css/Hero-Clean-Reverse-images.css
Not Found: /static/css/Hero-Features-icons.css
Not Found: /static/css/Lightbox-Gallery.css
Not Found: /static/css/Simple-Slider-swiper.min.css
Not Found: /static/css/untitled-1.css
Not Found: /static/css/Simple-Slider.css
Not Found: /static/css/untitled-2.css
Not Found: /static/img/materias_primas.png
Not Found: /static/img/envios_entregas.jpg
Not Found: /static/img/sobre_nosotros.png
Not Found: /static/js/bs-init.js
Not Found: /static/img/carousel/carousel.jpeg
Not Found: /static/img/carousel/carousel2.jpeg
Not Found: /static/img/carousel/carousel3.jpeg
Not Found: /static/img/galeria3.jpg
Not Found: /static/img/galeria6.jpg
Not Found: /static/img/galeria5.jpg
Not Found: /static/img/galeria4.jpg
Not Found: /static/img/galeria7.jpg
Not Found: /static/js/current-day.js
Not Found: /static/js/Simple-Slider-swiper.jquery.min.js
Not Found: /static/js/Simple-Slider.js
Not Found: /
Not Found: /main/
Not Found: /static/fonts/font-awesome.min.css
Not Found: /static/css/Features-Large-Icons-icons.css
Not Found: /static/bootstrap/css/bootstrap.min.css
Not Found: /static/css/Lightbox-Gallery.css
Not Found: /static/css/aos.min.css
Not Found: /static/css/Bootstrap-Calendar.css
Not Found: /static/css/Hero-Clean-Reverse-images.css
Not Found: /static/css/Hero-Features-icons.css
Not Found: /static/css/untitled-2.css
Not Found: /static/css/untitled.css
Not Found: /static/css/untitled-1.css
Not Found: /static/css/Simple-Slider-swiper.min.css
Not Found: /static/css/Simple-Slider.css
Not Found: /static/img/lejia-amoniaco.jpg
Not Found: /static/js/jquery.min.js
Not Found: /static/bootstrap/js/bootstrap.min.js
Not Found: /static/js/bs-init.js
Not Found: /static/js/aos.min.js
Not Found: /static/js/current-day.js
Not Found: /static/js/Simple-Slider.js
Not Found: /static/js/Simple-Slider-swiper.jquery.min.js
Not Found: /static/img/sobre_nosotros.png
Not Found: /static/img/1400x600.png
Not Found: /static/img/logo.png
Not Found: /static/img/carousel1.png
Not Found: /static/img/envios_entregas.jpg
Not Found: /static/img/materias_primas.png
Not Found: /static/img/imperio_romano.jpeg
Not Found: /static/css/Features-Large-Icons-icons.css
Not Found: /static/fonts/font-awesome.min.css
Not Found: /static/js/bs-init.js
Not Found: /static/img/carousel/carousel.jpeg
Not Found: /static/img/galeria4.jpg
Not Found: /static/img/carousel/carousel3.jpeg
Not Found: /static/img/carousel/carousel2.jpeg
Not Found: /static/img/galeria3.jpg
Not Found: /static/img/galeria5.jpg
Not Found: /static/img/galeria6.jpg
Not Found: /static/img/galeria7.jpg
Not Found: /static/js/current-day.js
Not Found: /static/js/Simple-Slider-swiper.jquery.min.js
Not Found: /static/js/Simple-Slider.js
[UID:2351][1668752] Child process with pid: 1718658 was killed by signal: 15, core dumped: no
Not Found: /static/css/aos.min.css
Not Found: /static/css/Bootstrap-Calendar.css
Not Found: /static/fonts/font-awesome.min.css
Not Found: /static/css/Features-Large-Icons-icons.css
Not Found: /static/bootstrap/css/bootstrap.min.css
Not Found: /static/css/Simple-Slider.css
Not Found: /static/css/Hero-Features-icons.css
Not Found: /static/css/Hero-Clean-Reverse-images.css
Not Found: /static/css/Simple-Slider-swiper.min.css
Not Found: /static/css/Lightbox-Gallery.css
Not Found: /static/css/untitled-2.css
Not Found: /static/css/untitled.css
Not Found: /static/js/jquery.min.js
Not Found: /static/js/bs-init.js
Not Found: /static/js/current-day.js
Not Found: /static/bootstrap/js/bootstrap.min.js
Not Found: /static/js/aos.min.js
Not Found: /static/css/untitled-1.css
Not Found: /static/js/Simple-Slider.js
Not Found: /static/img/carousel1.png
Not Found: /static/js/Simple-Slider-swiper.jquery.min.js
Not Found: /static/img/logo.png
Not Found: /static/img/1400x600.png
Not Found: /static/img/envios_entregas.jpg
Not Found: /static/img/materias_primas.png
Not Found: /static/img/lejia-amoniaco.jpg
Not Found: /static/img/sobre_nosotros.png
Not Found: /static/img/imperio_romano.jpeg
Not Found: /static/fonts/font-awesome.min.css
Not Found: /static/css/aos.min.css
Not Found: /static/css/Bootstrap-Calendar.css
Not Found: /static/css/Features-Large-Icons-icons.css
Not Found: /static/js/bs-init.js
Not Found: /static/img/carousel/carousel.jpeg
Not Found: /static/img/carousel/carousel2.jpeg
Not Found: /static/img/carousel/carousel3.jpeg
Not Found: /static/img/galeria3.jpg
Not Found: /static/img/galeria4.jpg
Not Found: /static/img/galeria7.jpg
Not Found: /static/img/galeria6.jpg
Not Found: /static/img/galeria5.jpg
Not Found: /static/js/current-day.js
Not Found: /static/js/Simple-Slider-swiper.jquery.min.js
Not Found: /static/js/Simple-Slider.js
Not Found: /static/img/productos.jpeg
Not Found: /static/bootstrap/css/bootstrap.min.css
Not Found: /static/fonts/font-awesome.min.css
Not Found: /static/css/Bootstrap-Calendar.css
Not Found: /static/css/aos.min.css
Not Found: /static/css/Simple-Slider-swiper.min.css
Not Found: /static/css/Simple-Slider.css
Not Found: /static/css/Lightbox-Gallery.css
Not Found: /static/css/untitled-1.css
Not Found: /static/css/untitled-2.css
Not Found: /static/css/untitled.css
Not Found: /static/img/materias_primas.png
Not Found: /static/css/Hero-Clean-Reverse-images.css
Not Found: /static/css/Features-Large-Icons-icons.css
Not Found: /static/css/Hero-Features-icons.css
Not Found: /static/js/jquery.min.js
Not Found: /static/js/bs-init.js
Not Found: /static/bootstrap/js/bootstrap.min.js
Not Found: /static/js/current-day.js
Not Found: /static/js/aos.min.js
Not Found: /static/js/Simple-Slider.js
Not Found: /static/js/Simple-Slider-swiper.jquery.min.js
Not Found: /static/img/envios_entregas.jpg
Not Found: /static/img/sobre_nosotros.png
Not Found: /static/img/1400x600.png
Not Found: /static/img/logo.png
Not Found: /static/img/carousel1.png
Not Found: /static/img/imperio_romano.jpeg
Not Found: /static/img/lejia-amoniaco.jpg
Not Found: /static/img/carousel/carousel2.jpeg
Not Found: /static/img/galeria3.jpg
Not Found: /static/img/carousel/carousel.jpeg
Not Found: /static/img/carousel/carousel3.jpeg
Not Found: /static/img/galeria5.jpg
Not Found: /static/img/galeria4.jpg
Not Found: /static/img/galeria6.jpg
Not Found: /static/img/galeria7.jpg
Not Found: /static/bootstrap/js/bootstrap.min.js
Not Found: /static/js/aos.min.js
Not Found: /static/js/bs-init.js
Not Found: /static/js/current-day.js
Not Found: /static/js/Simple-Slider-swiper.jquery.min.js
Not Found: /static/js/Simple-Slider.js
[UID:2351][1668752] Child process with pid: 1721895 was killed by signal: 15, core dumped: no
Not Found: /static/fonts/font-awesome.min.css
Not Found: /static/bootstrap/css/bootstrap.min.css
Not Found: /static/css/Features-Large-Icons-icons.css
Not Found: /static/css/Bootstrap-Calendar.css
Not Found: /static/css/aos.min.css
Not Found: /static/css/Hero-Clean-Reverse-images.css
Not Found: /static/css/Lightbox-Gallery.css
Not Found: /static/css/Hero-Features-icons.css
Not Found: /static/css/Simple-Slider.css
Not Found: /static/css/Simple-Slider-swiper.min.css
Not Found: /static/css/untitled-1.css
Not Found: /static/css/untitled-2.css
Not Found: /static/img/1400x600.png
Not Found: /static/css/untitled.css
Not Found: /static/js/jquery.min.js
Not Found: /static/js/aos.min.js
Not Found: /static/bootstrap/js/bootstrap.min.js
Not Found: /static/js/bs-init.js
Not Found: /static/js/Simple-Slider-swiper.jquery.min.js
Not Found: /static/js/current-day.js
Not Found: /static/js/Simple-Slider.js
Not Found: /static/img/logo.png
Not Found: /static/img/envios_entregas.jpg
Not Found: /static/img/carousel1.png
Not Found: /static/img/materias_primas.png
Not Found: /static/img/sobre_nosotros.png
Not Found: /static/img/imperio_romano.jpeg
Not Found: /static/img/lejia-amoniaco.jpg
Not Found: /static/fonts/font-awesome.min.css
Not Found: /static/bootstrap/js/bootstrap.min.js
Not Found: /static/img/carousel/carousel.jpeg
Not Found: /static/img/carousel/carousel2.jpeg
Not Found: /static/img/galeria3.jpg
Not Found: /static/img/carousel/carousel3.jpeg
Not Found: /static/img/galeria5.jpg
Not Found: /static/img/galeria6.jpg
Not Found: /static/img/galeria4.jpg
Not Found: /static/img/galeria7.jpg
Not Found: /static/js/aos.min.js
Not Found: /static/js/bs-init.js
Not Found: /static/js/current-day.js
Not Found: /static/js/Simple-Slider-swiper.jquery.min.js
Not Found: /static/js/Simple-Slider.js
Not Found: /static/fonts/font-awesome.min.css
Not Found: /static/css/aos.min.css
Not Found: /static/css/Bootstrap-Calendar.css
Not Found: /static/css/Features-Large-Icons-icons.css
Not Found: /static/bootstrap/css/bootstrap.min.css
Not Found: /static/css/Hero-Features-icons.css
Not Found: /static/css/Lightbox-Gallery.css
Not Found: /static/css/Simple-Slider-swiper.min.css
Not Found: /static/css/Hero-Clean-Reverse-images.css
Not Found: /static/css/Simple-Slider.css
Not Found: /static/css/untitled-1.css
Not Found: /static/css/untitled-2.css
Not Found: /static/css/untitled.css
Not Found: /static/js/jquery.min.js
Not Found: /static/bootstrap/js/bootstrap.min.js
Not Found: /static/js/aos.min.js
Not Found: /static/js/bs-init.js
Not Found: /static/js/Simple-Slider.js
Not Found: /static/js/Simple-Slider-swiper.jquery.min.js
Not Found: /static/js/current-day.js
Not Found: /static/img/logo.png
Not Found: /static/img/1400x600.png
Not Found: /static/img/carousel1.png
Not Found: /static/img/imperio_romano.jpeg
Not Found: /static/img/materias_primas.png
Not Found: /static/img/sobre_nosotros.png
Not Found: /static/img/envios_entregas.jpg
Not Found: /static/img/lejia-amoniaco.jpg
Not Found: /static/fonts/font-awesome.min.css
Not Found: /static/css/aos.min.css
Not Found: /static/css/Bootstrap-Calendar.css
Not Found: /static/css/Features-Large-Icons-icons.css
Not Found: /static/bootstrap/js/bootstrap.min.js
Not Found: /static/img/carousel/carousel.jpeg
Not Found: /static/img/galeria6.jpg
Not Found: /static/img/carousel/carousel2.jpeg
Not Found: /static/img/carousel/carousel3.jpeg
Not Found: /static/img/galeria4.jpg
Not Found: /static/img/galeria5.jpg
Not Found: /static/img/galeria3.jpg
Not Found: /static/img/galeria7.jpg
Not Found: /static/js/aos.min.js
Not Found: /static/js/bs-init.js
Not Found: /static/js/current-day.js
Not Found: /static/js/Simple-Slider-swiper.jquery.min.js
Not Found: /static/js/Simple-Slider.js
[UID:2351][1668752] Child process with pid: 1766966 was killed by signal: 15, core dumped: no
Not Found: /static/css/aos.min.css
Not Found: /static/fonts/font-awesome.min.css
Not Found: /static/css/Hero-Features-icons.css
Not Found: /static/css/Hero-Clean-Reverse-images.css
Not Found: /static/css/Bootstrap-Calendar.css
Not Found: /static/css/Features-Large-Icons-icons.css
Not Found: /static/css/Simple-Slider-swiper.min.css
Not Found: /static/css/Simple-Slider.css
Not Found: /static/css/untitled.css
Not Found: /static/bootstrap/css/bootstrap.min.css
Not Found: /static/css/untitled-2.css
Not Found: /static/css/untitled-1.css
Not Found: /static/css/Lightbox-Gallery.css
Not Found: /static/js/jquery.min.js
Not Found: /static/img/imperio_romano.jpeg
Not Found: /static/bootstrap/js/bootstrap.min.js
Not Found: /static/js/current-day.js
Not Found: /static/js/bs-init.js
Not Found: /static/js/aos.min.js
Not Found: /static/js/Simple-Slider.js
Not Found: /static/img/logo.png
Not Found: /static/img/carousel1.png
Not Found: /static/img/1400x600.png
Not Found: /static/js/Simple-Slider-swiper.jquery.min.js
Not Found: /static/img/materias_primas.png
Not Found: /static/img/envios_entregas.jpg
Not Found: /static/img/sobre_nosotros.png
Not Found: /static/img/lejia-amoniaco.jpg
Not Found: /static/fonts/font-awesome.min.css
Not Found: /static/css/aos.min.css
Not Found: /static/css/Bootstrap-Calendar.css
Not Found: /static/css/Hero-Features-icons.css
Not Found: /static/css/Hero-Clean-Reverse-images.css
Not Found: /static/css/Features-Large-Icons-icons.css
Not Found: /static/css/Simple-Slider-swiper.min.css
Not Found: /static/css/Simple-Slider.css
Not Found: /static/css/untitled-1.css
Not Found: /static/css/untitled-2.css
Not Found: /static/css/untitled.css
Not Found: /static/bootstrap/js/bootstrap.min.js
Not Found: /static/img/carousel/carousel.jpeg
Not Found: /static/img/carousel/carousel2.jpeg
Not Found: /static/img/carousel/carousel3.jpeg
Not Found: /static/img/galeria4.jpg
Not Found: /static/img/galeria5.jpg
Not Found: /static/img/galeria3.jpg
Not Found: /static/img/galeria6.jpg
Not Found: /static/img/galeria7.jpg
Not Found: /static/js/aos.min.js
Not Found: /static/js/bs-init.js
Not Found: /static/js/current-day.js
Not Found: /static/js/Simple-Slider-swiper.jquery.min.js
Not Found: /static/js/Simple-Slider.js
[UID:2351][1668752] Child process with pid: 1781109 was killed by signal: 15, core dumped: no
Not Found: /static/bootstrap/css/bootstrap.min.css
Not Found: /static/css/aos.min.css
Not Found: /static/css/Bootstrap-Calendar.css
Not Found: /static/css/Features-Large-Icons-icons.css
Not Found: /static/css/Hero-Clean-Reverse-images.css
Not Found: /static/fonts/font-awesome.min.css
Not Found: /static/css/Hero-Features-icons.css
Not Found: /static/css/Simple-Slider-swiper.min.css
Not Found: /static/css/Lightbox-Gallery.css
Not Found: /static/css/Simple-Slider.css
Not Found: /static/css/untitled-2.css
Not Found: /static/css/untitled-1.css
Not Found: /static/js/jquery.min.js
Not Found: /static/css/untitled.css
Not Found: /static/bootstrap/js/bootstrap.min.js
Not Found: /static/js/aos.min.js
Not Found: /static/js/current-day.js
Not Found: /static/js/Simple-Slider-swiper.jquery.min.js
Not Found: /static/js/bs-init.js
Not Found: /static/js/Simple-Slider.js
Not Found: /static/img/logo.png
Not Found: /static/img/carousel1.png
Not Found: /static/img/1400x600.png
Not Found: /static/fonts/font-awesome.min.css
Not Found: /static/css/aos.min.css
Not Found: /static/css/Features-Large-Icons-icons.css
Not Found: /static/css/Bootstrap-Calendar.css
Not Found: /static/css/Hero-Clean-Reverse-images.css
Not Found: /static/css/Hero-Features-icons.css
Not Found: /static/css/Lightbox-Gallery.css
Not Found: /static/css/Simple-Slider-swiper.min.css
Not Found: /static/css/Simple-Slider.css
Not Found: /static/css/untitled-1.css
Not Found: /static/css/untitled-2.css
Not Found: /static/css/untitled.css
Not Found: /static/js/jquery.min.js
Not Found: /static/img/sobre_nosotros.png
Not Found: /static/img/envios_entregas.jpg
Not Found: /static/img/lejia-amoniaco.jpg
Not Found: /static/img/imperio_romano.jpeg
Not Found: /static/img/materias_primas.png
Not Found: /static/img/carousel/carousel.jpeg
Not Found: /static/bootstrap/js/bootstrap.min.js
Not Found: /static/img/carousel/carousel2.jpeg
Not Found: /static/img/galeria5.jpg
Not Found: /static/img/galeria3.jpg
Not Found: /static/img/galeria4.jpg
Not Found: /static/img/carousel/carousel3.jpeg
Not Found: /static/img/galeria6.jpg
Not Found: /static/js/aos.min.js
Not Found: /static/img/galeria7.jpg
Not Found: /static/js/bs-init.js
Not Found: /static/js/current-day.js
Not Found: /static/js/Simple-Slider-swiper.jquery.min.js
Not Found: /static/js/Simple-Slider.js
Not Found: /static/img/productos.jpeg
Not Found: /static/img/productos.jpeg
Not Found: /static/img/logo.png
Not Found: /static/img/logo.png
Not Found: /static/bootstrap/css/bootstrap.min.css
Not Found: /static/css/Hero-Features-icons.css
Not Found: /static/fonts/font-awesome.min.css
Not Found: /static/css/Hero-Clean-Reverse-images.css
Not Found: /static/css/Features-Large-Icons-icons.css
Not Found: /static/css/aos.min.css
Not Found: /static/css/Bootstrap-Calendar.css
Not Found: /static/css/Lightbox-Gallery.css
Not Found: /static/css/Simple-Slider-swiper.min.css
Not Found: /static/css/untitled-1.css
Not Found: /static/css/Simple-Slider.css
Not Found: /static/css/untitled-2.css
Not Found: /static/js/jquery.min.js
Not Found: /static/bootstrap/js/bootstrap.min.js
Not Found: /static/js/bs-init.js
Not Found: /static/js/aos.min.js
Not Found: /static/js/current-day.js
Not Found: /static/js/Simple-Slider-swiper.jquery.min.js
Not Found: /static/js/Simple-Slider.js
Not Found: /static/js/bs-init.js
Not Found: /static/js/current-day.js
Not Found: /static/css/untitled.css
Not Found: /static/img/1400x600.png
Not Found: /static/img/logo.png
Not Found: /static/img/envios_entregas.jpg
Not Found: /static/img/materias_primas.png
Not Found: /static/img/carousel1.png
Not Found: /static/img/sobre_nosotros.png
Not Found: /static/js/Simple-Slider-swiper.jquery.min.js
Not Found: /static/img/carousel/carousel.jpeg
Not Found: /static/img/carousel/carousel2.jpeg
Not Found: /static/img/lejia-amoniaco.jpg
Not Found: /static/img/imperio_romano.jpeg
Not Found: /static/img/carousel/carousel3.jpeg
Not Found: /static/img/galeria3.jpg
Not Found: /static/js/Simple-Slider.js
Not Found: /static/img/galeria4.jpg
Not Found: /static/img/galeria5.jpg
Not Found: /static/img/galeria7.jpg
Not Found: /static/img/galeria6.jpg
Not Found: /static/img/logo.png
Not Found: /static/img/logo.png
Not Found: /img/logo.png
Not Found: /static/bootstrap/css/bootstrap.min.css
Not Found: /static/css/Bootstrap-Calendar.css
Not Found: /static/css/aos.min.css
Not Found: /static/fonts/font-awesome.min.css
Not Found: /static/css/Features-Large-Icons-icons.css
Not Found: /static/css/Hero-Clean-Reverse-images.css
Not Found: /static/css/Hero-Features-icons.css
Not Found: /static/css/untitled-1.css
Not Found: /static/css/Simple-Slider-swiper.min.css
Not Found: /static/css/untitled-2.css
Not Found: /static/css/Simple-Slider.css
Not Found: /static/css/Lightbox-Gallery.css
Not Found: /static/css/untitled.css
Not Found: /static/bootstrap/js/bootstrap.min.js
Not Found: /static/js/aos.min.js
Not Found: /static/js/bs-init.js
Not Found: /static/js/jquery.min.js
Not Found: /static/js/current-day.js
Not Found: /static/js/Simple-Slider-swiper.jquery.min.js
Not Found: /static/js/Simple-Slider.js
Not Found: /static/img/materias_primas.png
Not Found: /static/img/carousel1.png
Not Found: /static/img/envios_entregas.jpg
Not Found: /static/bootstrap/js/bootstrap.min.js
Not Found: /static/img/sobre_nosotros.png
Not Found: /static/img/1400x600.png
Not Found: /static/img/imperio_romano.jpeg
Not Found: /static/img/lejia-amoniaco.jpg
Not Found: /static/img/logo.png
Not Found: /static/img/carousel/carousel.jpeg
Not Found: /static/img/carousel/carousel3.jpeg
Not Found: /static/img/carousel/carousel2.jpeg
Not Found: /static/img/galeria3.jpg
Not Found: /static/img/galeria4.jpg
Not Found: /static/img/galeria5.jpg
Not Found: /static/js/aos.min.js
Not Found: /static/img/galeria6.jpg
Not Found: /static/img/galeria7.jpg
Not Found: /static/js/bs-init.js
Not Found: /static/js/current-day.js
Not Found: /static/js/Simple-Slider-swiper.jquery.min.js
Not Found: /static/js/Simple-Slider.js
Internal Server Error: /
Traceback (most recent call last):
  File "/home/zcipcnjx/virtualenv/proyectos_muhia/3.11/lib/python3.11/site-packages/django/template/defaulttags.py", line 1026, in find_library
    return parser.libraries[name]
           ~~~~~~~~~~~~~~~~^^^^^^
KeyError: 'staticfiles'

During handling of the above exception, another exception occurred:

Traceback (most recent call last):
  File "/home/zcipcnjx/virtualenv/proyectos_muhia/3.11/lib/python3.11/site-packages/django/core/handlers/exception.py", line 55, in inner
    response = get_response(request)
               ^^^^^^^^^^^^^^^^^^^^^
  File "/home/zcipcnjx/virtualenv/proyectos_muhia/3.11/lib/python3.11/site-packages/django/core/handlers/base.py", line 197, in _get_response
    response = wrapped_callback(request, *callback_args, **callback_kwargs)
               ^^^^^^^^^^^^^^^^^^^^^^^^^^^^^^^^^^^^^^^^^^^^^^^^^^^^^^^^^^^^
  File "/home/zcipcnjx/proyectos_muhia/portal/views.py", line 7, in inicio
    return render(request, "index.html", {})
           ^^^^^^^^^^^^^^^^^^^^^^^^^^^^^^^^^
  File "/home/zcipcnjx/virtualenv/proyectos_muhia/3.11/lib/python3.11/site-packages/django/shortcuts.py", line 24, in render
    content = loader.render_to_string(template_name, context, request, using=using)
              ^^^^^^^^^^^^^^^^^^^^^^^^^^^^^^^^^^^^^^^^^^^^^^^^^^^^^^^^^^^^^^^^^^^^^
  File "/home/zcipcnjx/virtualenv/proyectos_muhia/3.11/lib/python3.11/site-packages/django/template/loader.py", line 62, in render_to_string
    return template.render(context, request)
           ^^^^^^^^^^^^^^^^^^^^^^^^^^^^^^^^^
  File "/home/zcipcnjx/virtualenv/proyectos_muhia/3.11/lib/python3.11/site-packages/django/template/backends/django.py", line 61, in render
    return self.template.render(context)
           ^^^^^^^^^^^^^^^^^^^^^^^^^^^^^
  File "/home/zcipcnjx/virtualenv/proyectos_muhia/3.11/lib/python3.11/site-packages/django/template/base.py", line 175, in render
    return self._render(context)
           ^^^^^^^^^^^^^^^^^^^^^
  File "/home/zcipcnjx/virtualenv/proyectos_muhia/3.11/lib/python3.11/site-packages/django/template/base.py", line 167, in _render
    return self.nodelist.render(context)
           ^^^^^^^^^^^^^^^^^^^^^^^^^^^^^
  File "/home/zcipcnjx/virtualenv/proyectos_muhia/3.11/lib/python3.11/site-packages/django/template/base.py", line 1005, in render
    return SafeString("".join([node.render_annotated(context) for node in self]))
                              ^^^^^^^^^^^^^^^^^^^^^^^^^^^^^^^^^^^^^^^^^^^^^^^^^
  File "/home/zcipcnjx/virtualenv/proyectos_muhia/3.11/lib/python3.11/site-packages/django/template/base.py", line 1005, in <listcomp>
    return SafeString("".join([node.render_annotated(context) for node in self]))
                               ^^^^^^^^^^^^^^^^^^^^^^^^^^^^^^
  File "/home/zcipcnjx/virtualenv/proyectos_muhia/3.11/lib/python3.11/site-packages/django/template/base.py", line 966, in render_annotated
    return self.render(context)
           ^^^^^^^^^^^^^^^^^^^^
  File "/home/zcipcnjx/virtualenv/proyectos_muhia/3.11/lib/python3.11/site-packages/django/template/loader_tags.py", line 132, in render
    compiled_parent = self.get_parent(context)
                      ^^^^^^^^^^^^^^^^^^^^^^^^
  File "/home/zcipcnjx/virtualenv/proyectos_muhia/3.11/lib/python3.11/site-packages/django/template/loader_tags.py", line 129, in get_parent
    return self.find_template(parent, context)
           ^^^^^^^^^^^^^^^^^^^^^^^^^^^^^^^^^^^
  File "/home/zcipcnjx/virtualenv/proyectos_muhia/3.11/lib/python3.11/site-packages/django/template/loader_tags.py", line 107, in find_template
    template, origin = context.template.engine.find_template(
                       ^^^^^^^^^^^^^^^^^^^^^^^^^^^^^^^^^^^^^^
  File "/home/zcipcnjx/virtualenv/proyectos_muhia/3.11/lib/python3.11/site-packages/django/template/engine.py", line 157, in find_template
    template = loader.get_template(name, skip=skip)
               ^^^^^^^^^^^^^^^^^^^^^^^^^^^^^^^^^^^^
  File "/home/zcipcnjx/virtualenv/proyectos_muhia/3.11/lib/python3.11/site-packages/django/template/loaders/cached.py", line 57, in get_template
    template = super().get_template(template_name, skip)
               ^^^^^^^^^^^^^^^^^^^^^^^^^^^^^^^^^^^^^^^^^
  File "/home/zcipcnjx/virtualenv/proyectos_muhia/3.11/lib/python3.11/site-packages/django/template/loaders/base.py", line 28, in get_template
    return Template(
           ^^^^^^^^^
  File "/home/zcipcnjx/virtualenv/proyectos_muhia/3.11/lib/python3.11/site-packages/django/template/base.py", line 154, in __init__
    self.nodelist = self.compile_nodelist()
                    ^^^^^^^^^^^^^^^^^^^^^^^
  File "/home/zcipcnjx/virtualenv/proyectos_muhia/3.11/lib/python3.11/site-packages/django/template/base.py", line 200, in compile_nodelist
    return parser.parse()
           ^^^^^^^^^^^^^^
  File "/home/zcipcnjx/virtualenv/proyectos_muhia/3.11/lib/python3.11/site-packages/django/template/base.py", line 513, in parse
    raise self.error(token, e)
  File "/home/zcipcnjx/virtualenv/proyectos_muhia/3.11/lib/python3.11/site-packages/django/template/base.py", line 511, in parse
    compiled_result = compile_func(self, token)
                      ^^^^^^^^^^^^^^^^^^^^^^^^^
  File "/home/zcipcnjx/virtualenv/proyectos_muhia/3.11/lib/python3.11/site-packages/django/template/defaulttags.py", line 1082, in load
    lib = find_library(parser, name)
          ^^^^^^^^^^^^^^^^^^^^^^^^^^
  File "/home/zcipcnjx/virtualenv/proyectos_muhia/3.11/lib/python3.11/site-packages/django/template/defaulttags.py", line 1028, in find_library
    raise TemplateSyntaxError(
django.template.exceptions.TemplateSyntaxError: 'staticfiles' is not a registered tag library. Must be one of:
admin_list
admin_modify
admin_urls
bootstrap5
cache
i18n
l10n
log
static
tz
Not Found: /static/css/aos.min.css
Not Found: /static/bootstrap/css/bootstrap.min.css
Not Found: /static/fonts/font-awesome.min.css
Not Found: /static/css/Hero-Clean-Reverse-images.css
Not Found: /static/css/Features-Large-Icons-icons.css
Not Found: /static/css/Bootstrap-Calendar.css
Not Found: /static/css/Hero-Features-icons.css
Not Found: /static/css/Lightbox-Gallery.css
Not Found: /static/css/Simple-Slider-swiper.min.css
Not Found: /static/css/Simple-Slider.css
Not Found: /static/css/aos.min.css
Not Found: /static/css/untitled-1.css
Not Found: /static/css/untitled-2.css
Not Found: /static/css/untitled.css
Not Found: /static/js/jquery.min.js
Not Found: /static/bootstrap/js/bootstrap.min.js
Not Found: /static/js/aos.min.js
Not Found: /static/js/bs-init.js
Not Found: /static/js/current-day.js
Not Found: /static/js/Simple-Slider-swiper.jquery.min.js
Not Found: /static/js/Simple-Slider.js
Not Found: /static/img/materias_primas.png
Not Found: /static/img/carousel1.png
Not Found: /static/img/envios_entregas.jpg
Not Found: /static/img/logo.png
Not Found: /static/img/sobre_nosotros.png
Not Found: /static/img/1400x600.png
Not Found: /static/img/carousel/carousel.jpeg
Not Found: /static/js/Simple-Slider.js
Not Found: /static/img/imperio_romano.jpeg
Not Found: /static/img/carousel/carousel2.jpeg
Not Found: /static/img/galeria3.jpg
Not Found: /static/img/lejia-amoniaco.jpg
Not Found: /static/img/galeria4.jpg
Not Found: /static/img/carousel/carousel3.jpeg
Not Found: /static/img/galeria7.jpg
Not Found: /static/img/galeria5.jpg
Not Found: /static/img/galeria6.jpg
Not Found: /static/img/logo.png
Internal Server Error: /
Traceback (most recent call last):
  File "/home/zcipcnjx/virtualenv/proyectos_muhia/3.11/lib/python3.11/site-packages/django/template/defaulttags.py", line 1026, in find_library
    return parser.libraries[name]
           ~~~~~~~~~~~~~~~~^^^^^^
KeyError: 'staticfiles'

During handling of the above exception, another exception occurred:

Traceback (most recent call last):
  File "/home/zcipcnjx/virtualenv/proyectos_muhia/3.11/lib/python3.11/site-packages/django/core/handlers/exception.py", line 55, in inner
    response = get_response(request)
               ^^^^^^^^^^^^^^^^^^^^^
  File "/home/zcipcnjx/virtualenv/proyectos_muhia/3.11/lib/python3.11/site-packages/django/core/handlers/base.py", line 197, in _get_response
    response = wrapped_callback(request, *callback_args, **callback_kwargs)
               ^^^^^^^^^^^^^^^^^^^^^^^^^^^^^^^^^^^^^^^^^^^^^^^^^^^^^^^^^^^^
  File "/home/zcipcnjx/proyectos_muhia/portal/views.py", line 7, in inicio
    return render(request, "index.html", {})
           ^^^^^^^^^^^^^^^^^^^^^^^^^^^^^^^^^
  File "/home/zcipcnjx/virtualenv/proyectos_muhia/3.11/lib/python3.11/site-packages/django/shortcuts.py", line 24, in render
    content = loader.render_to_string(template_name, context, request, using=using)
              ^^^^^^^^^^^^^^^^^^^^^^^^^^^^^^^^^^^^^^^^^^^^^^^^^^^^^^^^^^^^^^^^^^^^^
  File "/home/zcipcnjx/virtualenv/proyectos_muhia/3.11/lib/python3.11/site-packages/django/template/loader.py", line 62, in render_to_string
    return template.render(context, request)
           ^^^^^^^^^^^^^^^^^^^^^^^^^^^^^^^^^
  File "/home/zcipcnjx/virtualenv/proyectos_muhia/3.11/lib/python3.11/site-packages/django/template/backends/django.py", line 61, in render
    return self.template.render(context)
           ^^^^^^^^^^^^^^^^^^^^^^^^^^^^^
  File "/home/zcipcnjx/virtualenv/proyectos_muhia/3.11/lib/python3.11/site-packages/django/template/base.py", line 175, in render
    return self._render(context)
           ^^^^^^^^^^^^^^^^^^^^^
  File "/home/zcipcnjx/virtualenv/proyectos_muhia/3.11/lib/python3.11/site-packages/django/template/base.py", line 167, in _render
    return self.nodelist.render(context)
           ^^^^^^^^^^^^^^^^^^^^^^^^^^^^^
  File "/home/zcipcnjx/virtualenv/proyectos_muhia/3.11/lib/python3.11/site-packages/django/template/base.py", line 1005, in render
    return SafeString("".join([node.render_annotated(context) for node in self]))
                              ^^^^^^^^^^^^^^^^^^^^^^^^^^^^^^^^^^^^^^^^^^^^^^^^^
  File "/home/zcipcnjx/virtualenv/proyectos_muhia/3.11/lib/python3.11/site-packages/django/template/base.py", line 1005, in <listcomp>
    return SafeString("".join([node.render_annotated(context) for node in self]))
                               ^^^^^^^^^^^^^^^^^^^^^^^^^^^^^^
  File "/home/zcipcnjx/virtualenv/proyectos_muhia/3.11/lib/python3.11/site-packages/django/template/base.py", line 966, in render_annotated
    return self.render(context)
           ^^^^^^^^^^^^^^^^^^^^
  File "/home/zcipcnjx/virtualenv/proyectos_muhia/3.11/lib/python3.11/site-packages/django/template/loader_tags.py", line 132, in render
    compiled_parent = self.get_parent(context)
                      ^^^^^^^^^^^^^^^^^^^^^^^^
  File "/home/zcipcnjx/virtualenv/proyectos_muhia/3.11/lib/python3.11/site-packages/django/template/loader_tags.py", line 129, in get_parent
    return self.find_template(parent, context)
           ^^^^^^^^^^^^^^^^^^^^^^^^^^^^^^^^^^^
  File "/home/zcipcnjx/virtualenv/proyectos_muhia/3.11/lib/python3.11/site-packages/django/template/loader_tags.py", line 107, in find_template
    template, origin = context.template.engine.find_template(
                       ^^^^^^^^^^^^^^^^^^^^^^^^^^^^^^^^^^^^^^
  File "/home/zcipcnjx/virtualenv/proyectos_muhia/3.11/lib/python3.11/site-packages/django/template/engine.py", line 157, in find_template
    template = loader.get_template(name, skip=skip)
               ^^^^^^^^^^^^^^^^^^^^^^^^^^^^^^^^^^^^
  File "/home/zcipcnjx/virtualenv/proyectos_muhia/3.11/lib/python3.11/site-packages/django/template/loaders/cached.py", line 57, in get_template
    template = super().get_template(template_name, skip)
               ^^^^^^^^^^^^^^^^^^^^^^^^^^^^^^^^^^^^^^^^^
  File "/home/zcipcnjx/virtualenv/proyectos_muhia/3.11/lib/python3.11/site-packages/django/template/loaders/base.py", line 28, in get_template
    return Template(
           ^^^^^^^^^
  File "/home/zcipcnjx/virtualenv/proyectos_muhia/3.11/lib/python3.11/site-packages/django/template/base.py", line 154, in __init__
    self.nodelist = self.compile_nodelist()
                    ^^^^^^^^^^^^^^^^^^^^^^^
  File "/home/zcipcnjx/virtualenv/proyectos_muhia/3.11/lib/python3.11/site-packages/django/template/base.py", line 200, in compile_nodelist
    return parser.parse()
           ^^^^^^^^^^^^^^
  File "/home/zcipcnjx/virtualenv/proyectos_muhia/3.11/lib/python3.11/site-packages/django/template/base.py", line 513, in parse
    raise self.error(token, e)
  File "/home/zcipcnjx/virtualenv/proyectos_muhia/3.11/lib/python3.11/site-packages/django/template/base.py", line 511, in parse
    compiled_result = compile_func(self, token)
                      ^^^^^^^^^^^^^^^^^^^^^^^^^
  File "/home/zcipcnjx/virtualenv/proyectos_muhia/3.11/lib/python3.11/site-packages/django/template/defaulttags.py", line 1082, in load
    lib = find_library(parser, name)
          ^^^^^^^^^^^^^^^^^^^^^^^^^^
  File "/home/zcipcnjx/virtualenv/proyectos_muhia/3.11/lib/python3.11/site-packages/django/template/defaulttags.py", line 1028, in find_library
    raise TemplateSyntaxError(
django.template.exceptions.TemplateSyntaxError: 'staticfiles' is not a registered tag library. Must be one of:
admin_list
admin_modify
admin_urls
bootstrap5
cache
i18n
l10n
log
static
tz
Internal Server Error: /quien/
Traceback (most recent call last):
  File "/home/zcipcnjx/virtualenv/proyectos_muhia/3.11/lib/python3.11/site-packages/django/template/defaulttags.py", line 1026, in find_library
    return parser.libraries[name]
           ~~~~~~~~~~~~~~~~^^^^^^
KeyError: 'staticfiles'

During handling of the above exception, another exception occurred:

Traceback (most recent call last):
  File "/home/zcipcnjx/virtualenv/proyectos_muhia/3.11/lib/python3.11/site-packages/django/core/handlers/exception.py", line 55, in inner
    response = get_response(request)
               ^^^^^^^^^^^^^^^^^^^^^
  File "/home/zcipcnjx/virtualenv/proyectos_muhia/3.11/lib/python3.11/site-packages/django/core/handlers/base.py", line 197, in _get_response
    response = wrapped_callback(request, *callback_args, **callback_kwargs)
               ^^^^^^^^^^^^^^^^^^^^^^^^^^^^^^^^^^^^^^^^^^^^^^^^^^^^^^^^^^^^
  File "/home/zcipcnjx/proyectos_muhia/portal/views.py", line 10, in about
    return render(request, "about.html", {})
           ^^^^^^^^^^^^^^^^^^^^^^^^^^^^^^^^^
  File "/home/zcipcnjx/virtualenv/proyectos_muhia/3.11/lib/python3.11/site-packages/django/shortcuts.py", line 24, in render
    content = loader.render_to_string(template_name, context, request, using=using)
              ^^^^^^^^^^^^^^^^^^^^^^^^^^^^^^^^^^^^^^^^^^^^^^^^^^^^^^^^^^^^^^^^^^^^^
  File "/home/zcipcnjx/virtualenv/proyectos_muhia/3.11/lib/python3.11/site-packages/django/template/loader.py", line 62, in render_to_string
    return template.render(context, request)
           ^^^^^^^^^^^^^^^^^^^^^^^^^^^^^^^^^
  File "/home/zcipcnjx/virtualenv/proyectos_muhia/3.11/lib/python3.11/site-packages/django/template/backends/django.py", line 61, in render
    return self.template.render(context)
           ^^^^^^^^^^^^^^^^^^^^^^^^^^^^^
  File "/home/zcipcnjx/virtualenv/proyectos_muhia/3.11/lib/python3.11/site-packages/django/template/base.py", line 175, in render
    return self._render(context)
           ^^^^^^^^^^^^^^^^^^^^^
  File "/home/zcipcnjx/virtualenv/proyectos_muhia/3.11/lib/python3.11/site-packages/django/template/base.py", line 167, in _render
    return self.nodelist.render(context)
           ^^^^^^^^^^^^^^^^^^^^^^^^^^^^^
  File "/home/zcipcnjx/virtualenv/proyectos_muhia/3.11/lib/python3.11/site-packages/django/template/base.py", line 1005, in render
    return SafeString("".join([node.render_annotated(context) for node in self]))
                              ^^^^^^^^^^^^^^^^^^^^^^^^^^^^^^^^^^^^^^^^^^^^^^^^^
  File "/home/zcipcnjx/virtualenv/proyectos_muhia/3.11/lib/python3.11/site-packages/django/template/base.py", line 1005, in <listcomp>
    return SafeString("".join([node.render_annotated(context) for node in self]))
                               ^^^^^^^^^^^^^^^^^^^^^^^^^^^^^^
  File "/home/zcipcnjx/virtualenv/proyectos_muhia/3.11/lib/python3.11/site-packages/django/template/base.py", line 966, in render_annotated
    return self.render(context)
           ^^^^^^^^^^^^^^^^^^^^
  File "/home/zcipcnjx/virtualenv/proyectos_muhia/3.11/lib/python3.11/site-packages/django/template/loader_tags.py", line 132, in render
    compiled_parent = self.get_parent(context)
                      ^^^^^^^^^^^^^^^^^^^^^^^^
  File "/home/zcipcnjx/virtualenv/proyectos_muhia/3.11/lib/python3.11/site-packages/django/template/loader_tags.py", line 129, in get_parent
    return self.find_template(parent, context)
           ^^^^^^^^^^^^^^^^^^^^^^^^^^^^^^^^^^^
  File "/home/zcipcnjx/virtualenv/proyectos_muhia/3.11/lib/python3.11/site-packages/django/template/loader_tags.py", line 107, in find_template
    template, origin = context.template.engine.find_template(
                       ^^^^^^^^^^^^^^^^^^^^^^^^^^^^^^^^^^^^^^
  File "/home/zcipcnjx/virtualenv/proyectos_muhia/3.11/lib/python3.11/site-packages/django/template/engine.py", line 157, in find_template
    template = loader.get_template(name, skip=skip)
               ^^^^^^^^^^^^^^^^^^^^^^^^^^^^^^^^^^^^
  File "/home/zcipcnjx/virtualenv/proyectos_muhia/3.11/lib/python3.11/site-packages/django/template/loaders/cached.py", line 57, in get_template
    template = super().get_template(template_name, skip)
               ^^^^^^^^^^^^^^^^^^^^^^^^^^^^^^^^^^^^^^^^^
  File "/home/zcipcnjx/virtualenv/proyectos_muhia/3.11/lib/python3.11/site-packages/django/template/loaders/base.py", line 28, in get_template
    return Template(
           ^^^^^^^^^
  File "/home/zcipcnjx/virtualenv/proyectos_muhia/3.11/lib/python3.11/site-packages/django/template/base.py", line 154, in __init__
    self.nodelist = self.compile_nodelist()
                    ^^^^^^^^^^^^^^^^^^^^^^^
  File "/home/zcipcnjx/virtualenv/proyectos_muhia/3.11/lib/python3.11/site-packages/django/template/base.py", line 200, in compile_nodelist
    return parser.parse()
           ^^^^^^^^^^^^^^
  File "/home/zcipcnjx/virtualenv/proyectos_muhia/3.11/lib/python3.11/site-packages/django/template/base.py", line 513, in parse
    raise self.error(token, e)
  File "/home/zcipcnjx/virtualenv/proyectos_muhia/3.11/lib/python3.11/site-packages/django/template/base.py", line 511, in parse
    compiled_result = compile_func(self, token)
                      ^^^^^^^^^^^^^^^^^^^^^^^^^
  File "/home/zcipcnjx/virtualenv/proyectos_muhia/3.11/lib/python3.11/site-packages/django/template/defaulttags.py", line 1082, in load
    lib = find_library(parser, name)
          ^^^^^^^^^^^^^^^^^^^^^^^^^^
  File "/home/zcipcnjx/virtualenv/proyectos_muhia/3.11/lib/python3.11/site-packages/django/template/defaulttags.py", line 1028, in find_library
    raise TemplateSyntaxError(
django.template.exceptions.TemplateSyntaxError: 'staticfiles' is not a registered tag library. Must be one of:
admin_list
admin_modify
admin_urls
bootstrap5
cache
i18n
l10n
log
static
tz
Not Found: /productos/static/img/carousel/carousel.jpeg
Not Found: /productos/static/img/galeria4.jpg
Not Found: /productos/static/img/carousel/carousel3.jpeg
Not Found: /productos/static/img/carousel/carousel2.jpeg
Not Found: /productos/static/img/galeria5.jpg
Not Found: /productos/static/img/galeria3.jpg
Not Found: /productos/static/img/galeria6.jpg
Not Found: /productos/static/img/galeria7.jpg
Not Found: /servicios/static/img/galeria4.jpg
Not Found: /servicios/static/img/carousel/carousel2.jpeg
Not Found: /servicios/static/img/galeria3.jpg
Not Found: /servicios/static/img/galeria5.jpg
Not Found: /servicios/static/img/carousel/carousel3.jpeg
Not Found: /servicios/static/img/carousel/carousel.jpeg
Not Found: /servicios/static/img/galeria6.jpg
Not Found: /servicios/static/img/galeria7.jpg
Not Found: /productos/static/img/carousel/carousel.jpeg
Not Found: /productos/static/img/galeria5.jpg
Not Found: /productos/static/img/carousel/carousel3.jpeg
Not Found: /productos/static/img/galeria4.jpg
Not Found: /productos/static/img/carousel/carousel2.jpeg
Not Found: /productos/static/img/galeria3.jpg
Not Found: /productos/static/img/galeria6.jpg
Not Found: /productos/static/img/galeria7.jpg
Not Found: /servicios/static/img/galeria3.jpg
Not Found: /servicios/static/img/galeria4.jpg
Not Found: /servicios/static/img/carousel/carousel.jpeg
Not Found: /servicios/static/img/carousel/carousel2.jpeg
Not Found: /servicios/static/img/carousel/carousel3.jpeg
Not Found: /servicios/static/img/galeria5.jpg
Not Found: /servicios/static/img/galeria6.jpg
Not Found: /servicios/static/img/galeria7.jpg
[UID:2351][685765] Reached max children process limit: 6, extra: 2, current: 8, busy: 7, please increase LSAPI_CHILDREN.
[UID:2351][685765] Reached max children process limit: 6, extra: 2, current: 8, busy: 8, please increase LSAPI_CHILDREN.
[UID:2351][685765] Reached max children process limit: 6, extra: 2, current: 8, busy: 8, please increase LSAPI_CHILDREN.
[UID:2351][685765] Reached max children process limit: 6, extra: 2, current: 8, busy: 8, please increase LSAPI_CHILDREN.
[UID:2351][685765] Reached max children process limit: 6, extra: 2, current: 8, busy: 8, please increase LSAPI_CHILDREN.
[UID:2351][685765] Reached max children process limit: 6, extra: 2, current: 8, busy: 8, please increase LSAPI_CHILDREN.
[UID:2351][685765] Reached max children process limit: 6, extra: 2, current: 8, busy: 8, please increase LSAPI_CHILDREN.
[UID:2351][685765] Reached max children process limit: 6, extra: 2, current: 8, busy: 8, please increase LSAPI_CHILDREN.
[UID:2351][685765] Reached max children process limit: 6, extra: 2, current: 8, busy: 8, please increase LSAPI_CHILDREN.
[UID:2351][685765] Reached max children process limit: 6, extra: 2, current: 8, busy: 8, please increase LSAPI_CHILDREN.
[UID:2351][685765] Reached max children process limit: 6, extra: 2, current: 8, busy: 8, please increase LSAPI_CHILDREN.
[UID:2351][685765] Reached max children process limit: 6, extra: 2, current: 8, busy: 8, please increase LSAPI_CHILDREN.
[UID:2351][685765] Reached max children process limit: 6, extra: 2, current: 8, busy: 8, please increase LSAPI_CHILDREN.
[UID:2351][685765] Reached max children process limit: 6, extra: 2, current: 8, busy: 7, please increase LSAPI_CHILDREN.
[UID:2351][685765] Reached max children process limit: 6, extra: 2, current: 8, busy: 7, please increase LSAPI_CHILDREN.
[UID:2351][685765] Child process with pid: 685930 was killed by signal: 15, core dumped: no
OSError: LSAPI: File error
[UID:2351][749649] Child process with pid: 749659 was killed by signal: 15, core dumped: no
[UID:2351][749649] Child process with pid: 749667 was killed by signal: 15, core dumped: no
[UID:2351][749649] Child process with pid: 749668 was killed by signal: 15, core dumped: no
[UID:2351][749649] Child process with pid: 749670 was killed by signal: 15, core dumped: no
Not Found: /static/img/BannerFondoNaranja.png
Not Found: /static/img/BannerFondoNaranja.png
[UID:2351][843134] Child process with pid: 866697 was killed by signal: 15, core dumped: no
OSError: LSAPI: File error
OSError: LSAPI: File error
Not Found: /static/img/BannerFondoNaranja.png
Not Found: /.well-known/autoconfig/mail/config-v1.1.xml
Not Found: /autodiscover/autodiscover.xml
Not Found: /autodiscover/autodiscover.xml
[UID:2351][843134] Child process with pid: 914230 was killed by signal: 15, core dumped: no
[UID:2351][843134] Reached max children process limit: 6, extra: 2, current: 8, busy: 7, please increase LSAPI_CHILDREN.
[UID:2351][843134] Reached max children process limit: 6, extra: 2, current: 8, busy: 8, please increase LSAPI_CHILDREN.
[UID:2351][843134] Reached max children process limit: 6, extra: 2, current: 8, busy: 8, please increase LSAPI_CHILDREN.
[UID:2351][843134] Reached max children process limit: 6, extra: 2, current: 8, busy: 8, please increase LSAPI_CHILDREN.
[UID:2351][843134] Reached max children process limit: 6, extra: 2, current: 8, busy: 8, please increase LSAPI_CHILDREN.
[UID:2351][843134] Reached max children process limit: 6, extra: 2, current: 8, busy: 8, please increase LSAPI_CHILDREN.
[UID:2351][843134] Reached max children process limit: 6, extra: 2, current: 8, busy: 8, please increase LSAPI_CHILDREN.
[UID:2351][843134] Reached max children process limit: 6, extra: 2, current: 8, busy: 8, please increase LSAPI_CHILDREN.
[UID:2351][843134] Reached max children process limit: 6, extra: 2, current: 8, busy: 8, please increase LSAPI_CHILDREN.
[UID:2351][843134] Reached max children process limit: 6, extra: 2, current: 8, busy: 8, please increase LSAPI_CHILDREN.
[UID:2351][843134] Reached max children process limit: 6, extra: 2, current: 8, busy: 8, please increase LSAPI_CHILDREN.
[UID:2351][843134] Reached max children process limit: 6, extra: 2, current: 8, busy: 8, please increase LSAPI_CHILDREN.
[UID:2351][843134] Reached max children process limit: 6, extra: 2, current: 8, busy: 8, please increase LSAPI_CHILDREN.
[UID:2351][843134] Reached max children process limit: 6, extra: 2, current: 8, busy: 8, please increase LSAPI_CHILDREN.
[UID:2351][843134] Reached max children process limit: 6, extra: 2, current: 8, busy: 8, please increase LSAPI_CHILDREN.
[UID:2351][843134] Reached max children process limit: 6, extra: 2, current: 8, busy: 7, please increase LSAPI_CHILDREN.
[UID:2351][843134] Reached max children process limit: 6, extra: 2, current: 8, busy: 8, please increase LSAPI_CHILDREN.
[UID:2351][843134] Reached max children process limit: 6, extra: 2, current: 8, busy: 8, please increase LSAPI_CHILDREN.
[UID:2351][1990396] Child process with pid: 1990405 was killed by signal: 15, core dumped: no
OSError: LSAPI: File error
[UID:2351][2305952] Reached max children process limit: 6, extra: 2, current: 8, busy: 8, please increase LSAPI_CHILDREN.
Not Found: /manifest.json
Not Found: /manifest.json
Not Found: /manifest.json
[UID:2351][2305952] Reached max children process limit: 6, extra: 2, current: 8, busy: 7, please increase LSAPI_CHILDREN.
[UID:2351][2305952] Reached max children process limit: 6, extra: 2, current: 8, busy: 8, please increase LSAPI_CHILDREN.
[UID:2351][2305952] Reached max children process limit: 6, extra: 2, current: 8, busy: 8, please increase LSAPI_CHILDREN.
[UID:2351][2305952] Reached max children process limit: 6, extra: 2, current: 8, busy: 8, please increase LSAPI_CHILDREN.
Not Found: /manifest.json
Not Found: /manifest.json
Not Found: /manifest.json
Not Found: /quien/manifest.json
Not Found: /productos/static/img/carousel/carousel.jpeg
Not Found: /productos/static/img/galeria6.jpg
Not Found: /productos/static/img/galeria7.jpg
Not Found: /productos/static/img/carousel/carousel2.jpeg
Not Found: /productos/static/img/carousel/carousel3.jpeg
Not Found: /productos/static/img/galeria5.jpg
Not Found: /productos/static/img/galeria4.jpg
Not Found: /productos/static/img/galeria3.jpg
Not Found: /productos/manifest.json
[UID:2351][2347802] Reached max children process limit: 6, extra: 2, current: 8, busy: 7, please increase LSAPI_CHILDREN.
[UID:2351][2347802] Reached max children process limit: 6, extra: 2, current: 8, busy: 8, please increase LSAPI_CHILDREN.
Not Found: /servicios/static/img/carousel/carousel.jpeg
[UID:2351][2347802] Reached max children process limit: 6, extra: 2, current: 8, busy: 7, please increase LSAPI_CHILDREN.
Not Found: /servicios/static/img/galeria6.jpg
Not Found: /servicios/static/img/galeria7.jpg
[UID:2351][2347802] Reached max children process limit: 6, extra: 2, current: 8, busy: 7, please increase LSAPI_CHILDREN.
[UID:2351][2347802] Reached max children process limit: 6, extra: 2, current: 8, busy: 7, please increase LSAPI_CHILDREN.
[UID:2351][2347802] Reached max children process limit: 6, extra: 2, current: 8, busy: 7, please increase LSAPI_CHILDREN.
[UID:2351][2347802] Reached max children process limit: 6, extra: 2, current: 8, busy: 7, please increase LSAPI_CHILDREN.
Not Found: /servicios/static/img/galeria5.jpg
Not Found: /servicios/static/img/carousel/carousel2.jpeg
Not Found: /servicios/static/img/galeria4.jpg
[UID:2351][2347802] Reached max children process limit: 6, extra: 2, current: 8, busy: 8, please increase LSAPI_CHILDREN.
[UID:2351][2347802] Reached max children process limit: 6, extra: 2, current: 8, busy: 8, please increase LSAPI_CHILDREN.
[UID:2351][2347802] Reached max children process limit: 6, extra: 2, current: 8, busy: 8, please increase LSAPI_CHILDREN.
[UID:2351][2347802] Reached max children process limit: 6, extra: 2, current: 8, busy: 8, please increase LSAPI_CHILDREN.
[UID:2351][2347802] Reached max children process limit: 6, extra: 2, current: 8, busy: 8, please increase LSAPI_CHILDREN.
[UID:2351][2347802] Reached max children process limit: 6, extra: 2, current: 8, busy: 8, please increase LSAPI_CHILDREN.
[UID:2351][2347802] Reached max children process limit: 6, extra: 2, current: 8, busy: 8, please increase LSAPI_CHILDREN.
[UID:2351][2347802] Reached max children process limit: 6, extra: 2, current: 8, busy: 8, please increase LSAPI_CHILDREN.
[UID:2351][2347802] Reached max children process limit: 6, extra: 2, current: 8, busy: 8, please increase LSAPI_CHILDREN.
[UID:2351][2347802] Reached max children process limit: 6, extra: 2, current: 8, busy: 8, please increase LSAPI_CHILDREN.
[UID:2351][2347802] Reached max children process limit: 6, extra: 2, current: 8, busy: 8, please increase LSAPI_CHILDREN.
[UID:2351][2347802] Reached max children process limit: 6, extra: 2, current: 8, busy: 8, please increase LSAPI_CHILDREN.
[UID:2351][2347802] Reached max children process limit: 6, extra: 2, current: 8, busy: 8, please increase LSAPI_CHILDREN.
[UID:2351][2347802] Reached max children process limit: 6, extra: 2, current: 8, busy: 8, please increase LSAPI_CHILDREN.
[UID:2351][2347802] Reached max children process limit: 6, extra: 2, current: 8, busy: 8, please increase LSAPI_CHILDREN.
[UID:2351][2347802] Reached max children process limit: 6, extra: 2, current: 8, busy: 8, please increase LSAPI_CHILDREN.
[UID:2351][2347802] Reached max children process limit: 6, extra: 2, current: 8, busy: 8, please increase LSAPI_CHILDREN.
[UID:2351][2347802] Reached max children process limit: 6, extra: 2, current: 8, busy: 8, please increase LSAPI_CHILDREN.
[UID:2351][2347802] Reached max children process limit: 6, extra: 2, current: 8, busy: 8, please increase LSAPI_CHILDREN.
[UID:2351][2347802] Reached max children process limit: 6, extra: 2, current: 8, busy: 8, please increase LSAPI_CHILDREN.
[UID:2351][2347802] Reached max children process limit: 6, extra: 2, current: 8, busy: 7, please increase LSAPI_CHILDREN.
[UID:2351][2347802] Reached max children process limit: 6, extra: 2, current: 8, busy: 7, please increase LSAPI_CHILDREN.
[UID:2351][2347802] Reached max children process limit: 6, extra: 2, current: 8, busy: 7, please increase LSAPI_CHILDREN.
Not Found: /servicios/static/img/galeria3.jpg
Not Found: /servicios/static/img/carousel/carousel3.jpeg
Not Found: /servicios/manifest.json
Not Found: /manifest.json
[UID:2351][2347802] Reached max children process limit: 6, extra: 2, current: 8, busy: 7, please increase LSAPI_CHILDREN.
[UID:2351][2347802] Reached max children process limit: 6, extra: 2, current: 8, busy: 8, please increase LSAPI_CHILDREN.
[UID:2351][2347802] Reached max children process limit: 6, extra: 2, current: 8, busy: 8, please increase LSAPI_CHILDREN.
[UID:2351][2347802] Reached max children process limit: 6, extra: 2, current: 8, busy: 8, please increase LSAPI_CHILDREN.
[UID:2351][2347802] Reached max children process limit: 6, extra: 2, current: 8, busy: 8, please increase LSAPI_CHILDREN.
[UID:2351][2347802] Reached max children process limit: 6, extra: 2, current: 8, busy: 8, please increase LSAPI_CHILDREN.
[UID:2351][2347802] Reached max children process limit: 6, extra: 2, current: 8, busy: 8, please increase LSAPI_CHILDREN.
[UID:2351][2347802] Reached max children process limit: 6, extra: 2, current: 8, busy: 7, please increase LSAPI_CHILDREN.
[UID:2351][2347802] Reached max children process limit: 6, extra: 2, current: 8, busy: 8, please increase LSAPI_CHILDREN.
[UID:2351][2347802] Reached max children process limit: 6, extra: 2, current: 8, busy: 8, please increase LSAPI_CHILDREN.
Not Found: /manifest.json
Not Found: /manifest.json
Not Found: /manifest.json
[UID:2351][2604796] Reached max children process limit: 6, extra: 2, current: 8, busy: 7, please increase LSAPI_CHILDREN.
[UID:2351][2604796] Reached max children process limit: 6, extra: 2, current: 8, busy: 8, please increase LSAPI_CHILDREN.
[UID:2351][2604796] Reached max children process limit: 6, extra: 2, current: 8, busy: 8, please increase LSAPI_CHILDREN.
[UID:2351][2604796] Reached max children process limit: 6, extra: 2, current: 8, busy: 8, please increase LSAPI_CHILDREN.
[UID:2351][2604796] Reached max children process limit: 6, extra: 2, current: 8, busy: 8, please increase LSAPI_CHILDREN.
[UID:2351][2604796] Reached max children process limit: 6, extra: 2, current: 8, busy: 8, please increase LSAPI_CHILDREN.
[UID:2351][2604796] Reached max children process limit: 6, extra: 2, current: 8, busy: 8, please increase LSAPI_CHILDREN.
[UID:2351][2604796] Reached max children process limit: 6, extra: 2, current: 8, busy: 8, please increase LSAPI_CHILDREN.
[UID:2351][2604796] Reached max children process limit: 6, extra: 2, current: 8, busy: 8, please increase LSAPI_CHILDREN.
[UID:2351][2604796] Reached max children process limit: 6, extra: 2, current: 8, busy: 8, please increase LSAPI_CHILDREN.
[UID:2351][2604796] Reached max children process limit: 6, extra: 2, current: 8, busy: 8, please increase LSAPI_CHILDREN.
[UID:2351][2604796] Reached max children process limit: 6, extra: 2, current: 8, busy: 8, please increase LSAPI_CHILDREN.
[UID:2351][2604796] Reached max children process limit: 6, extra: 2, current: 8, busy: 8, please increase LSAPI_CHILDREN.
[UID:2351][2604796] Reached max children process limit: 6, extra: 2, current: 8, busy: 8, please increase LSAPI_CHILDREN.
[UID:2351][2604796] Reached max children process limit: 6, extra: 2, current: 8, busy: 8, please increase LSAPI_CHILDREN.
[UID:2351][2604796] Reached max children process limit: 6, extra: 2, current: 8, busy: 8, please increase LSAPI_CHILDREN.
[UID:2351][2604796] Reached max children process limit: 6, extra: 2, current: 8, busy: 8, please increase LSAPI_CHILDREN.
[UID:2351][2604796] Reached max children process limit: 6, extra: 2, current: 8, busy: 8, please increase LSAPI_CHILDREN.
[UID:2351][2604796] Reached max children process limit: 6, extra: 2, current: 8, busy: 8, please increase LSAPI_CHILDREN.
[UID:2351][2604796] Reached max children process limit: 6, extra: 2, current: 8, busy: 8, please increase LSAPI_CHILDREN.
[UID:2351][2604796] Reached max children process limit: 6, extra: 2, current: 8, busy: 8, please increase LSAPI_CHILDREN.
[UID:2351][2604796] Reached max children process limit: 6, extra: 2, current: 8, busy: 8, please increase LSAPI_CHILDREN.
[UID:2351][2604796] Reached max children process limit: 6, extra: 2, current: 8, busy: 8, please increase LSAPI_CHILDREN.
[UID:2351][2604796] Reached max children process limit: 6, extra: 2, current: 8, busy: 8, please increase LSAPI_CHILDREN.
[UID:2351][2604796] Reached max children process limit: 6, extra: 2, current: 8, busy: 7, please increase LSAPI_CHILDREN.
[UID:2351][2604796] Reached max children process limit: 6, extra: 2, current: 8, busy: 7, please increase LSAPI_CHILDREN.
[UID:2351][2604796] Reached max children process limit: 6, extra: 2, current: 8, busy: 7, please increase LSAPI_CHILDREN.
Not Found: /manifest.json
Not Found: /manifest.json
Not Found: /manifest.json
Not Found: /productos/static/img/carousel/carousel.jpeg
Not Found: /productos/static/img/carousel/carousel2.jpeg
Not Found: /productos/static/img/carousel/carousel3.jpeg
Not Found: /productos/static/img/galeria3.jpg
Not Found: /productos/static/img/galeria4.jpg
Not Found: /productos/static/img/galeria7.jpg
Not Found: /productos/static/img/galeria5.jpg
Not Found: /productos/static/img/galeria6.jpg
Not Found: /servicios/static/img/carousel/carousel.jpeg
Not Found: /servicios/static/img/carousel/carousel2.jpeg
Not Found: /servicios/static/img/galeria4.jpg
Not Found: /servicios/static/img/galeria6.jpg
Not Found: /servicios/static/img/galeria5.jpg
Not Found: /servicios/static/img/galeria7.jpg
Not Found: /servicios/static/img/carousel/carousel3.jpeg
Not Found: /servicios/static/img/galeria3.jpg
Not Found: /manifest.json
Not Found: /manifest.json
Not Found: /manifest.json
Not Found: /quien/manifest.json
Not Found: /quien/manifest.json
Not Found: /manifest.json
Not Found: /productos/static/img/carousel/carousel.jpeg
Not Found: /productos/static/img/carousel/carousel2.jpeg
Not Found: /productos/static/img/carousel/carousel3.jpeg
Not Found: /productos/static/img/galeria4.jpg
Not Found: /productos/static/img/galeria3.jpg
Not Found: /productos/static/img/galeria5.jpg
Not Found: /productos/static/img/galeria6.jpg
Not Found: /productos/static/img/galeria7.jpg
Not Found: /productos/manifest.json
Not Found: /manifest.json
OSError: LSAPI: File error
Not Found: /manifest.json
Not Found: /productos/static/img/carousel/carousel.jpeg
Not Found: /productos/static/img/carousel/carousel2.jpeg
Not Found: /productos/static/img/carousel/carousel3.jpeg
Not Found: /productos/static/img/galeria4.jpg
Not Found: /productos/static/img/galeria3.jpg
Not Found: /productos/static/img/galeria5.jpg
Not Found: /productos/static/img/galeria6.jpg
Not Found: /productos/static/img/galeria7.jpg
Not Found: /productos/manifest.json
Forbidden (CSRF cookie not set.): /productos/
Not Found: /favicon.ico
Forbidden (CSRF cookie not set.): /productos/
Not Found: /productos/static/img/galeria4.jpg
Not Found: /productos/static/img/galeria3.jpg
Not Found: /productos/static/img/carousel/carousel2.jpeg
Not Found: /productos/manifest.json
Not Found: /manifest.json
Not Found: /manifest.json
Not Found: /manifest.json
Not Found: /.well-known/autoconfig/mail/config-v1.1.xml
Not Found: /.well-known/autoconfig/mail/config-v1.1.xml
Not Found: /manifest.json
[UID:2351][1320727] Reached max children process limit: 6, extra: 2, current: 8, busy: 8, please increase LSAPI_CHILDREN.
[UID:2351][1320727] Reached max children process limit: 6, extra: 2, current: 8, busy: 8, please increase LSAPI_CHILDREN.
[UID:2351][1320727] Reached max children process limit: 6, extra: 2, current: 8, busy: 8, please increase LSAPI_CHILDREN.
[UID:2351][1320727] Reached max children process limit: 6, extra: 2, current: 8, busy: 8, please increase LSAPI_CHILDREN.
[UID:2351][1320727] Reached max children process limit: 6, extra: 2, current: 8, busy: 8, please increase LSAPI_CHILDREN.
[UID:2351][1320727] Reached max children process limit: 6, extra: 2, current: 8, busy: 8, please increase LSAPI_CHILDREN.
[UID:2351][1320727] Reached max children process limit: 6, extra: 2, current: 8, busy: 8, please increase LSAPI_CHILDREN.
[UID:2351][1320727] Reached max children process limit: 6, extra: 2, current: 8, busy: 8, please increase LSAPI_CHILDREN.
[UID:2351][1320727] Reached max children process limit: 6, extra: 2, current: 8, busy: 8, please increase LSAPI_CHILDREN.
[UID:2351][1320727] Reached max children process limit: 6, extra: 2, current: 8, busy: 8, please increase LSAPI_CHILDREN.
[UID:2351][1320727] Reached max children process limit: 6, extra: 2, current: 8, busy: 7, please increase LSAPI_CHILDREN.
[UID:2351][1320727] Reached max children process limit: 6, extra: 2, current: 8, busy: 7, please increase LSAPI_CHILDREN.
[UID:2351][1320727] Reached max children process limit: 6, extra: 2, current: 8, busy: 7, please increase LSAPI_CHILDREN.
Not Found: /manifest.json
Not Found: /manifest.json
Not Found: /manifest.json
Not Found: /humans.txt
Not Found: /ads.txt
Not Found: /manifest.json
Not Found: /manifest.json
Not Found: /quien/manifest.json
Not Found: /manifest.json
Not Found: /wp-json/
Not Found: /wp-json/
Not Found: /manifest.json
